# JRE version: Java(TM) SE Runtime Environment (8.0_131-b11) (build 1.8.0_131-b11)
# Java VM: Java HotSpot(TM) 64-Bit Server VM (25.131-b11 mixed mode bsd-amd64 compressed oops)
Heap:
 PSYoungGen      total 303104K, used 17364K [0x0000000795580000, 0x00000007ad000000, 0x00000007c0000000)
  eden space 289792K, 1% used [0x0000000795580000,0x0000000795982b58,0x00000007a7080000)
  from space 13312K, 99% used [0x00000007ac300000,0x00000007acff2578,0x00000007ad000000)
  to   space 36352K, 0% used [0x00000007a8900000,0x00000007a8900000,0x00000007aac80000)
 ParOldGen       total 212992K, used 167377K [0x0000000740000000, 0x000000074d000000, 0x0000000795580000)
  object space 212992K, 78% used [0x0000000740000000,0x000000074a374778,0x000000074d000000)
 Metaspace       used 101800K, capacity 117678K, committed 117784K, reserved 1150976K
  class space    used 12273K, capacity 16667K, committed 16688K, reserved 1048576K
GC Heap History (10 events):
Event: 21551.144 GC heap before
{Heap before GC invocations=42 (full 4):
 PSYoungGen      total 371200K, used 371005K [0x0000000795580000, 0x00000007b2c80000, 0x00000007c0000000)
  eden space 348672K, 100% used [0x0000000795580000,0x00000007aaa00000,0x00000007aaa00000)
  from space 22528K, 99% used [0x00000007af000000,0x00000007b05cf6b0,0x00000007b0600000)
  to   space 39424K, 0% used [0x00000007b0600000,0x00000007b0600000,0x00000007b2c80000)
 ParOldGen       total 212992K, used 163013K [0x0000000740000000, 0x000000074d000000, 0x0000000795580000)
  object space 212992K, 76% used [0x0000000740000000,0x0000000749f317b0,0x000000074d000000)
 Metaspace       used 101711K, capacity 117532K, committed 117784K, reserved 1150976K
  class space    used 12270K, capacity 16664K, committed 16688K, reserved 1048576K
Event: 21551.205 GC heap after
Heap after GC invocations=42 (full 4):
 PSYoungGen      total 358400K, used 22177K [0x0000000795580000, 0x00000007b1c00000, 0x00000007c0000000)
  eden space 335872K, 0% used [0x0000000795580000,0x0000000795580000,0x00000007a9d80000)
  from space 22528K, 98% used [0x00000007b0600000,0x00000007b1ba86e0,0x00000007b1c00000)
  to   space 38400K, 0% used [0x00000007ad100000,0x00000007ad100000,0x00000007af680000)
 ParOldGen       total 212992K, used 163021K [0x0000000740000000, 0x000000074d000000, 0x0000000795580000)
  object space 212992K, 76% used [0x0000000740000000,0x0000000749f337b0,0x000000074d000000)
 Metaspace       used 101711K, capacity 117532K, committed 117784K, reserved 1150976K
  class space    used 12270K, capacity 16664K, committed 16688K, reserved 1048576K
}
Event: 23741.294 GC heap before
{Heap before GC invocations=43 (full 4):
 PSYoungGen      total 358400K, used 358049K [0x0000000795580000, 0x00000007b1c00000, 0x00000007c0000000)
  eden space 335872K, 100% used [0x0000000795580000,0x00000007a9d80000,0x00000007a9d80000)
  from space 22528K, 98% used [0x00000007b0600000,0x00000007b1ba86e0,0x00000007b1c00000)
  to   space 38400K, 0% used [0x00000007ad100000,0x00000007ad100000,0x00000007af680000)
 ParOldGen       total 212992K, used 163021K [0x0000000740000000, 0x000000074d000000, 0x0000000795580000)
  object space 212992K, 76% used [0x0000000740000000,0x0000000749f337b0,0x000000074d000000)
 Metaspace       used 101729K, capacity 117538K, committed 117784K, reserved 1150976K
  class space    used 12271K, capacity 16665K, committed 16688K, reserved 1048576K
Event: 23741.458 GC heap after
Heap after GC invocations=43 (full 4):
 PSYoungGen      total 345088K, used 21094K [0x0000000795580000, 0x00000007b0680000, 0x00000007c0000000)
  eden space 323584K, 0% used [0x0000000795580000,0x0000000795580000,0x00000007a9180000)
  from space 21504K, 98% used [0x00000007ad100000,0x00000007ae5998a0,0x00000007ae600000)
  to   space 33280K, 0% used [0x00000007ae600000,0x00000007ae600000,0x00000007b0680000)
 ParOldGen       total 212992K, used 163584K [0x0000000740000000, 0x000000074d000000, 0x0000000795580000)
  object space 212992K, 76% used [0x0000000740000000,0x0000000749fc02f8,0x000000074d000000)
 Metaspace       used 101729K, capacity 117538K, committed 117784K, reserved 1150976K
  class space    used 12271K, capacity 16665K, committed 16688K, reserved 1048576K
}
Event: 25449.685 GC heap before
{Heap before GC invocations=44 (full 4):
 PSYoungGen      total 345088K, used 344678K [0x0000000795580000, 0x00000007b0680000, 0x00000007c0000000)
  eden space 323584K, 100% used [0x0000000795580000,0x00000007a9180000,0x00000007a9180000)
  from space 21504K, 98% used [0x00000007ad100000,0x00000007ae5998a0,0x00000007ae600000)
  to   space 33280K, 0% used [0x00000007ae600000,0x00000007ae600000,0x00000007b0680000)
 ParOldGen       total 212992K, used 163584K [0x0000000740000000, 0x000000074d000000, 0x0000000795580000)
  object space 212992K, 76% used [0x0000000740000000,0x0000000749fc02f8,0x000000074d000000)
 Metaspace       used 101761K, capacity 117608K, committed 117784K, reserved 1150976K
  class space    used 12271K, capacity 16666K, committed 16688K, reserved 1048576K
Event: 25449.839 GC heap after
Heap after GC invocations=44 (full 4):
 PSYoungGen      total 327168K, used 14904K [0x0000000795580000, 0x00000007af500000, 0x00000007c0000000)
  eden space 311808K, 0% used [0x0000000795580000,0x0000000795580000,0x00000007a8600000)
  from space 15360K, 97% used [0x00000007ae600000,0x00000007af48e088,0x00000007af500000)
  to   space 36864K, 0% used [0x00000007aad00000,0x00000007aad00000,0x00000007ad100000)
 ParOldGen       total 212992K, used 165335K [0x0000000740000000, 0x000000074d000000, 0x0000000795580000)
  object space 212992K, 77% used [0x0000000740000000,0x000000074a175dd0,0x000000074d000000)
 Metaspace       used 101761K, capacity 117608K, committed 117784K, reserved 1150976K
  class space    used 12271K, capacity 16666K, committed 16688K, reserved 1048576K
}
Event: 27279.448 GC heap before
{Heap before GC invocations=45 (full 4):
 PSYoungGen      total 327168K, used 326712K [0x0000000795580000, 0x00000007af500000, 0x00000007c0000000)
  eden space 311808K, 100% used [0x0000000795580000,0x00000007a8600000,0x00000007a8600000)
  from space 15360K, 97% used [0x00000007ae600000,0x00000007af48e088,0x00000007af500000)
  to   space 36864K, 0% used [0x00000007aad00000,0x00000007aad00000,0x00000007ad100000)
 ParOldGen       total 212992K, used 165335K [0x0000000740000000, 0x000000074d000000, 0x0000000795580000)
  object space 212992K, 77% used [0x0000000740000000,0x000000074a175dd0,0x000000074d000000)
 Metaspace       used 101764K, capacity 117608K, committed 117784K, reserved 1150976K
  class space    used 12271K, capacity 16666K, committed 16688K, reserved 1048576K
Event: 27279.525 GC heap after
Heap after GC invocations=45 (full 4):
 PSYoungGen      total 315904K, used 15089K [0x0000000795580000, 0x00000007ae680000, 0x00000007c0000000)
  eden space 300544K, 0% used [0x0000000795580000,0x0000000795580000,0x00000007a7b00000)
  from space 15360K, 98% used [0x00000007aad00000,0x00000007abbbc650,0x00000007abc00000)
  to   space 36352K, 0% used [0x00000007ac300000,0x00000007ac300000,0x00000007ae680000)
 ParOldGen       total 212992K, used 165735K [0x0000000740000000, 0x000000074d000000, 0x0000000795580000)
  object space 212992K, 77% used [0x0000000740000000,0x000000074a1d9dd0,0x000000074d000000)
 Metaspace       used 101764K, capacity 117608K, committed 117784K, reserved 1150976K
  class space    used 12271K, capacity 16666K, committed 16688K, reserved 1048576K
}
Event: 33051.498 GC heap before
{Heap before GC invocations=46 (full 4):
 PSYoungGen      total 315904K, used 315633K [0x0000000795580000, 0x00000007ae680000, 0x00000007c0000000)
  eden space 300544K, 100% used [0x0000000795580000,0x00000007a7b00000,0x00000007a7b00000)
  from space 15360K, 98% used [0x00000007aad00000,0x00000007abbbc650,0x00000007abc00000)
  to   space 36352K, 0% used [0x00000007ac300000,0x00000007ac300000,0x00000007ae680000)
 ParOldGen       total 212992K, used 165735K [0x0000000740000000, 0x000000074d000000, 0x0000000795580000)
  object space 212992K, 77% used [0x0000000740000000,0x000000074a1d9dd0,0x000000074d000000)
 Metaspace       used 101800K, capacity 117678K, committed 117784K, reserved 1150976K
  class space    used 12273K, capacity 16667K, committed 16688K, reserved 1048576K
Event: 33051.698 GC heap after
Heap after GC invocations=46 (full 4):
 PSYoungGen      total 303104K, used 13257K [0x0000000795580000, 0x00000007ad000000, 0x00000007c0000000)
  eden space 289792K, 0% used [0x0000000795580000,0x0000000795580000,0x00000007a7080000)
  from space 13312K, 99% used [0x00000007ac300000,0x00000007acff2578,0x00000007ad000000)
  to   space 36352K, 0% used [0x00000007a8900000,0x00000007a8900000,0x00000007aac80000)
 ParOldGen       total 212992K, used 167377K [0x0000000740000000, 0x000000074d000000, 0x0000000795580000)
  object space 212992K, 78% used [0x0000000740000000,0x000000074a374778,0x000000074d000000)
 Metaspace       used 101800K, capacity 117678K, committed 117784K, reserved 1150976K
  class space    used 12273K, capacity 16667K, committed 16688K, reserved 1048576K
}

