# JRE version: Java(TM) SE Runtime Environment (8.0_131-b11) (build 1.8.0_131-b11)
# Java VM: Java HotSpot(TM) 64-Bit Server VM (25.131-b11 mixed mode bsd-amd64 compressed oops)
Heap:
 PSYoungGen      total 78848K, used 8044K [0x0000000795580000, 0x000000079ac80000, 0x00000007c0000000)
  eden space 70656K, 0% used [0x0000000795580000,0x0000000795598500,0x0000000799a80000)
  from space 8192K, 97% used [0x0000000799b80000,0x000000079a342df0,0x000000079a380000)
  to   space 9216K, 0% used [0x000000079a380000,0x000000079a380000,0x000000079ac80000)
 ParOldGen       total 257536K, used 167285K [0x0000000740000000, 0x000000074fb80000, 0x0000000795580000)
  object space 257536K, 64% used [0x0000000740000000,0x000000074a35d5f0,0x000000074fb80000)
 Metaspace       used 112412K, capacity 126933K, committed 127272K, reserved 1159168K
  class space    used 13351K, capacity 17339K, committed 17456K, reserved 1048576K
GC Heap History (10 events):
Event: 39871.205 GC heap before
{Heap before GC invocations=179 (full 4):
 PSYoungGen      total 71168K, used 67074K [0x0000000795580000, 0x000000079a580000, 0x00000007c0000000)
  eden space 63488K, 100% used [0x0000000795580000,0x0000000799380000,0x0000000799380000)
  from space 7680K, 46% used [0x0000000799e00000,0x000000079a180940,0x000000079a580000)
  to   space 9216K, 0% used [0x0000000799380000,0x0000000799380000,0x0000000799c80000)
 ParOldGen       total 257536K, used 162430K [0x0000000740000000, 0x000000074fb80000, 0x0000000795580000)
  object space 257536K, 63% used [0x0000000740000000,0x0000000749e9fbe0,0x000000074fb80000)
 Metaspace       used 112401K, capacity 126933K, committed 127272K, reserved 1159168K
  class space    used 13350K, capacity 17339K, committed 17456K, reserved 1048576K
Event: 39871.327 GC heap after
Heap after GC invocations=179 (full 4):
 PSYoungGen      total 72704K, used 3881K [0x0000000795580000, 0x000000079aa00000, 0x00000007c0000000)
  eden space 63488K, 0% used [0x0000000795580000,0x0000000795580000,0x0000000799380000)
  from space 9216K, 42% used [0x0000000799380000,0x000000079974a600,0x0000000799c80000)
  to   space 8704K, 0% used [0x000000079a180000,0x000000079a180000,0x000000079aa00000)
 ParOldGen       total 257536K, used 162462K [0x0000000740000000, 0x000000074fb80000, 0x0000000795580000)
  object space 257536K, 63% used [0x0000000740000000,0x0000000749ea7be0,0x000000074fb80000)
 Metaspace       used 112401K, capacity 126933K, committed 127272K, reserved 1159168K
  class space    used 13350K, capacity 17339K, committed 17456K, reserved 1048576K
}
Event: 40534.677 GC heap before
{Heap before GC invocations=180 (full 4):
 PSYoungGen      total 72704K, used 67369K [0x0000000795580000, 0x000000079aa00000, 0x00000007c0000000)
  eden space 63488K, 100% used [0x0000000795580000,0x0000000799380000,0x0000000799380000)
  from space 9216K, 42% used [0x0000000799380000,0x000000079974a600,0x0000000799c80000)
  to   space 8704K, 0% used [0x000000079a180000,0x000000079a180000,0x000000079aa00000)
 ParOldGen       total 257536K, used 162462K [0x0000000740000000, 0x000000074fb80000, 0x0000000795580000)
  object space 257536K, 63% used [0x0000000740000000,0x0000000749ea7be0,0x000000074fb80000)
 Metaspace       used 112401K, capacity 126933K, committed 127272K, reserved 1159168K
  class space    used 13350K, capacity 17339K, committed 17456K, reserved 1048576K
Event: 40534.889 GC heap after
Heap after GC invocations=180 (full 4):
 PSYoungGen      total 75776K, used 3785K [0x0000000795580000, 0x000000079a900000, 0x00000007c0000000)
  eden space 68096K, 0% used [0x0000000795580000,0x0000000795580000,0x0000000799800000)
  from space 7680K, 49% used [0x000000079a180000,0x000000079a5325f0,0x000000079a900000)
  to   space 8704K, 0% used [0x0000000799800000,0x0000000799800000,0x000000079a080000)
 ParOldGen       total 257536K, used 162462K [0x0000000740000000, 0x000000074fb80000, 0x0000000795580000)
  object space 257536K, 63% used [0x0000000740000000,0x0000000749ea7be0,0x000000074fb80000)
 Metaspace       used 112401K, capacity 126933K, committed 127272K, reserved 1159168K
  class space    used 13350K, capacity 17339K, committed 17456K, reserved 1048576K
}
Event: 43030.021 GC heap before
{Heap before GC invocations=181 (full 4):
 PSYoungGen      total 75776K, used 71881K [0x0000000795580000, 0x000000079a900000, 0x00000007c0000000)
  eden space 68096K, 100% used [0x0000000795580000,0x0000000799800000,0x0000000799800000)
  from space 7680K, 49% used [0x000000079a180000,0x000000079a5325f0,0x000000079a900000)
  to   space 8704K, 0% used [0x0000000799800000,0x0000000799800000,0x000000079a080000)
 ParOldGen       total 257536K, used 162462K [0x0000000740000000, 0x000000074fb80000, 0x0000000795580000)
  object space 257536K, 63% used [0x0000000740000000,0x0000000749ea7be0,0x000000074fb80000)
 Metaspace       used 112401K, capacity 126933K, committed 127272K, reserved 1159168K
  class space    used 13350K, capacity 17339K, committed 17456K, reserved 1048576K
Event: 43030.146 GC heap after
Heap after GC invocations=181 (full 4):
 PSYoungGen      total 76800K, used 3709K [0x0000000795580000, 0x000000079ac00000, 0x00000007c0000000)
  eden space 68096K, 0% used [0x0000000795580000,0x0000000795580000,0x0000000799800000)
  from space 8704K, 42% used [0x0000000799800000,0x0000000799b9f620,0x000000079a080000)
  to   space 8192K, 0% used [0x000000079a400000,0x000000079a400000,0x000000079ac00000)
 ParOldGen       total 257536K, used 162518K [0x0000000740000000, 0x000000074fb80000, 0x0000000795580000)
  object space 257536K, 63% used [0x0000000740000000,0x0000000749eb5be0,0x000000074fb80000)
 Metaspace       used 112401K, capacity 126933K, committed 127272K, reserved 1159168K
  class space    used 13350K, capacity 17339K, committed 17456K, reserved 1048576K
}
Event: 45406.836 GC heap before
{Heap before GC invocations=182 (full 4):
 PSYoungGen      total 76800K, used 71805K [0x0000000795580000, 0x000000079ac00000, 0x00000007c0000000)
  eden space 68096K, 100% used [0x0000000795580000,0x0000000799800000,0x0000000799800000)
  from space 8704K, 42% used [0x0000000799800000,0x0000000799b9f620,0x000000079a080000)
  to   space 8192K, 0% used [0x000000079a400000,0x000000079a400000,0x000000079ac00000)
 ParOldGen       total 257536K, used 162518K [0x0000000740000000, 0x000000074fb80000, 0x0000000795580000)
  object space 257536K, 63% used [0x0000000740000000,0x0000000749eb5be0,0x000000074fb80000)
 Metaspace       used 112407K, capacity 126933K, committed 127272K, reserved 1159168K
  class space    used 13350K, capacity 17339K, committed 17456K, reserved 1048576K
Event: 45406.998 GC heap after
Heap after GC invocations=182 (full 4):
 PSYoungGen      total 79360K, used 3220K [0x0000000795580000, 0x000000079ab80000, 0x00000007c0000000)
  eden space 71680K, 0% used [0x0000000795580000,0x0000000795580000,0x0000000799b80000)
  from space 7680K, 41% used [0x000000079a400000,0x000000079a725390,0x000000079ab80000)
  to   space 8192K, 0% used [0x0000000799b80000,0x0000000799b80000,0x000000079a380000)
 ParOldGen       total 257536K, used 162526K [0x0000000740000000, 0x000000074fb80000, 0x0000000795580000)
  object space 257536K, 63% used [0x0000000740000000,0x0000000749eb7be0,0x000000074fb80000)
 Metaspace       used 112407K, capacity 126933K, committed 127272K, reserved 1159168K
  class space    used 13350K, capacity 17339K, committed 17456K, reserved 1048576K
}
Event: 50874.062 GC heap before
{Heap before GC invocations=183 (full 4):
 PSYoungGen      total 79360K, used 74900K [0x0000000795580000, 0x000000079ab80000, 0x00000007c0000000)
  eden space 71680K, 100% used [0x0000000795580000,0x0000000799b80000,0x0000000799b80000)
  from space 7680K, 41% used [0x000000079a400000,0x000000079a725390,0x000000079ab80000)
  to   space 8192K, 0% used [0x0000000799b80000,0x0000000799b80000,0x000000079a380000)
 ParOldGen       total 257536K, used 162526K [0x0000000740000000, 0x000000074fb80000, 0x0000000795580000)
  object space 257536K, 63% used [0x0000000740000000,0x0000000749eb7be0,0x000000074fb80000)
 Metaspace       used 112412K, capacity 126933K, committed 127272K, reserved 1159168K
  class space    used 13351K, capacity 17339K, committed 17456K, reserved 1048576K
Event: 50874.267 GC heap after
Heap after GC invocations=183 (full 4):
 PSYoungGen      total 78848K, used 7947K [0x0000000795580000, 0x000000079ac80000, 0x00000007c0000000)
  eden space 70656K, 0% used [0x0000000795580000,0x0000000795580000,0x0000000799a80000)
  from space 8192K, 97% used [0x0000000799b80000,0x000000079a342df0,0x000000079a380000)
  to   space 9216K, 0% used [0x000000079a380000,0x000000079a380000,0x000000079ac80000)
 ParOldGen       total 257536K, used 167285K [0x0000000740000000, 0x000000074fb80000, 0x0000000795580000)
  object space 257536K, 64% used [0x0000000740000000,0x000000074a35d5f0,0x000000074fb80000)
 Metaspace       used 112412K, capacity 126933K, committed 127272K, reserved 1159168K
  class space    used 13351K, capacity 17339K, committed 17456K, reserved 1048576K
}

