# JRE version: Java(TM) SE Runtime Environment (8.0_131-b11) (build 1.8.0_131-b11)
# Java VM: Java HotSpot(TM) 64-Bit Server VM (25.131-b11 mixed mode bsd-amd64 compressed oops)
Heap:
 PSYoungGen      total 248832K, used 24760K [0x0000000795580000, 0x00000007a8e00000, 0x00000007c0000000)
  eden space 235008K, 4% used [0x0000000795580000,0x00000007960a5bd0,0x00000007a3b00000)
  from space 13824K, 96% used [0x00000007a3b00000,0x00000007a48086c8,0x00000007a4880000)
  to   space 41984K, 0% used [0x00000007a6500000,0x00000007a6500000,0x00000007a8e00000)
 ParOldGen       total 446976K, used 218704K [0x0000000740000000, 0x000000075b480000, 0x0000000795580000)
  object space 446976K, 48% used [0x0000000740000000,0x000000074d594058,0x000000075b480000)
 Metaspace       used 105049K, capacity 119335K, committed 119576K, reserved 1153024K
  class space    used 12700K, capacity 16615K, committed 16672K, reserved 1048576K
GC Heap History (10 events):
Event: 18880.264 GC heap before
{Heap before GC invocations=42 (full 5):
 PSYoungGen      total 279040K, used 246581K [0x0000000795580000, 0x00000007a9780000, 0x00000007c0000000)
  eden space 232448K, 99% used [0x0000000795580000,0x00000007a385f130,0x00000007a3880000)
  from space 46592K, 30% used [0x00000007a6a00000,0x00000007a77ee4d0,0x00000007a9780000)
  to   space 48640K, 0% used [0x00000007a3880000,0x00000007a3880000,0x00000007a6800000)
 ParOldGen       total 446976K, used 218688K [0x0000000740000000, 0x000000075b480000, 0x0000000795580000)
  object space 446976K, 48% used [0x0000000740000000,0x000000074d590058,0x000000075b480000)
 Metaspace       used 104733K, capacity 119059K, committed 119320K, reserved 1153024K
  class space    used 12687K, capacity 16613K, committed 16672K, reserved 1048576K
Event: 18880.363 GC heap after
Heap after GC invocations=42 (full 5):
 PSYoungGen      total 281088K, used 13176K [0x0000000795580000, 0x00000007a9680000, 0x00000007c0000000)
  eden space 232448K, 0% used [0x0000000795580000,0x0000000795580000,0x00000007a3880000)
  from space 48640K, 27% used [0x00000007a3880000,0x00000007a455e070,0x00000007a6800000)
  to   space 47104K, 0% used [0x00000007a6880000,0x00000007a6880000,0x00000007a9680000)
 ParOldGen       total 446976K, used 218696K [0x0000000740000000, 0x000000075b480000, 0x0000000795580000)
  object space 446976K, 48% used [0x0000000740000000,0x000000074d592058,0x000000075b480000)
 Metaspace       used 104733K, capacity 119059K, committed 119320K, reserved 1153024K
  class space    used 12687K, capacity 16613K, committed 16672K, reserved 1048576K
}
Event: 20998.207 GC heap before
{Heap before GC invocations=43 (full 5):
 PSYoungGen      total 281088K, used 245624K [0x0000000795580000, 0x00000007a9680000, 0x00000007c0000000)
  eden space 232448K, 100% used [0x0000000795580000,0x00000007a3880000,0x00000007a3880000)
  from space 48640K, 27% used [0x00000007a3880000,0x00000007a455e070,0x00000007a6800000)
  to   space 47104K, 0% used [0x00000007a6880000,0x00000007a6880000,0x00000007a9680000)
 ParOldGen       total 446976K, used 218696K [0x0000000740000000, 0x000000075b480000, 0x0000000795580000)
  object space 446976K, 48% used [0x0000000740000000,0x000000074d592058,0x000000075b480000)
 Metaspace       used 104851K, capacity 119137K, committed 119320K, reserved 1153024K
  class space    used 12692K, capacity 16614K, committed 16672K, reserved 1048576K
Event: 20998.320 GC heap after
Heap after GC invocations=43 (full 5):
 PSYoungGen      total 279552K, used 7032K [0x0000000795580000, 0x00000007a9500000, 0x00000007c0000000)
  eden space 233984K, 0% used [0x0000000795580000,0x0000000795580000,0x00000007a3a00000)
  from space 45568K, 15% used [0x00000007a6880000,0x00000007a6f5e0c8,0x00000007a9500000)
  to   space 46592K, 0% used [0x00000007a3a00000,0x00000007a3a00000,0x00000007a6780000)
 ParOldGen       total 446976K, used 218704K [0x0000000740000000, 0x000000075b480000, 0x0000000795580000)
  object space 446976K, 48% used [0x0000000740000000,0x000000074d594058,0x000000075b480000)
 Metaspace       used 104851K, capacity 119137K, committed 119320K, reserved 1153024K
  class space    used 12692K, capacity 16614K, committed 16672K, reserved 1048576K
}
Event: 24604.682 GC heap before
{Heap before GC invocations=44 (full 5):
 PSYoungGen      total 279552K, used 241016K [0x0000000795580000, 0x00000007a9500000, 0x00000007c0000000)
  eden space 233984K, 100% used [0x0000000795580000,0x00000007a3a00000,0x00000007a3a00000)
  from space 45568K, 15% used [0x00000007a6880000,0x00000007a6f5e0c8,0x00000007a9500000)
  to   space 46592K, 0% used [0x00000007a3a00000,0x00000007a3a00000,0x00000007a6780000)
 ParOldGen       total 446976K, used 218704K [0x0000000740000000, 0x000000075b480000, 0x0000000795580000)
  object space 446976K, 48% used [0x0000000740000000,0x000000074d594058,0x000000075b480000)
 Metaspace       used 104887K, capacity 119143K, committed 119320K, reserved 1153024K
  class space    used 12693K, capacity 16615K, committed 16672K, reserved 1048576K
Event: 24604.961 GC heap after
Heap after GC invocations=44 (full 5):
 PSYoungGen      total 280576K, used 7251K [0x0000000795580000, 0x00000007a9580000, 0x00000007c0000000)
  eden space 233984K, 0% used [0x0000000795580000,0x0000000795580000,0x00000007a3a00000)
  from space 46592K, 15% used [0x00000007a3a00000,0x00000007a4114fb8,0x00000007a6780000)
  to   space 46080K, 0% used [0x00000007a6880000,0x00000007a6880000,0x00000007a9580000)
 ParOldGen       total 446976K, used 218704K [0x0000000740000000, 0x000000075b480000, 0x0000000795580000)
  object space 446976K, 48% used [0x0000000740000000,0x000000074d594058,0x000000075b480000)
 Metaspace       used 104887K, capacity 119143K, committed 119320K, reserved 1153024K
  class space    used 12693K, capacity 16615K, committed 16672K, reserved 1048576K
}
Event: 27527.699 GC heap before
{Heap before GC invocations=45 (full 5):
 PSYoungGen      total 280576K, used 241235K [0x0000000795580000, 0x00000007a9580000, 0x00000007c0000000)
  eden space 233984K, 100% used [0x0000000795580000,0x00000007a3a00000,0x00000007a3a00000)
  from space 46592K, 15% used [0x00000007a3a00000,0x00000007a4114fb8,0x00000007a6780000)
  to   space 46080K, 0% used [0x00000007a6880000,0x00000007a6880000,0x00000007a9580000)
 ParOldGen       total 446976K, used 218704K [0x0000000740000000, 0x000000075b480000, 0x0000000795580000)
  object space 446976K, 48% used [0x0000000740000000,0x000000074d594058,0x000000075b480000)
 Metaspace       used 105003K, capacity 119335K, committed 119576K, reserved 1153024K
  class space    used 12698K, capacity 16615K, committed 16672K, reserved 1048576K
Event: 27527.971 GC heap after
Heap after GC invocations=45 (full 5):
 PSYoungGen      total 276480K, used 12555K [0x0000000795580000, 0x00000007a9100000, 0x00000007c0000000)
  eden space 235008K, 0% used [0x0000000795580000,0x0000000795580000,0x00000007a3b00000)
  from space 41472K, 30% used [0x00000007a6880000,0x00000007a74c2ce8,0x00000007a9100000)
  to   space 44032K, 0% used [0x00000007a3b00000,0x00000007a3b00000,0x00000007a6600000)
 ParOldGen       total 446976K, used 218704K [0x0000000740000000, 0x000000075b480000, 0x0000000795580000)
  object space 446976K, 48% used [0x0000000740000000,0x000000074d594058,0x000000075b480000)
 Metaspace       used 105003K, capacity 119335K, committed 119576K, reserved 1153024K
  class space    used 12698K, capacity 16615K, committed 16672K, reserved 1048576K
}
Event: 35719.306 GC heap before
{Heap before GC invocations=46 (full 5):
 PSYoungGen      total 276480K, used 247563K [0x0000000795580000, 0x00000007a9100000, 0x00000007c0000000)
  eden space 235008K, 100% used [0x0000000795580000,0x00000007a3b00000,0x00000007a3b00000)
  from space 41472K, 30% used [0x00000007a6880000,0x00000007a74c2ce8,0x00000007a9100000)
  to   space 44032K, 0% used [0x00000007a3b00000,0x00000007a3b00000,0x00000007a6600000)
 ParOldGen       total 446976K, used 218704K [0x0000000740000000, 0x000000075b480000, 0x0000000795580000)
  object space 446976K, 48% used [0x0000000740000000,0x000000074d594058,0x000000075b480000)
 Metaspace       used 105049K, capacity 119335K, committed 119576K, reserved 1153024K
  class space    used 12700K, capacity 16615K, committed 16672K, reserved 1048576K
Event: 35719.480 GC heap after
Heap after GC invocations=46 (full 5):
 PSYoungGen      total 248832K, used 13345K [0x0000000795580000, 0x00000007a8e00000, 0x00000007c0000000)
  eden space 235008K, 0% used [0x0000000795580000,0x0000000795580000,0x00000007a3b00000)
  from space 13824K, 96% used [0x00000007a3b00000,0x00000007a48086c8,0x00000007a4880000)
  to   space 41984K, 0% used [0x00000007a6500000,0x00000007a6500000,0x00000007a8e00000)
 ParOldGen       total 446976K, used 218704K [0x0000000740000000, 0x000000075b480000, 0x0000000795580000)
  object space 446976K, 48% used [0x0000000740000000,0x000000074d594058,0x000000075b480000)
 Metaspace       used 105049K, capacity 119335K, committed 119576K, reserved 1153024K
  class space    used 12700K, capacity 16615K, committed 16672K, reserved 1048576K
}

