# JRE version: Java(TM) SE Runtime Environment (8.0_131-b11) (build 1.8.0_131-b11)
# Java VM: Java HotSpot(TM) 64-Bit Server VM (25.131-b11 mixed mode bsd-amd64 compressed oops)
Heap:
 PSYoungGen      total 56832K, used 10615K [0x0000000795580000, 0x000000079a180000, 0x00000007c0000000)
  eden space 52224K, 11% used [0x0000000795580000,0x0000000795b61d08,0x0000000798880000)
  from space 4608K, 99% used [0x0000000798900000,0x0000000798d7c010,0x0000000798d80000)
  to   space 12800K, 0% used [0x0000000799500000,0x0000000799500000,0x000000079a180000)
 ParOldGen       total 247296K, used 230424K [0x0000000740000000, 0x000000074f180000, 0x0000000795580000)
  object space 247296K, 93% used [0x0000000740000000,0x000000074e106250,0x000000074f180000)
 Metaspace       used 117462K, capacity 132831K, committed 132992K, reserved 1165312K
  class space    used 13585K, capacity 17760K, committed 17792K, reserved 1048576K
GC Heap History (10 events):
Event: 72757.687 GC heap before
{Heap before GC invocations=223 (full 4):
 PSYoungGen      total 66560K, used 64943K [0x0000000795580000, 0x000000079a480000, 0x00000007c0000000)
  eden space 54784K, 100% used [0x0000000795580000,0x0000000798b00000,0x0000000798b00000)
  from space 11776K, 86% used [0x0000000799780000,0x000000079a16bfa0,0x000000079a300000)
  to   space 12800K, 0% used [0x0000000798b00000,0x0000000798b00000,0x0000000799780000)
 ParOldGen       total 247296K, used 230280K [0x0000000740000000, 0x000000074f180000, 0x0000000795580000)
  object space 247296K, 93% used [0x0000000740000000,0x000000074e0e2250,0x000000074f180000)
 Metaspace       used 117457K, capacity 132823K, committed 132992K, reserved 1165312K
  class space    used 13585K, capacity 17760K, committed 17792K, reserved 1048576K
Event: 72757.907 GC heap after
Heap after GC invocations=223 (full 4):
 PSYoungGen      total 67072K, used 10459K [0x0000000795580000, 0x000000079a580000, 0x00000007c0000000)
  eden space 54272K, 0% used [0x0000000795580000,0x0000000795580000,0x0000000798a80000)
  from space 12800K, 81% used [0x0000000798b00000,0x0000000799536c90,0x0000000799780000)
  to   space 13824K, 0% used [0x0000000799800000,0x0000000799800000,0x000000079a580000)
 ParOldGen       total 247296K, used 230312K [0x0000000740000000, 0x000000074f180000, 0x0000000795580000)
  object space 247296K, 93% used [0x0000000740000000,0x000000074e0ea250,0x000000074f180000)
 Metaspace       used 117457K, capacity 132823K, committed 132992K, reserved 1165312K
  class space    used 13585K, capacity 17760K, committed 17792K, reserved 1048576K
}
Event: 73925.219 GC heap before
{Heap before GC invocations=224 (full 4):
 PSYoungGen      total 67072K, used 64731K [0x0000000795580000, 0x000000079a580000, 0x00000007c0000000)
  eden space 54272K, 100% used [0x0000000795580000,0x0000000798a80000,0x0000000798a80000)
  from space 12800K, 81% used [0x0000000798b00000,0x0000000799536c90,0x0000000799780000)
  to   space 13824K, 0% used [0x0000000799800000,0x0000000799800000,0x000000079a580000)
 ParOldGen       total 247296K, used 230312K [0x0000000740000000, 0x000000074f180000, 0x0000000795580000)
  object space 247296K, 93% used [0x0000000740000000,0x000000074e0ea250,0x000000074f180000)
 Metaspace       used 117457K, capacity 132823K, committed 132992K, reserved 1165312K
  class space    used 13585K, capacity 17760K, committed 17792K, reserved 1048576K
Event: 73925.352 GC heap after
Heap after GC invocations=224 (full 4):
 PSYoungGen      total 66048K, used 4032K [0x0000000795580000, 0x000000079a400000, 0x00000007c0000000)
  eden space 53760K, 0% used [0x0000000795580000,0x0000000795580000,0x0000000798a00000)
  from space 12288K, 32% used [0x0000000799800000,0x0000000799bf0000,0x000000079a400000)
  to   space 13312K, 0% used [0x0000000798a00000,0x0000000798a00000,0x0000000799700000)
 ParOldGen       total 247296K, used 230344K [0x0000000740000000, 0x000000074f180000, 0x0000000795580000)
  object space 247296K, 93% used [0x0000000740000000,0x000000074e0f2250,0x000000074f180000)
 Metaspace       used 117457K, capacity 132823K, committed 132992K, reserved 1165312K
  class space    used 13585K, capacity 17760K, committed 17792K, reserved 1048576K
}
Event: 75793.070 GC heap before
{Heap before GC invocations=225 (full 4):
 PSYoungGen      total 66048K, used 57792K [0x0000000795580000, 0x000000079a400000, 0x00000007c0000000)
  eden space 53760K, 100% used [0x0000000795580000,0x0000000798a00000,0x0000000798a00000)
  from space 12288K, 32% used [0x0000000799800000,0x0000000799bf0000,0x000000079a400000)
  to   space 13312K, 0% used [0x0000000798a00000,0x0000000798a00000,0x0000000799700000)
 ParOldGen       total 247296K, used 230344K [0x0000000740000000, 0x000000074f180000, 0x0000000795580000)
  object space 247296K, 93% used [0x0000000740000000,0x000000074e0f2250,0x000000074f180000)
 Metaspace       used 117457K, capacity 132823K, committed 132992K, reserved 1165312K
  class space    used 13585K, capacity 17760K, committed 17792K, reserved 1048576K
Event: 75793.233 GC heap after
Heap after GC invocations=225 (full 4):
 PSYoungGen      total 57344K, used 3730K [0x0000000795580000, 0x000000079a380000, 0x00000007c0000000)
  eden space 53248K, 0% used [0x0000000795580000,0x0000000795580000,0x0000000798980000)
  from space 4096K, 91% used [0x0000000798a00000,0x0000000798da4b58,0x0000000798e00000)
  to   space 13312K, 0% used [0x0000000799680000,0x0000000799680000,0x000000079a380000)
 ParOldGen       total 247296K, used 230376K [0x0000000740000000, 0x000000074f180000, 0x0000000795580000)
  object space 247296K, 93% used [0x0000000740000000,0x000000074e0fa250,0x000000074f180000)
 Metaspace       used 117457K, capacity 132823K, committed 132992K, reserved 1165312K
  class space    used 13585K, capacity 17760K, committed 17792K, reserved 1048576K
}
Event: 79676.827 GC heap before
{Heap before GC invocations=226 (full 4):
 PSYoungGen      total 57344K, used 56978K [0x0000000795580000, 0x000000079a380000, 0x00000007c0000000)
  eden space 53248K, 100% used [0x0000000795580000,0x0000000798980000,0x0000000798980000)
  from space 4096K, 91% used [0x0000000798a00000,0x0000000798da4b58,0x0000000798e00000)
  to   space 13312K, 0% used [0x0000000799680000,0x0000000799680000,0x000000079a380000)
 ParOldGen       total 247296K, used 230376K [0x0000000740000000, 0x000000074f180000, 0x0000000795580000)
  object space 247296K, 93% used [0x0000000740000000,0x000000074e0fa250,0x000000074f180000)
 Metaspace       used 117459K, capacity 132831K, committed 132992K, reserved 1165312K
  class space    used 13585K, capacity 17760K, committed 17792K, reserved 1048576K
Event: 79676.990 GC heap after
Heap after GC invocations=226 (full 4):
 PSYoungGen      total 65536K, used 3618K [0x0000000795580000, 0x000000079a300000, 0x00000007c0000000)
  eden space 52736K, 0% used [0x0000000795580000,0x0000000795580000,0x0000000798900000)
  from space 12800K, 28% used [0x0000000799680000,0x0000000799a08b48,0x000000079a300000)
  to   space 13312K, 0% used [0x0000000798900000,0x0000000798900000,0x0000000799600000)
 ParOldGen       total 247296K, used 230400K [0x0000000740000000, 0x000000074f180000, 0x0000000795580000)
  object space 247296K, 93% used [0x0000000740000000,0x000000074e100250,0x000000074f180000)
 Metaspace       used 117459K, capacity 132831K, committed 132992K, reserved 1165312K
  class space    used 13585K, capacity 17760K, committed 17792K, reserved 1048576K
}
Event: 83280.148 GC heap before
{Heap before GC invocations=227 (full 4):
 PSYoungGen      total 65536K, used 56354K [0x0000000795580000, 0x000000079a300000, 0x00000007c0000000)
  eden space 52736K, 100% used [0x0000000795580000,0x0000000798900000,0x0000000798900000)
  from space 12800K, 28% used [0x0000000799680000,0x0000000799a08b48,0x000000079a300000)
  to   space 13312K, 0% used [0x0000000798900000,0x0000000798900000,0x0000000799600000)
 ParOldGen       total 247296K, used 230400K [0x0000000740000000, 0x000000074f180000, 0x0000000795580000)
  object space 247296K, 93% used [0x0000000740000000,0x000000074e100250,0x000000074f180000)
 Metaspace       used 117462K, capacity 132831K, committed 132992K, reserved 1165312K
  class space    used 13585K, capacity 17760K, committed 17792K, reserved 1048576K
Event: 83280.262 GC heap after
Heap after GC invocations=227 (full 4):
 PSYoungGen      total 56832K, used 4592K [0x0000000795580000, 0x000000079a180000, 0x00000007c0000000)
  eden space 52224K, 0% used [0x0000000795580000,0x0000000795580000,0x0000000798880000)
  from space 4608K, 99% used [0x0000000798900000,0x0000000798d7c010,0x0000000798d80000)
  to   space 12800K, 0% used [0x0000000799500000,0x0000000799500000,0x000000079a180000)
 ParOldGen       total 247296K, used 230424K [0x0000000740000000, 0x000000074f180000, 0x0000000795580000)
  object space 247296K, 93% used [0x0000000740000000,0x000000074e106250,0x000000074f180000)
 Metaspace       used 117462K, capacity 132831K, committed 132992K, reserved 1165312K
  class space    used 13585K, capacity 17760K, committed 17792K, reserved 1048576K
}

