# JRE version: Java(TM) SE Runtime Environment (8.0_131-b11) (build 1.8.0_131-b11)
# Java VM: Java HotSpot(TM) 64-Bit Server VM (25.131-b11 mixed mode bsd-amd64 compressed oops)
Heap:
 PSYoungGen      total 138240K, used 28531K [0x0000000795580000, 0x000000079ff80000, 0x00000007c0000000)
  eden space 117760K, 7% used [0x0000000795580000,0x0000000795d95eb8,0x000000079c880000)
  from space 20480K, 98% used [0x000000079ca80000,0x000000079de46ec8,0x000000079de80000)
  to   space 28160K, 0% used [0x000000079e400000,0x000000079e400000,0x000000079ff80000)
 ParOldGen       total 418304K, used 296357K [0x0000000740000000, 0x0000000759880000, 0x0000000795580000)
  object space 418304K, 70% used [0x0000000740000000,0x0000000752169680,0x0000000759880000)
 Metaspace       used 119687K, capacity 137708K, committed 137880K, reserved 1169408K
  class space    used 14030K, capacity 18746K, committed 18864K, reserved 1048576K
GC Heap History (10 events):
Event: 23236.152 GC heap before
{Heap before GC invocations=154 (full 5):
 PSYoungGen      total 152064K, used 141983K [0x0000000795580000, 0x00000007a0800000, 0x00000007c0000000)
  eden space 128512K, 100% used [0x0000000795580000,0x000000079d300000,0x000000079d300000)
  from space 23552K, 57% used [0x000000079f100000,0x000000079fe27fc0,0x00000007a0800000)
  to   space 27136K, 0% used [0x000000079d300000,0x000000079d300000,0x000000079ed80000)
 ParOldGen       total 418304K, used 296117K [0x0000000740000000, 0x0000000759880000, 0x0000000795580000)
  object space 418304K, 70% used [0x0000000740000000,0x000000075212d620,0x0000000759880000)
 Metaspace       used 119649K, capacity 137702K, committed 137880K, reserved 1169408K
  class space    used 14029K, capacity 18745K, committed 18864K, reserved 1048576K
Event: 23236.172 GC heap after
Heap after GC invocations=154 (full 5):
 PSYoungGen      total 141824K, used 15684K [0x0000000795580000, 0x00000007a0480000, 0x00000007c0000000)
  eden space 125952K, 0% used [0x0000000795580000,0x0000000795580000,0x000000079d080000)
  from space 15872K, 98% used [0x000000079d300000,0x000000079e251220,0x000000079e280000)
  to   space 26624K, 0% used [0x000000079ea80000,0x000000079ea80000,0x00000007a0480000)
 ParOldGen       total 418304K, used 296149K [0x0000000740000000, 0x0000000759880000, 0x0000000795580000)
  object space 418304K, 70% used [0x0000000740000000,0x0000000752135620,0x0000000759880000)
 Metaspace       used 119649K, capacity 137702K, committed 137880K, reserved 1169408K
  class space    used 14029K, capacity 18745K, committed 18864K, reserved 1048576K
}
Event: 23355.199 GC heap before
{Heap before GC invocations=155 (full 5):
 PSYoungGen      total 141824K, used 141636K [0x0000000795580000, 0x00000007a0480000, 0x00000007c0000000)
  eden space 125952K, 100% used [0x0000000795580000,0x000000079d080000,0x000000079d080000)
  from space 15872K, 98% used [0x000000079d300000,0x000000079e251220,0x000000079e280000)
  to   space 26624K, 0% used [0x000000079ea80000,0x000000079ea80000,0x00000007a0480000)
 ParOldGen       total 418304K, used 296149K [0x0000000740000000, 0x0000000759880000, 0x0000000795580000)
  object space 418304K, 70% used [0x0000000740000000,0x0000000752135620,0x0000000759880000)
 Metaspace       used 119649K, capacity 137702K, committed 137880K, reserved 1169408K
  class space    used 14029K, capacity 18745K, committed 18864K, reserved 1048576K
Event: 23355.214 GC heap after
Heap after GC invocations=155 (full 5):
 PSYoungGen      total 147456K, used 16676K [0x0000000795580000, 0x00000007a0180000, 0x00000007c0000000)
  eden space 123904K, 0% used [0x0000000795580000,0x0000000795580000,0x000000079ce80000)
  from space 23552K, 70% used [0x000000079ea80000,0x000000079fac91c8,0x00000007a0180000)
  to   space 26112K, 0% used [0x000000079ce80000,0x000000079ce80000,0x000000079e800000)
 ParOldGen       total 418304K, used 296189K [0x0000000740000000, 0x0000000759880000, 0x0000000795580000)
  object space 418304K, 70% used [0x0000000740000000,0x000000075213f620,0x0000000759880000)
 Metaspace       used 119649K, capacity 137702K, committed 137880K, reserved 1169408K
  class space    used 14029K, capacity 18745K, committed 18864K, reserved 1048576K
}
Event: 23402.454 GC heap before
{Heap before GC invocations=156 (full 5):
 PSYoungGen      total 147456K, used 140580K [0x0000000795580000, 0x00000007a0180000, 0x00000007c0000000)
  eden space 123904K, 100% used [0x0000000795580000,0x000000079ce80000,0x000000079ce80000)
  from space 23552K, 70% used [0x000000079ea80000,0x000000079fac91c8,0x00000007a0180000)
  to   space 26112K, 0% used [0x000000079ce80000,0x000000079ce80000,0x000000079e800000)
 ParOldGen       total 418304K, used 296189K [0x0000000740000000, 0x0000000759880000, 0x0000000795580000)
  object space 418304K, 70% used [0x0000000740000000,0x000000075213f620,0x0000000759880000)
 Metaspace       used 119671K, capacity 137708K, committed 137880K, reserved 1169408K
  class space    used 14030K, capacity 18746K, committed 18864K, reserved 1048576K
Event: 23402.472 GC heap after
Heap after GC invocations=156 (full 5):
 PSYoungGen      total 141312K, used 19192K [0x0000000795580000, 0x00000007a0180000, 0x00000007c0000000)
  eden space 121856K, 0% used [0x0000000795580000,0x0000000795580000,0x000000079cc80000)
  from space 19456K, 98% used [0x000000079ce80000,0x000000079e13e1b8,0x000000079e180000)
  to   space 27136K, 0% used [0x000000079e700000,0x000000079e700000,0x00000007a0180000)
 ParOldGen       total 418304K, used 296229K [0x0000000740000000, 0x0000000759880000, 0x0000000795580000)
  object space 418304K, 70% used [0x0000000740000000,0x0000000752149620,0x0000000759880000)
 Metaspace       used 119671K, capacity 137708K, committed 137880K, reserved 1169408K
  class space    used 14030K, capacity 18746K, committed 18864K, reserved 1048576K
}
Event: 23439.614 GC heap before
{Heap before GC invocations=157 (full 5):
 PSYoungGen      total 141312K, used 141048K [0x0000000795580000, 0x00000007a0180000, 0x00000007c0000000)
  eden space 121856K, 100% used [0x0000000795580000,0x000000079cc80000,0x000000079cc80000)
  from space 19456K, 98% used [0x000000079ce80000,0x000000079e13e1b8,0x000000079e180000)
  to   space 27136K, 0% used [0x000000079e700000,0x000000079e700000,0x00000007a0180000)
 ParOldGen       total 418304K, used 296229K [0x0000000740000000, 0x0000000759880000, 0x0000000795580000)
  object space 418304K, 70% used [0x0000000740000000,0x0000000752149620,0x0000000759880000)
 Metaspace       used 119681K, capacity 137708K, committed 137880K, reserved 1169408K
  class space    used 14030K, capacity 18746K, committed 18864K, reserved 1048576K
Event: 23439.631 GC heap after
Heap after GC invocations=157 (full 5):
 PSYoungGen      total 145920K, used 19910K [0x0000000795580000, 0x00000007a0080000, 0x00000007c0000000)
  eden space 119808K, 0% used [0x0000000795580000,0x0000000795580000,0x000000079ca80000)
  from space 26112K, 76% used [0x000000079e700000,0x000000079fa71a38,0x00000007a0080000)
  to   space 27648K, 0% used [0x000000079ca80000,0x000000079ca80000,0x000000079e580000)
 ParOldGen       total 418304K, used 296285K [0x0000000740000000, 0x0000000759880000, 0x0000000795580000)
  object space 418304K, 70% used [0x0000000740000000,0x0000000752157640,0x0000000759880000)
 Metaspace       used 119681K, capacity 137708K, committed 137880K, reserved 1169408K
  class space    used 14030K, capacity 18746K, committed 18864K, reserved 1048576K
}
Event: 26161.044 GC heap before
{Heap before GC invocations=158 (full 5):
 PSYoungGen      total 145920K, used 139718K [0x0000000795580000, 0x00000007a0080000, 0x00000007c0000000)
  eden space 119808K, 100% used [0x0000000795580000,0x000000079ca80000,0x000000079ca80000)
  from space 26112K, 76% used [0x000000079e700000,0x000000079fa71a38,0x00000007a0080000)
  to   space 27648K, 0% used [0x000000079ca80000,0x000000079ca80000,0x000000079e580000)
 ParOldGen       total 418304K, used 296285K [0x0000000740000000, 0x0000000759880000, 0x0000000795580000)
  object space 418304K, 70% used [0x0000000740000000,0x0000000752157640,0x0000000759880000)
 Metaspace       used 119687K, capacity 137708K, committed 137880K, reserved 1169408K
  class space    used 14030K, capacity 18746K, committed 18864K, reserved 1048576K
Event: 26161.150 GC heap after
Heap after GC invocations=158 (full 5):
 PSYoungGen      total 138240K, used 20251K [0x0000000795580000, 0x000000079ff80000, 0x00000007c0000000)
  eden space 117760K, 0% used [0x0000000795580000,0x0000000795580000,0x000000079c880000)
  from space 20480K, 98% used [0x000000079ca80000,0x000000079de46ec8,0x000000079de80000)
  to   space 28160K, 0% used [0x000000079e400000,0x000000079e400000,0x000000079ff80000)
 ParOldGen       total 418304K, used 296357K [0x0000000740000000, 0x0000000759880000, 0x0000000795580000)
  object space 418304K, 70% used [0x0000000740000000,0x0000000752169680,0x0000000759880000)
 Metaspace       used 119687K, capacity 137708K, committed 137880K, reserved 1169408K
  class space    used 14030K, capacity 18746K, committed 18864K, reserved 1048576K
}

