# JRE version: Java(TM) SE Runtime Environment (8.0_131-b11) (build 1.8.0_131-b11)
# Java VM: Java HotSpot(TM) 64-Bit Server VM (25.131-b11 mixed mode bsd-amd64 compressed oops)
Heap:
 PSYoungGen      total 657920K, used 53418K [0x0000000795580000, 0x00000007c0000000, 0x00000007c0000000)
  eden space 616960K, 4% used [0x0000000795580000,0x000000079738af10,0x00000007bb000000)
  from space 40960K, 55% used [0x00000007bb000000,0x00000007bc61fba8,0x00000007bd800000)
  to   space 39424K, 0% used [0x00000007bd980000,0x00000007bd980000,0x00000007c0000000)
 ParOldGen       total 935424K, used 604629K [0x0000000740000000, 0x0000000779180000, 0x0000000795580000)
  object space 935424K, 64% used [0x0000000740000000,0x0000000764e756a0,0x0000000779180000)
 Metaspace       used 178485K, capacity 201307K, committed 201640K, reserved 1224704K
  class space    used 20748K, capacity 26657K, committed 26800K, reserved 1048576K
GC Heap History (10 events):
Event: 249326.431 GC heap before
{Heap before GC invocations=1977 (full 8):
 PSYoungGen      total 666624K, used 658036K [0x0000000795580000, 0x00000007c0000000, 0x00000007c0000000)
  eden space 634368K, 100% used [0x0000000795580000,0x00000007bc100000,0x00000007bc100000)
  from space 32256K, 73% used [0x00000007be080000,0x00000007bf79d0c8,0x00000007c0000000)
  to   space 32256K, 0% used [0x00000007bc100000,0x00000007bc100000,0x00000007be080000)
 ParOldGen       total 935424K, used 591948K [0x0000000740000000, 0x0000000779180000, 0x0000000795580000)
  object space 935424K, 63% used [0x0000000740000000,0x0000000764213298,0x0000000779180000)
 Metaspace       used 178478K, capacity 201307K, committed 201640K, reserved 1224704K
  class space    used 20748K, capacity 26657K, committed 26800K, reserved 1048576K
Event: 249326.468 GC heap after
Heap after GC invocations=1977 (full 8):
 PSYoungGen      total 655872K, used 21488K [0x0000000795580000, 0x00000007bfe00000, 0x00000007c0000000)
  eden space 634368K, 0% used [0x0000000795580000,0x0000000795580000,0x00000007bc100000)
  from space 21504K, 99% used [0x00000007bc100000,0x00000007bd5fc280,0x00000007bd600000)
  to   space 31232K, 0% used [0x00000007bdf80000,0x00000007bdf80000,0x00000007bfe00000)
 ParOldGen       total 935424K, used 592020K [0x0000000740000000, 0x0000000779180000, 0x0000000795580000)
  object space 935424K, 63% used [0x0000000740000000,0x0000000764225298,0x0000000779180000)
 Metaspace       used 178478K, capacity 201307K, committed 201640K, reserved 1224704K
  class space    used 20748K, capacity 26657K, committed 26800K, reserved 1048576K
}
Event: 249363.231 GC heap before
{Heap before GC invocations=1978 (full 8):
 PSYoungGen      total 655872K, used 655856K [0x0000000795580000, 0x00000007bfe00000, 0x00000007c0000000)
  eden space 634368K, 100% used [0x0000000795580000,0x00000007bc100000,0x00000007bc100000)
  from space 21504K, 99% used [0x00000007bc100000,0x00000007bd5fc280,0x00000007bd600000)
  to   space 31232K, 0% used [0x00000007bdf80000,0x00000007bdf80000,0x00000007bfe00000)
 ParOldGen       total 935424K, used 592020K [0x0000000740000000, 0x0000000779180000, 0x0000000795580000)
  object space 935424K, 63% used [0x0000000740000000,0x0000000764225298,0x0000000779180000)
 Metaspace       used 178480K, capacity 201307K, committed 201640K, reserved 1224704K
  class space    used 20748K, capacity 26657K, committed 26800K, reserved 1048576K
Event: 249363.281 GC heap after
Heap after GC invocations=1978 (full 8):
 PSYoungGen      total 665600K, used 23320K [0x0000000795580000, 0x00000007c0000000, 0x00000007c0000000)
  eden space 634368K, 0% used [0x0000000795580000,0x0000000795580000,0x00000007bc100000)
  from space 31232K, 74% used [0x00000007bdf80000,0x00000007bf646028,0x00000007bfe00000)
  to   space 31232K, 0% used [0x00000007bc100000,0x00000007bc100000,0x00000007bdf80000)
 ParOldGen       total 935424K, used 592209K [0x0000000740000000, 0x0000000779180000, 0x0000000795580000)
  object space 935424K, 63% used [0x0000000740000000,0x00000007642544c0,0x0000000779180000)
 Metaspace       used 178480K, capacity 201307K, committed 201640K, reserved 1224704K
  class space    used 20748K, capacity 26657K, committed 26800K, reserved 1048576K
}
Event: 249445.139 GC heap before
{Heap before GC invocations=1979 (full 8):
 PSYoungGen      total 665600K, used 657688K [0x0000000795580000, 0x00000007c0000000, 0x00000007c0000000)
  eden space 634368K, 100% used [0x0000000795580000,0x00000007bc100000,0x00000007bc100000)
  from space 31232K, 74% used [0x00000007bdf80000,0x00000007bf646028,0x00000007bfe00000)
  to   space 31232K, 0% used [0x00000007bc100000,0x00000007bc100000,0x00000007bdf80000)
 ParOldGen       total 935424K, used 592209K [0x0000000740000000, 0x0000000779180000, 0x0000000795580000)
  object space 935424K, 63% used [0x0000000740000000,0x00000007642544c0,0x0000000779180000)
 Metaspace       used 178485K, capacity 201307K, committed 201640K, reserved 1224704K
  class space    used 20748K, capacity 26657K, committed 26800K, reserved 1048576K
Event: 249445.358 GC heap after
Heap after GC invocations=1979 (full 8):
 PSYoungGen      total 665600K, used 31214K [0x0000000795580000, 0x00000007c0000000, 0x00000007c0000000)
  eden space 634368K, 0% used [0x0000000795580000,0x0000000795580000,0x00000007bc100000)
  from space 31232K, 99% used [0x00000007bc100000,0x00000007bdf7b890,0x00000007bdf80000)
  to   space 33280K, 0% used [0x00000007bdf80000,0x00000007bdf80000,0x00000007c0000000)
 ParOldGen       total 935424K, used 596357K [0x0000000740000000, 0x0000000779180000, 0x0000000795580000)
  object space 935424K, 63% used [0x0000000740000000,0x0000000764661458,0x0000000779180000)
 Metaspace       used 178485K, capacity 201307K, committed 201640K, reserved 1224704K
  class space    used 20748K, capacity 26657K, committed 26800K, reserved 1048576K
}
Event: 252135.435 GC heap before
{Heap before GC invocations=1980 (full 8):
 PSYoungGen      total 665600K, used 665582K [0x0000000795580000, 0x00000007c0000000, 0x00000007c0000000)
  eden space 634368K, 100% used [0x0000000795580000,0x00000007bc100000,0x00000007bc100000)
  from space 31232K, 99% used [0x00000007bc100000,0x00000007bdf7b890,0x00000007bdf80000)
  to   space 33280K, 0% used [0x00000007bdf80000,0x00000007bdf80000,0x00000007c0000000)
 ParOldGen       total 935424K, used 596357K [0x0000000740000000, 0x0000000779180000, 0x0000000795580000)
  object space 935424K, 63% used [0x0000000740000000,0x0000000764661458,0x0000000779180000)
 Metaspace       used 178485K, capacity 201307K, committed 201640K, reserved 1224704K
  class space    used 20748K, capacity 26657K, committed 26800K, reserved 1048576K
Event: 252136.308 GC heap after
Heap after GC invocations=1980 (full 8):
 PSYoungGen      total 650240K, used 33264K [0x0000000795580000, 0x00000007c0000000, 0x00000007c0000000)
  eden space 616960K, 0% used [0x0000000795580000,0x0000000795580000,0x00000007bb000000)
  from space 33280K, 99% used [0x00000007bdf80000,0x00000007bfffc008,0x00000007c0000000)
  to   space 40960K, 0% used [0x00000007bb000000,0x00000007bb000000,0x00000007bd800000)
 ParOldGen       total 935424K, used 604549K [0x0000000740000000, 0x0000000779180000, 0x0000000795580000)
  object space 935424K, 64% used [0x0000000740000000,0x0000000764e616a0,0x0000000779180000)
 Metaspace       used 178485K, capacity 201307K, committed 201640K, reserved 1224704K
  class space    used 20748K, capacity 26657K, committed 26800K, reserved 1048576K
}
Event: 253978.905 GC heap before
{Heap before GC invocations=1981 (full 8):
 PSYoungGen      total 650240K, used 650224K [0x0000000795580000, 0x00000007c0000000, 0x00000007c0000000)
  eden space 616960K, 100% used [0x0000000795580000,0x00000007bb000000,0x00000007bb000000)
  from space 33280K, 99% used [0x00000007bdf80000,0x00000007bfffc008,0x00000007c0000000)
  to   space 40960K, 0% used [0x00000007bb000000,0x00000007bb000000,0x00000007bd800000)
 ParOldGen       total 935424K, used 604549K [0x0000000740000000, 0x0000000779180000, 0x0000000795580000)
  object space 935424K, 64% used [0x0000000740000000,0x0000000764e616a0,0x0000000779180000)
 Metaspace       used 178485K, capacity 201307K, committed 201640K, reserved 1224704K
  class space    used 20748K, capacity 26657K, committed 26800K, reserved 1048576K
Event: 253979.250 GC heap after
Heap after GC invocations=1981 (full 8):
 PSYoungGen      total 657920K, used 22654K [0x0000000795580000, 0x00000007c0000000, 0x00000007c0000000)
  eden space 616960K, 0% used [0x0000000795580000,0x0000000795580000,0x00000007bb000000)
  from space 40960K, 55% used [0x00000007bb000000,0x00000007bc61fba8,0x00000007bd800000)
  to   space 39424K, 0% used [0x00000007bd980000,0x00000007bd980000,0x00000007c0000000)
 ParOldGen       total 935424K, used 604629K [0x0000000740000000, 0x0000000779180000, 0x0000000795580000)
  object space 935424K, 64% used [0x0000000740000000,0x0000000764e756a0,0x0000000779180000)
 Metaspace       used 178485K, capacity 201307K, committed 201640K, reserved 1224704K
  class space    used 20748K, capacity 26657K, committed 26800K, reserved 1048576K
}

