# JRE version: Java(TM) SE Runtime Environment (8.0_131-b11) (build 1.8.0_131-b11)
# Java VM: Java HotSpot(TM) 64-Bit Server VM (25.131-b11 mixed mode bsd-amd64 compressed oops)
Heap:
 PSYoungGen      total 239616K, used 23701K [0x00000007aab00000, 0x00000007bd500000, 0x00000007c0000000)
  eden space 193536K, 0% used [0x00000007aab00000,0x00000007aacde368,0x00000007b6800000)
  from space 46080K, 47% used [0x00000007ba800000,0x00000007bbd47428,0x00000007bd500000)
  to   space 55808K, 0% used [0x00000007b6800000,0x00000007b6800000,0x00000007b9e80000)
 ParOldGen       total 281600K, used 178961K [0x0000000780000000, 0x0000000791300000, 0x00000007aab00000)
  object space 281600K, 63% used [0x0000000780000000,0x000000078aec4430,0x0000000791300000)
 Metaspace       used 110436K, capacity 125046K, committed 125232K, reserved 1157120K
  class space    used 13665K, capacity 17903K, committed 17968K, reserved 1048576K
GC Heap History (10 events):
Event: 240.704 GC heap before
{Heap before GC invocations=36 (full 6):
 PSYoungGen      total 263680K, used 38399K [0x00000007aab00000, 0x00000007c0000000, 0x00000007c0000000)
  eden space 225280K, 0% used [0x00000007aab00000,0x00000007aab00000,0x00000007b8700000)
  from space 38400K, 99% used [0x00000007bd580000,0x00000007bfafffe0,0x00000007bfb00000)
  to   space 61952K, 0% used [0x00000007b8700000,0x00000007b8700000,0x00000007bc380000)
 ParOldGen       total 187392K, used 162400K [0x0000000780000000, 0x000000078b700000, 0x00000007aab00000)
  object space 187392K, 86% used [0x0000000780000000,0x0000000789e98078,0x000000078b700000)
 Metaspace       used 107465K, capacity 121888K, committed 122032K, reserved 1153024K
  class space    used 13341K, capacity 17528K, committed 17584K, reserved 1048576K
Event: 241.736 GC heap after
Heap after GC invocations=36 (full 6):
 PSYoungGen      total 263680K, used 0K [0x00000007aab00000, 0x00000007c0000000, 0x00000007c0000000)
  eden space 225280K, 0% used [0x00000007aab00000,0x00000007aab00000,0x00000007b8700000)
  from space 38400K, 0% used [0x00000007bd580000,0x00000007bd580000,0x00000007bfb00000)
  to   space 61952K, 0% used [0x00000007b8700000,0x00000007b8700000,0x00000007bc380000)
 ParOldGen       total 281600K, used 178929K [0x0000000780000000, 0x0000000791300000, 0x00000007aab00000)
  object space 281600K, 63% used [0x0000000780000000,0x000000078aebc430,0x0000000791300000)
 Metaspace       used 107465K, capacity 121888K, committed 122032K, reserved 1153024K
  class space    used 13341K, capacity 17528K, committed 17584K, reserved 1048576K
}
Event: 23415.100 GC heap before
{Heap before GC invocations=37 (full 6):
 PSYoungGen      total 263680K, used 225280K [0x00000007aab00000, 0x00000007c0000000, 0x00000007c0000000)
  eden space 225280K, 100% used [0x00000007aab00000,0x00000007b8700000,0x00000007b8700000)
  from space 38400K, 0% used [0x00000007bd580000,0x00000007bd580000,0x00000007bfb00000)
  to   space 61952K, 0% used [0x00000007b8700000,0x00000007b8700000,0x00000007bc380000)
 ParOldGen       total 281600K, used 178929K [0x0000000780000000, 0x0000000791300000, 0x00000007aab00000)
  object space 281600K, 63% used [0x0000000780000000,0x000000078aebc430,0x0000000791300000)
 Metaspace       used 109739K, capacity 124306K, committed 124592K, reserved 1157120K
  class space    used 13628K, capacity 17819K, committed 17840K, reserved 1048576K
Event: 23416.541 GC heap after
Heap after GC invocations=37 (full 6):
 PSYoungGen      total 236544K, used 19499K [0x00000007aab00000, 0x00000007bf280000, 0x00000007c0000000)
  eden space 216576K, 0% used [0x00000007aab00000,0x00000007aab00000,0x00000007b7e80000)
  from space 19968K, 97% used [0x00000007b8700000,0x00000007b9a0ad18,0x00000007b9a80000)
  to   space 59392K, 0% used [0x00000007bb880000,0x00000007bb880000,0x00000007bf280000)
 ParOldGen       total 281600K, used 178937K [0x0000000780000000, 0x0000000791300000, 0x00000007aab00000)
  object space 281600K, 63% used [0x0000000780000000,0x000000078aebe430,0x0000000791300000)
 Metaspace       used 109739K, capacity 124306K, committed 124592K, reserved 1157120K
  class space    used 13628K, capacity 17819K, committed 17840K, reserved 1048576K
}
Event: 61889.231 GC heap before
{Heap before GC invocations=38 (full 6):
 PSYoungGen      total 236544K, used 236075K [0x00000007aab00000, 0x00000007bf280000, 0x00000007c0000000)
  eden space 216576K, 100% used [0x00000007aab00000,0x00000007b7e80000,0x00000007b7e80000)
  from space 19968K, 97% used [0x00000007b8700000,0x00000007b9a0ad18,0x00000007b9a80000)
  to   space 59392K, 0% used [0x00000007bb880000,0x00000007bb880000,0x00000007bf280000)
 ParOldGen       total 281600K, used 178937K [0x0000000780000000, 0x0000000791300000, 0x00000007aab00000)
  object space 281600K, 63% used [0x0000000780000000,0x000000078aebe430,0x0000000791300000)
 Metaspace       used 109878K, capacity 124552K, committed 124976K, reserved 1157120K
  class space    used 13648K, capacity 17858K, committed 17968K, reserved 1048576K
Event: 61889.599 GC heap after
Heap after GC invocations=38 (full 6):
 PSYoungGen      total 255488K, used 28557K [0x00000007aab00000, 0x00000007be680000, 0x00000007c0000000)
  eden space 208384K, 0% used [0x00000007aab00000,0x00000007aab00000,0x00000007b7680000)
  from space 47104K, 60% used [0x00000007bb880000,0x00000007bd463418,0x00000007be680000)
  to   space 57344K, 0% used [0x00000007b7680000,0x00000007b7680000,0x00000007bae80000)
 ParOldGen       total 281600K, used 178945K [0x0000000780000000, 0x0000000791300000, 0x00000007aab00000)
  object space 281600K, 63% used [0x0000000780000000,0x000000078aec0430,0x0000000791300000)
 Metaspace       used 109878K, capacity 124552K, committed 124976K, reserved 1157120K
  class space    used 13648K, capacity 17858K, committed 17968K, reserved 1048576K
}
Event: 62040.349 GC heap before
{Heap before GC invocations=39 (full 6):
 PSYoungGen      total 255488K, used 236941K [0x00000007aab00000, 0x00000007be680000, 0x00000007c0000000)
  eden space 208384K, 100% used [0x00000007aab00000,0x00000007b7680000,0x00000007b7680000)
  from space 47104K, 60% used [0x00000007bb880000,0x00000007bd463418,0x00000007be680000)
  to   space 57344K, 0% used [0x00000007b7680000,0x00000007b7680000,0x00000007bae80000)
 ParOldGen       total 281600K, used 178945K [0x0000000780000000, 0x0000000791300000, 0x00000007aab00000)
  object space 281600K, 63% used [0x0000000780000000,0x000000078aec0430,0x0000000791300000)
 Metaspace       used 109961K, capacity 124552K, committed 124976K, reserved 1157120K
  class space    used 13649K, capacity 17858K, committed 17968K, reserved 1048576K
Event: 62040.529 GC heap after
Heap after GC invocations=39 (full 6):
 PSYoungGen      total 237056K, used 36325K [0x00000007aab00000, 0x00000007be100000, 0x00000007c0000000)
  eden space 200704K, 0% used [0x00000007aab00000,0x00000007aab00000,0x00000007b6f00000)
  from space 36352K, 99% used [0x00000007b7680000,0x00000007b99f96a8,0x00000007b9a00000)
  to   space 58368K, 0% used [0x00000007ba800000,0x00000007ba800000,0x00000007be100000)
 ParOldGen       total 281600K, used 178953K [0x0000000780000000, 0x0000000791300000, 0x00000007aab00000)
  object space 281600K, 63% used [0x0000000780000000,0x000000078aec2430,0x0000000791300000)
 Metaspace       used 109961K, capacity 124552K, committed 124976K, reserved 1157120K
  class space    used 13649K, capacity 17858K, committed 17968K, reserved 1048576K
}
Event: 63010.926 GC heap before
{Heap before GC invocations=40 (full 6):
 PSYoungGen      total 237056K, used 237029K [0x00000007aab00000, 0x00000007be100000, 0x00000007c0000000)
  eden space 200704K, 100% used [0x00000007aab00000,0x00000007b6f00000,0x00000007b6f00000)
  from space 36352K, 99% used [0x00000007b7680000,0x00000007b99f96a8,0x00000007b9a00000)
  to   space 58368K, 0% used [0x00000007ba800000,0x00000007ba800000,0x00000007be100000)
 ParOldGen       total 281600K, used 178953K [0x0000000780000000, 0x0000000791300000, 0x00000007aab00000)
  object space 281600K, 63% used [0x0000000780000000,0x000000078aec2430,0x0000000791300000)
 Metaspace       used 110436K, capacity 125046K, committed 125232K, reserved 1157120K
  class space    used 13665K, capacity 17903K, committed 17968K, reserved 1048576K
Event: 63011.075 GC heap after
Heap after GC invocations=40 (full 6):
 PSYoungGen      total 239616K, used 21789K [0x00000007aab00000, 0x00000007bd500000, 0x00000007c0000000)
  eden space 193536K, 0% used [0x00000007aab00000,0x00000007aab00000,0x00000007b6800000)
  from space 46080K, 47% used [0x00000007ba800000,0x00000007bbd47428,0x00000007bd500000)
  to   space 55808K, 0% used [0x00000007b6800000,0x00000007b6800000,0x00000007b9e80000)
 ParOldGen       total 281600K, used 178961K [0x0000000780000000, 0x0000000791300000, 0x00000007aab00000)
  object space 281600K, 63% used [0x0000000780000000,0x000000078aec4430,0x0000000791300000)
 Metaspace       used 110436K, capacity 125046K, committed 125232K, reserved 1157120K
  class space    used 13665K, capacity 17903K, committed 17968K, reserved 1048576K
}

