# JRE version: Java(TM) SE Runtime Environment (8.0_131-b11) (build 1.8.0_131-b11)
# Java VM: Java HotSpot(TM) 64-Bit Server VM (25.131-b11 mixed mode bsd-amd64 compressed oops)
Heap:
 PSYoungGen      total 188416K, used 17424K [0x0000000795580000, 0x00000007a5200000, 0x00000007c0000000)
  eden space 178688K, 4% used [0x0000000795580000,0x0000000795d12278,0x00000007a0400000)
  from space 9728K, 99% used [0x00000007a0900000,0x00000007a1271fe8,0x00000007a1280000)
  to   space 39936K, 0% used [0x00000007a2b00000,0x00000007a2b00000,0x00000007a5200000)
 ParOldGen       total 249344K, used 175139K [0x0000000740000000, 0x000000074f380000, 0x0000000795580000)
  object space 249344K, 70% used [0x0000000740000000,0x000000074ab08ca0,0x000000074f380000)
 Metaspace       used 104623K, capacity 119210K, committed 119492K, reserved 1153024K
  class space    used 12471K, capacity 16570K, committed 16636K, reserved 1048576K
GC Heap History (10 events):
Event: 38719.810 GC heap before
{Heap before GC invocations=61 (full 4):
 PSYoungGen      total 239104K, used 225264K [0x0000000795580000, 0x00000007a6b00000, 0x00000007c0000000)
  eden space 206336K, 100% used [0x0000000795580000,0x00000007a1f00000,0x00000007a1f00000)
  from space 32768K, 57% used [0x00000007a4b00000,0x00000007a5d7c1a8,0x00000007a6b00000)
  to   space 38912K, 0% used [0x00000007a1f00000,0x00000007a1f00000,0x00000007a4500000)
 ParOldGen       total 249344K, used 169727K [0x0000000740000000, 0x000000074f380000, 0x0000000795580000)
  object space 249344K, 68% used [0x0000000740000000,0x000000074a5bff20,0x000000074f380000)
 Metaspace       used 104465K, capacity 119022K, committed 119236K, reserved 1153024K
  class space    used 12455K, capacity 16558K, committed 16636K, reserved 1048576K
Event: 38719.894 GC heap after
Heap after GC invocations=61 (full 4):
 PSYoungGen      total 219136K, used 18764K [0x0000000795580000, 0x00000007a6400000, 0x00000007c0000000)
  eden space 200192K, 0% used [0x0000000795580000,0x0000000795580000,0x00000007a1900000)
  from space 18944K, 99% used [0x00000007a1f00000,0x00000007a3153110,0x00000007a3180000)
  to   space 38400K, 0% used [0x00000007a3e80000,0x00000007a3e80000,0x00000007a6400000)
 ParOldGen       total 249344K, used 170886K [0x0000000740000000, 0x000000074f380000, 0x0000000795580000)
  object space 249344K, 68% used [0x0000000740000000,0x000000074a6e1910,0x000000074f380000)
 Metaspace       used 104465K, capacity 119022K, committed 119236K, reserved 1153024K
  class space    used 12455K, capacity 16558K, committed 16636K, reserved 1048576K
}
Event: 40715.680 GC heap before
{Heap before GC invocations=62 (full 4):
 PSYoungGen      total 219136K, used 218956K [0x0000000795580000, 0x00000007a6400000, 0x00000007c0000000)
  eden space 200192K, 100% used [0x0000000795580000,0x00000007a1900000,0x00000007a1900000)
  from space 18944K, 99% used [0x00000007a1f00000,0x00000007a3153110,0x00000007a3180000)
  to   space 38400K, 0% used [0x00000007a3e80000,0x00000007a3e80000,0x00000007a6400000)
 ParOldGen       total 249344K, used 170886K [0x0000000740000000, 0x000000074f380000, 0x0000000795580000)
  object space 249344K, 68% used [0x0000000740000000,0x000000074a6e1910,0x000000074f380000)
 Metaspace       used 104485K, capacity 119022K, committed 119236K, reserved 1153024K
  class space    used 12457K, capacity 16558K, committed 16636K, reserved 1048576K
Event: 40715.867 GC heap after
Heap after GC invocations=62 (full 4):
 PSYoungGen      total 227328K, used 15915K [0x0000000795580000, 0x00000007a5e80000, 0x00000007c0000000)
  eden space 194560K, 0% used [0x0000000795580000,0x0000000795580000,0x00000007a1380000)
  from space 32768K, 48% used [0x00000007a3e80000,0x00000007a4e0ac90,0x00000007a5e80000)
  to   space 38400K, 0% used [0x00000007a1380000,0x00000007a1380000,0x00000007a3900000)
 ParOldGen       total 249344K, used 173764K [0x0000000740000000, 0x000000074f380000, 0x0000000795580000)
  object space 249344K, 69% used [0x0000000740000000,0x000000074a9b10a0,0x000000074f380000)
 Metaspace       used 104485K, capacity 119022K, committed 119236K, reserved 1153024K
  class space    used 12457K, capacity 16558K, committed 16636K, reserved 1048576K
}
Event: 42041.202 GC heap before
{Heap before GC invocations=63 (full 4):
 PSYoungGen      total 227328K, used 210475K [0x0000000795580000, 0x00000007a5e80000, 0x00000007c0000000)
  eden space 194560K, 100% used [0x0000000795580000,0x00000007a1380000,0x00000007a1380000)
  from space 32768K, 48% used [0x00000007a3e80000,0x00000007a4e0ac90,0x00000007a5e80000)
  to   space 38400K, 0% used [0x00000007a1380000,0x00000007a1380000,0x00000007a3900000)
 ParOldGen       total 249344K, used 173764K [0x0000000740000000, 0x000000074f380000, 0x0000000795580000)
  object space 249344K, 69% used [0x0000000740000000,0x000000074a9b10a0,0x000000074f380000)
 Metaspace       used 104509K, capacity 119028K, committed 119236K, reserved 1153024K
  class space    used 12458K, capacity 16559K, committed 16636K, reserved 1048576K
Event: 42041.388 GC heap after
Heap after GC invocations=63 (full 4):
 PSYoungGen      total 199168K, used 9755K [0x0000000795580000, 0x00000007a5b00000, 0x00000007c0000000)
  eden space 188928K, 0% used [0x0000000795580000,0x0000000795580000,0x00000007a0e00000)
  from space 10240K, 95% used [0x00000007a1380000,0x00000007a1d06c38,0x00000007a1d80000)
  to   space 39424K, 0% used [0x00000007a3480000,0x00000007a3480000,0x00000007a5b00000)
 ParOldGen       total 249344K, used 174715K [0x0000000740000000, 0x000000074f380000, 0x0000000795580000)
  object space 249344K, 70% used [0x0000000740000000,0x000000074aa9eca0,0x000000074f380000)
 Metaspace       used 104509K, capacity 119028K, committed 119236K, reserved 1153024K
  class space    used 12458K, capacity 16559K, committed 16636K, reserved 1048576K
}
Event: 42265.476 GC heap before
{Heap before GC invocations=64 (full 4):
 PSYoungGen      total 199168K, used 198683K [0x0000000795580000, 0x00000007a5b00000, 0x00000007c0000000)
  eden space 188928K, 100% used [0x0000000795580000,0x00000007a0e00000,0x00000007a0e00000)
  from space 10240K, 95% used [0x00000007a1380000,0x00000007a1d06c38,0x00000007a1d80000)
  to   space 39424K, 0% used [0x00000007a3480000,0x00000007a3480000,0x00000007a5b00000)
 ParOldGen       total 249344K, used 174715K [0x0000000740000000, 0x000000074f380000, 0x0000000795580000)
  object space 249344K, 70% used [0x0000000740000000,0x000000074aa9eca0,0x000000074f380000)
 Metaspace       used 104542K, capacity 119036K, committed 119236K, reserved 1153024K
  class space    used 12458K, capacity 16559K, committed 16636K, reserved 1048576K
Event: 42265.515 GC heap after
Heap after GC invocations=64 (full 4):
 PSYoungGen      total 219136K, used 9323K [0x0000000795580000, 0x00000007a5700000, 0x00000007c0000000)
  eden space 183808K, 0% used [0x0000000795580000,0x0000000795580000,0x00000007a0900000)
  from space 35328K, 26% used [0x00000007a3480000,0x00000007a3d9ac30,0x00000007a5700000)
  to   space 39936K, 0% used [0x00000007a0900000,0x00000007a0900000,0x00000007a3000000)
 ParOldGen       total 249344K, used 174883K [0x0000000740000000, 0x000000074f380000, 0x0000000795580000)
  object space 249344K, 70% used [0x0000000740000000,0x000000074aac8ca0,0x000000074f380000)
 Metaspace       used 104542K, capacity 119036K, committed 119236K, reserved 1153024K
  class space    used 12458K, capacity 16559K, committed 16636K, reserved 1048576K
}
Event: 51588.896 GC heap before
{Heap before GC invocations=65 (full 4):
 PSYoungGen      total 219136K, used 193131K [0x0000000795580000, 0x00000007a5700000, 0x00000007c0000000)
  eden space 183808K, 100% used [0x0000000795580000,0x00000007a0900000,0x00000007a0900000)
  from space 35328K, 26% used [0x00000007a3480000,0x00000007a3d9ac30,0x00000007a5700000)
  to   space 39936K, 0% used [0x00000007a0900000,0x00000007a0900000,0x00000007a3000000)
 ParOldGen       total 249344K, used 174883K [0x0000000740000000, 0x000000074f380000, 0x0000000795580000)
  object space 249344K, 70% used [0x0000000740000000,0x000000074aac8ca0,0x000000074f380000)
 Metaspace       used 104623K, capacity 119210K, committed 119492K, reserved 1153024K
  class space    used 12471K, capacity 16570K, committed 16636K, reserved 1048576K
Event: 51588.990 GC heap after
Heap after GC invocations=65 (full 4):
 PSYoungGen      total 188416K, used 9671K [0x0000000795580000, 0x00000007a5200000, 0x00000007c0000000)
  eden space 178688K, 0% used [0x0000000795580000,0x0000000795580000,0x00000007a0400000)
  from space 9728K, 99% used [0x00000007a0900000,0x00000007a1271fe8,0x00000007a1280000)
  to   space 39936K, 0% used [0x00000007a2b00000,0x00000007a2b00000,0x00000007a5200000)
 ParOldGen       total 249344K, used 175139K [0x0000000740000000, 0x000000074f380000, 0x0000000795580000)
  object space 249344K, 70% used [0x0000000740000000,0x000000074ab08ca0,0x000000074f380000)
 Metaspace       used 104623K, capacity 119210K, committed 119492K, reserved 1153024K
  class space    used 12471K, capacity 16570K, committed 16636K, reserved 1048576K
}

