# JRE version: Java(TM) SE Runtime Environment (8.0_131-b11) (build 1.8.0_131-b11)
# Java VM: Java HotSpot(TM) 64-Bit Server VM (25.131-b11 mixed mode bsd-amd64 compressed oops)
Heap:
 PSYoungGen      total 654336K, used 38880K [0x0000000795580000, 0x00000007c0000000, 0x00000007c0000000)
  eden space 609792K, 1% used [0x0000000795580000,0x0000000795e67b38,0x00000007ba900000)
  from space 44544K, 66% used [0x00000007bd480000,0x00000007bf1907d8,0x00000007c0000000)
  to   space 44544K, 0% used [0x00000007ba900000,0x00000007ba900000,0x00000007bd480000)
 ParOldGen       total 531456K, used 490553K [0x0000000740000000, 0x0000000760700000, 0x0000000795580000)
  object space 531456K, 92% used [0x0000000740000000,0x000000075df0e528,0x0000000760700000)
 Metaspace       used 157246K, capacity 179708K, committed 179952K, reserved 1204224K
  class space    used 18462K, capacity 24338K, committed 24368K, reserved 1048576K
GC Heap History (10 events):
Event: 60623.925 GC heap before
{Heap before GC invocations=908 (full 6):
 PSYoungGen      total 650240K, used 641368K [0x0000000795580000, 0x00000007bfe80000, 0x00000007c0000000)
  eden space 603648K, 100% used [0x0000000795580000,0x00000007ba300000,0x00000007ba300000)
  from space 46592K, 80% used [0x00000007ba300000,0x00000007bc7d62f8,0x00000007bd080000)
  to   space 45568K, 0% used [0x00000007bd200000,0x00000007bd200000,0x00000007bfe80000)
 ParOldGen       total 531456K, used 484944K [0x0000000740000000, 0x0000000760700000, 0x0000000795580000)
  object space 531456K, 91% used [0x0000000740000000,0x000000075d994040,0x0000000760700000)
 Metaspace       used 157222K, capacity 179708K, committed 179952K, reserved 1204224K
  class space    used 18462K, capacity 24338K, committed 24368K, reserved 1048576K
Event: 60623.967 GC heap after
Heap after GC invocations=908 (full 6):
 PSYoungGen      total 651776K, used 34128K [0x0000000795580000, 0x00000007bff00000, 0x00000007c0000000)
  eden space 606208K, 0% used [0x0000000795580000,0x0000000795580000,0x00000007ba580000)
  from space 45568K, 74% used [0x00000007bd200000,0x00000007bf354128,0x00000007bfe80000)
  to   space 45568K, 0% used [0x00000007ba580000,0x00000007ba580000,0x00000007bd200000)
 ParOldGen       total 531456K, used 486568K [0x0000000740000000, 0x0000000760700000, 0x0000000795580000)
  object space 531456K, 91% used [0x0000000740000000,0x000000075db2a200,0x0000000760700000)
 Metaspace       used 157222K, capacity 179708K, committed 179952K, reserved 1204224K
  class space    used 18462K, capacity 24338K, committed 24368K, reserved 1048576K
}
Event: 60637.794 GC heap before
{Heap before GC invocations=909 (full 6):
 PSYoungGen      total 651776K, used 640336K [0x0000000795580000, 0x00000007bff00000, 0x00000007c0000000)
  eden space 606208K, 100% used [0x0000000795580000,0x00000007ba580000,0x00000007ba580000)
  from space 45568K, 74% used [0x00000007bd200000,0x00000007bf354128,0x00000007bfe80000)
  to   space 45568K, 0% used [0x00000007ba580000,0x00000007ba580000,0x00000007bd200000)
 ParOldGen       total 531456K, used 486568K [0x0000000740000000, 0x0000000760700000, 0x0000000795580000)
  object space 531456K, 91% used [0x0000000740000000,0x000000075db2a200,0x0000000760700000)
 Metaspace       used 157231K, capacity 179708K, committed 179952K, reserved 1204224K
  class space    used 18462K, capacity 24338K, committed 24368K, reserved 1048576K
Event: 60637.838 GC heap after
Heap after GC invocations=909 (full 6):
 PSYoungGen      total 651776K, used 36383K [0x0000000795580000, 0x00000007bfe00000, 0x00000007c0000000)
  eden space 606208K, 0% used [0x0000000795580000,0x0000000795580000,0x00000007ba580000)
  from space 45568K, 79% used [0x00000007ba580000,0x00000007bc907ed0,0x00000007bd200000)
  to   space 44544K, 0% used [0x00000007bd280000,0x00000007bd280000,0x00000007bfe00000)
 ParOldGen       total 531456K, used 487988K [0x0000000740000000, 0x0000000760700000, 0x0000000795580000)
  object space 531456K, 91% used [0x0000000740000000,0x000000075dc8d0b0,0x0000000760700000)
 Metaspace       used 157231K, capacity 179708K, committed 179952K, reserved 1204224K
  class space    used 18462K, capacity 24338K, committed 24368K, reserved 1048576K
}
Event: 61118.805 GC heap before
{Heap before GC invocations=910 (full 6):
 PSYoungGen      total 651776K, used 642591K [0x0000000795580000, 0x00000007bfe00000, 0x00000007c0000000)
  eden space 606208K, 100% used [0x0000000795580000,0x00000007ba580000,0x00000007ba580000)
  from space 45568K, 79% used [0x00000007ba580000,0x00000007bc907ed0,0x00000007bd200000)
  to   space 44544K, 0% used [0x00000007bd280000,0x00000007bd280000,0x00000007bfe00000)
 ParOldGen       total 531456K, used 487988K [0x0000000740000000, 0x0000000760700000, 0x0000000795580000)
  object space 531456K, 91% used [0x0000000740000000,0x000000075dc8d0b0,0x0000000760700000)
 Metaspace       used 157234K, capacity 179708K, committed 179952K, reserved 1204224K
  class space    used 18462K, capacity 24338K, committed 24368K, reserved 1048576K
Event: 61118.863 GC heap after
Heap after GC invocations=910 (full 6):
 PSYoungGen      total 652288K, used 32701K [0x0000000795580000, 0x00000007bff00000, 0x00000007c0000000)
  eden space 607744K, 0% used [0x0000000795580000,0x0000000795580000,0x00000007ba700000)
  from space 44544K, 73% used [0x00000007bd280000,0x00000007bf26f460,0x00000007bfe00000)
  to   space 44544K, 0% used [0x00000007ba700000,0x00000007ba700000,0x00000007bd280000)
 ParOldGen       total 531456K, used 489018K [0x0000000740000000, 0x0000000760700000, 0x0000000795580000)
  object space 531456K, 92% used [0x0000000740000000,0x000000075dd8eb58,0x0000000760700000)
 Metaspace       used 157234K, capacity 179708K, committed 179952K, reserved 1204224K
  class space    used 18462K, capacity 24338K, committed 24368K, reserved 1048576K
}
Event: 61432.235 GC heap before
{Heap before GC invocations=911 (full 6):
 PSYoungGen      total 652288K, used 640445K [0x0000000795580000, 0x00000007bff00000, 0x00000007c0000000)
  eden space 607744K, 100% used [0x0000000795580000,0x00000007ba700000,0x00000007ba700000)
  from space 44544K, 73% used [0x00000007bd280000,0x00000007bf26f460,0x00000007bfe00000)
  to   space 44544K, 0% used [0x00000007ba700000,0x00000007ba700000,0x00000007bd280000)
 ParOldGen       total 531456K, used 489018K [0x0000000740000000, 0x0000000760700000, 0x0000000795580000)
  object space 531456K, 92% used [0x0000000740000000,0x000000075dd8eb58,0x0000000760700000)
 Metaspace       used 157238K, capacity 179708K, committed 179952K, reserved 1204224K
  class space    used 18462K, capacity 24338K, committed 24368K, reserved 1048576K
Event: 61432.298 GC heap after
Heap after GC invocations=911 (full 6):
 PSYoungGen      total 652288K, used 34353K [0x0000000795580000, 0x00000007c0000000, 0x00000007c0000000)
  eden space 607744K, 0% used [0x0000000795580000,0x0000000795580000,0x00000007ba700000)
  from space 44544K, 77% used [0x00000007ba700000,0x00000007bc88c538,0x00000007bd280000)
  to   space 44544K, 0% used [0x00000007bd480000,0x00000007bd480000,0x00000007c0000000)
 ParOldGen       total 531456K, used 489961K [0x0000000740000000, 0x0000000760700000, 0x0000000795580000)
  object space 531456K, 92% used [0x0000000740000000,0x000000075de7a528,0x0000000760700000)
 Metaspace       used 157238K, capacity 179708K, committed 179952K, reserved 1204224K
  class space    used 18462K, capacity 24338K, committed 24368K, reserved 1048576K
}
Event: 62012.027 GC heap before
{Heap before GC invocations=912 (full 6):
 PSYoungGen      total 652288K, used 642097K [0x0000000795580000, 0x00000007c0000000, 0x00000007c0000000)
  eden space 607744K, 100% used [0x0000000795580000,0x00000007ba700000,0x00000007ba700000)
  from space 44544K, 77% used [0x00000007ba700000,0x00000007bc88c538,0x00000007bd280000)
  to   space 44544K, 0% used [0x00000007bd480000,0x00000007bd480000,0x00000007c0000000)
 ParOldGen       total 531456K, used 489961K [0x0000000740000000, 0x0000000760700000, 0x0000000795580000)
  object space 531456K, 92% used [0x0000000740000000,0x000000075de7a528,0x0000000760700000)
 Metaspace       used 157246K, capacity 179708K, committed 179952K, reserved 1204224K
  class space    used 18462K, capacity 24338K, committed 24368K, reserved 1048576K
Event: 62012.274 GC heap after
Heap after GC invocations=912 (full 6):
 PSYoungGen      total 654336K, used 29761K [0x0000000795580000, 0x00000007c0000000, 0x00000007c0000000)
  eden space 609792K, 0% used [0x0000000795580000,0x0000000795580000,0x00000007ba900000)
  from space 44544K, 66% used [0x00000007bd480000,0x00000007bf1907d8,0x00000007c0000000)
  to   space 44544K, 0% used [0x00000007ba900000,0x00000007ba900000,0x00000007bd480000)
 ParOldGen       total 531456K, used 490553K [0x0000000740000000, 0x0000000760700000, 0x0000000795580000)
  object space 531456K, 92% used [0x0000000740000000,0x000000075df0e528,0x0000000760700000)
 Metaspace       used 157246K, capacity 179708K, committed 179952K, reserved 1204224K
  class space    used 18462K, capacity 24338K, committed 24368K, reserved 1048576K
}

