# JRE version: Java(TM) SE Runtime Environment (8.0_131-b11) (build 1.8.0_131-b11)
# Java VM: Java HotSpot(TM) 64-Bit Server VM (25.131-b11 mixed mode bsd-amd64 compressed oops)
Heap:
 PSYoungGen      total 337920K, used 26021K [0x0000000795580000, 0x00000007aba00000, 0x00000007c0000000)
  eden space 311808K, 1% used [0x0000000795580000,0x0000000795b11858,0x00000007a8600000)
  from space 26112K, 77% used [0x00000007aa000000,0x00000007ab3d7c08,0x00000007ab980000)
  to   space 26624K, 0% used [0x00000007a8600000,0x00000007a8600000,0x00000007aa000000)
 ParOldGen       total 416256K, used 297553K [0x0000000740000000, 0x0000000759680000, 0x0000000795580000)
  object space 416256K, 71% used [0x0000000740000000,0x00000007522944a0,0x0000000759680000)
 Metaspace       used 147287K, capacity 165185K, committed 165464K, reserved 1193984K
  class space    used 17136K, capacity 21824K, committed 21848K, reserved 1048576K
GC Heap History (10 events):
Event: 206669.390 GC heap before
{Heap before GC invocations=562 (full 6):
 PSYoungGen      total 330752K, used 314810K [0x0000000795580000, 0x00000007ab400000, 0x00000007c0000000)
  eden space 303616K, 100% used [0x0000000795580000,0x00000007a7e00000,0x00000007a7e00000)
  from space 27136K, 41% used [0x00000007a7e00000,0x00000007a88eeae8,0x00000007a9880000)
  to   space 26624K, 0% used [0x00000007a9a00000,0x00000007a9a00000,0x00000007ab400000)
 ParOldGen       total 416256K, used 296345K [0x0000000740000000, 0x0000000759680000, 0x0000000795580000)
  object space 416256K, 71% used [0x0000000740000000,0x00000007521664a0,0x0000000759680000)
 Metaspace       used 147263K, capacity 165121K, committed 165208K, reserved 1191936K
  class space    used 17136K, capacity 21824K, committed 21848K, reserved 1048576K
Event: 206669.450 GC heap after
Heap after GC invocations=562 (full 6):
 PSYoungGen      total 332288K, used 15954K [0x0000000795580000, 0x00000007ab380000, 0x00000007c0000000)
  eden space 306176K, 0% used [0x0000000795580000,0x0000000795580000,0x00000007a8080000)
  from space 26112K, 61% used [0x00000007a9a00000,0x00000007aa994b68,0x00000007ab380000)
  to   space 26112K, 0% used [0x00000007a8080000,0x00000007a8080000,0x00000007a9a00000)
 ParOldGen       total 416256K, used 296569K [0x0000000740000000, 0x0000000759680000, 0x0000000795580000)
  object space 416256K, 71% used [0x0000000740000000,0x000000075219e4a0,0x0000000759680000)
 Metaspace       used 147263K, capacity 165121K, committed 165208K, reserved 1191936K
  class space    used 17136K, capacity 21824K, committed 21848K, reserved 1048576K
}
Event: 206750.256 GC heap before
{Heap before GC invocations=563 (full 6):
 PSYoungGen      total 332288K, used 322130K [0x0000000795580000, 0x00000007ab380000, 0x00000007c0000000)
  eden space 306176K, 100% used [0x0000000795580000,0x00000007a8080000,0x00000007a8080000)
  from space 26112K, 61% used [0x00000007a9a00000,0x00000007aa994b68,0x00000007ab380000)
  to   space 26112K, 0% used [0x00000007a8080000,0x00000007a8080000,0x00000007a9a00000)
 ParOldGen       total 416256K, used 296569K [0x0000000740000000, 0x0000000759680000, 0x0000000795580000)
  object space 416256K, 71% used [0x0000000740000000,0x000000075219e4a0,0x0000000759680000)
 Metaspace       used 147264K, capacity 165121K, committed 165208K, reserved 1191936K
  class space    used 17136K, capacity 21824K, committed 21848K, reserved 1048576K
Event: 206750.367 GC heap after
Heap after GC invocations=563 (full 6):
 PSYoungGen      total 332288K, used 16861K [0x0000000795580000, 0x00000007ab600000, 0x00000007c0000000)
  eden space 306176K, 0% used [0x0000000795580000,0x0000000795580000,0x00000007a8080000)
  from space 26112K, 64% used [0x00000007a8080000,0x00000007a90f7760,0x00000007a9a00000)
  to   space 25600K, 0% used [0x00000007a9d00000,0x00000007a9d00000,0x00000007ab600000)
 ParOldGen       total 416256K, used 296729K [0x0000000740000000, 0x0000000759680000, 0x0000000795580000)
  object space 416256K, 71% used [0x0000000740000000,0x00000007521c64a0,0x0000000759680000)
 Metaspace       used 147264K, capacity 165121K, committed 165208K, reserved 1191936K
  class space    used 17136K, capacity 21824K, committed 21848K, reserved 1048576K
}
Event: 206899.257 GC heap before
{Heap before GC invocations=564 (full 6):
 PSYoungGen      total 332288K, used 323037K [0x0000000795580000, 0x00000007ab600000, 0x00000007c0000000)
  eden space 306176K, 100% used [0x0000000795580000,0x00000007a8080000,0x00000007a8080000)
  from space 26112K, 64% used [0x00000007a8080000,0x00000007a90f7760,0x00000007a9a00000)
  to   space 25600K, 0% used [0x00000007a9d00000,0x00000007a9d00000,0x00000007ab600000)
 ParOldGen       total 416256K, used 296729K [0x0000000740000000, 0x0000000759680000, 0x0000000795580000)
  object space 416256K, 71% used [0x0000000740000000,0x00000007521c64a0,0x0000000759680000)
 Metaspace       used 147264K, capacity 165121K, committed 165208K, reserved 1191936K
  class space    used 17136K, capacity 21824K, committed 21848K, reserved 1048576K
Event: 206899.299 GC heap after
Heap after GC invocations=564 (full 6):
 PSYoungGen      total 334336K, used 17384K [0x0000000795580000, 0x00000007ab580000, 0x00000007c0000000)
  eden space 309248K, 0% used [0x0000000795580000,0x0000000795580000,0x00000007a8380000)
  from space 25088K, 69% used [0x00000007a9d00000,0x00000007aadfa238,0x00000007ab580000)
  to   space 25600K, 0% used [0x00000007a8380000,0x00000007a8380000,0x00000007a9c80000)
 ParOldGen       total 416256K, used 296929K [0x0000000740000000, 0x0000000759680000, 0x0000000795580000)
  object space 416256K, 71% used [0x0000000740000000,0x00000007521f84a0,0x0000000759680000)
 Metaspace       used 147264K, capacity 165121K, committed 165208K, reserved 1191936K
  class space    used 17136K, capacity 21824K, committed 21848K, reserved 1048576K
}
Event: 207004.277 GC heap before
{Heap before GC invocations=565 (full 6):
 PSYoungGen      total 334336K, used 326632K [0x0000000795580000, 0x00000007ab580000, 0x00000007c0000000)
  eden space 309248K, 100% used [0x0000000795580000,0x00000007a8380000,0x00000007a8380000)
  from space 25088K, 69% used [0x00000007a9d00000,0x00000007aadfa238,0x00000007ab580000)
  to   space 25600K, 0% used [0x00000007a8380000,0x00000007a8380000,0x00000007a9c80000)
 ParOldGen       total 416256K, used 296929K [0x0000000740000000, 0x0000000759680000, 0x0000000795580000)
  object space 416256K, 71% used [0x0000000740000000,0x00000007521f84a0,0x0000000759680000)
 Metaspace       used 147264K, capacity 165121K, committed 165208K, reserved 1191936K
  class space    used 17136K, capacity 21824K, committed 21848K, reserved 1048576K
Event: 207004.366 GC heap after
Heap after GC invocations=565 (full 6):
 PSYoungGen      total 334848K, used 20041K [0x0000000795580000, 0x00000007ab980000, 0x00000007c0000000)
  eden space 309248K, 0% used [0x0000000795580000,0x0000000795580000,0x00000007a8380000)
  from space 25600K, 78% used [0x00000007a8380000,0x00000007a9712480,0x00000007a9c80000)
  to   space 26112K, 0% used [0x00000007aa000000,0x00000007aa000000,0x00000007ab980000)
 ParOldGen       total 416256K, used 297177K [0x0000000740000000, 0x0000000759680000, 0x0000000795580000)
  object space 416256K, 71% used [0x0000000740000000,0x00000007522364a0,0x0000000759680000)
 Metaspace       used 147264K, capacity 165121K, committed 165208K, reserved 1191936K
  class space    used 17136K, capacity 21824K, committed 21848K, reserved 1048576K
}
Event: 219512.133 GC heap before
{Heap before GC invocations=566 (full 6):
 PSYoungGen      total 334848K, used 329289K [0x0000000795580000, 0x00000007ab980000, 0x00000007c0000000)
  eden space 309248K, 100% used [0x0000000795580000,0x00000007a8380000,0x00000007a8380000)
  from space 25600K, 78% used [0x00000007a8380000,0x00000007a9712480,0x00000007a9c80000)
  to   space 26112K, 0% used [0x00000007aa000000,0x00000007aa000000,0x00000007ab980000)
 ParOldGen       total 416256K, used 297177K [0x0000000740000000, 0x0000000759680000, 0x0000000795580000)
  object space 416256K, 71% used [0x0000000740000000,0x00000007522364a0,0x0000000759680000)
 Metaspace       used 147287K, capacity 165185K, committed 165464K, reserved 1193984K
  class space    used 17136K, capacity 21824K, committed 21848K, reserved 1048576K
Event: 219513.399 GC heap after
Heap after GC invocations=566 (full 6):
 PSYoungGen      total 337920K, used 20319K [0x0000000795580000, 0x00000007aba00000, 0x00000007c0000000)
  eden space 311808K, 0% used [0x0000000795580000,0x0000000795580000,0x00000007a8600000)
  from space 26112K, 77% used [0x00000007aa000000,0x00000007ab3d7c08,0x00000007ab980000)
  to   space 26624K, 0% used [0x00000007a8600000,0x00000007a8600000,0x00000007aa000000)
 ParOldGen       total 416256K, used 297553K [0x0000000740000000, 0x0000000759680000, 0x0000000795580000)
  object space 416256K, 71% used [0x0000000740000000,0x00000007522944a0,0x0000000759680000)
 Metaspace       used 147287K, capacity 165185K, committed 165464K, reserved 1193984K
  class space    used 17136K, capacity 21824K, committed 21848K, reserved 1048576K
}

