# JRE version: Java(TM) SE Runtime Environment (8.0_131-b11) (build 1.8.0_131-b11)
# Java VM: Java HotSpot(TM) 64-Bit Server VM (25.131-b11 mixed mode bsd-amd64 compressed oops)
Heap:
 PSYoungGen      total 94208K, used 10134K [0x0000000795580000, 0x000000079c780000, 0x00000007c0000000)
  eden space 72704K, 9% used [0x0000000795580000,0x0000000795bfaa30,0x0000000799c80000)
  from space 21504K, 16% used [0x000000079b280000,0x000000079b5eaee8,0x000000079c780000)
  to   space 22016K, 0% used [0x0000000799c80000,0x0000000799c80000,0x000000079b200000)
 ParOldGen       total 330752K, used 127219K [0x0000000740000000, 0x0000000754300000, 0x0000000795580000)
  object space 330752K, 38% used [0x0000000740000000,0x0000000747c3cc30,0x0000000754300000)
 Metaspace       used 139752K, capacity 158401K, committed 159640K, reserved 1187840K
  class space    used 16511K, capacity 21184K, committed 21424K, reserved 1048576K
GC Heap History (10 events):
Event: 22198.512 GC heap before
{Heap before GC invocations=183 (full 5):
 PSYoungGen      total 90112K, used 71881K [0x0000000795580000, 0x000000079c580000, 0x00000007c0000000)
  eden space 68608K, 100% used [0x0000000795580000,0x0000000799880000,0x0000000799880000)
  from space 21504K, 15% used [0x0000000799880000,0x0000000799bb2738,0x000000079ad80000)
  to   space 22016K, 0% used [0x000000079b000000,0x000000079b000000,0x000000079c580000)
 ParOldGen       total 330752K, used 127219K [0x0000000740000000, 0x0000000754300000, 0x0000000795580000)
  object space 330752K, 38% used [0x0000000740000000,0x0000000747c3cc30,0x0000000754300000)
 Metaspace       used 139733K, capacity 158401K, committed 159640K, reserved 1187840K
  class space    used 16510K, capacity 21184K, committed 21424K, reserved 1048576K
Event: 22198.523 GC heap after
Heap after GC invocations=183 (full 5):
 PSYoungGen      total 92160K, used 3339K [0x0000000795580000, 0x000000079c680000, 0x00000007c0000000)
  eden space 70144K, 0% used [0x0000000795580000,0x0000000795580000,0x0000000799a00000)
  from space 22016K, 15% used [0x000000079b000000,0x000000079b342ee8,0x000000079c580000)
  to   space 22528K, 0% used [0x0000000799a00000,0x0000000799a00000,0x000000079b000000)
 ParOldGen       total 330752K, used 127219K [0x0000000740000000, 0x0000000754300000, 0x0000000795580000)
  object space 330752K, 38% used [0x0000000740000000,0x0000000747c3cc30,0x0000000754300000)
 Metaspace       used 139733K, capacity 158401K, committed 159640K, reserved 1187840K
  class space    used 16510K, capacity 21184K, committed 21424K, reserved 1048576K
}
Event: 23528.245 GC heap before
{Heap before GC invocations=184 (full 5):
 PSYoungGen      total 92160K, used 73483K [0x0000000795580000, 0x000000079c680000, 0x00000007c0000000)
  eden space 70144K, 100% used [0x0000000795580000,0x0000000799a00000,0x0000000799a00000)
  from space 22016K, 15% used [0x000000079b000000,0x000000079b342ee8,0x000000079c580000)
  to   space 22528K, 0% used [0x0000000799a00000,0x0000000799a00000,0x000000079b000000)
 ParOldGen       total 330752K, used 127219K [0x0000000740000000, 0x0000000754300000, 0x0000000795580000)
  object space 330752K, 38% used [0x0000000740000000,0x0000000747c3cc30,0x0000000754300000)
 Metaspace       used 139737K, capacity 158401K, committed 159640K, reserved 1187840K
  class space    used 16510K, capacity 21184K, committed 21424K, reserved 1048576K
Event: 23528.336 GC heap after
Heap after GC invocations=184 (full 5):
 PSYoungGen      total 92672K, used 3499K [0x0000000795580000, 0x000000079c880000, 0x00000007c0000000)
  eden space 70144K, 0% used [0x0000000795580000,0x0000000795580000,0x0000000799a00000)
  from space 22528K, 15% used [0x0000000799a00000,0x0000000799d6aee8,0x000000079b000000)
  to   space 23040K, 0% used [0x000000079b200000,0x000000079b200000,0x000000079c880000)
 ParOldGen       total 330752K, used 127219K [0x0000000740000000, 0x0000000754300000, 0x0000000795580000)
  object space 330752K, 38% used [0x0000000740000000,0x0000000747c3cc30,0x0000000754300000)
 Metaspace       used 139737K, capacity 158401K, committed 159640K, reserved 1187840K
  class space    used 16510K, capacity 21184K, committed 21424K, reserved 1048576K
}
Event: 24701.302 GC heap before
{Heap before GC invocations=185 (full 5):
 PSYoungGen      total 92672K, used 73643K [0x0000000795580000, 0x000000079c880000, 0x00000007c0000000)
  eden space 70144K, 100% used [0x0000000795580000,0x0000000799a00000,0x0000000799a00000)
  from space 22528K, 15% used [0x0000000799a00000,0x0000000799d6aee8,0x000000079b000000)
  to   space 23040K, 0% used [0x000000079b200000,0x000000079b200000,0x000000079c880000)
 ParOldGen       total 330752K, used 127219K [0x0000000740000000, 0x0000000754300000, 0x0000000795580000)
  object space 330752K, 38% used [0x0000000740000000,0x0000000747c3cc30,0x0000000754300000)
 Metaspace       used 139737K, capacity 158401K, committed 159640K, reserved 1187840K
  class space    used 16510K, capacity 21184K, committed 21424K, reserved 1048576K
Event: 24701.467 GC heap after
Heap after GC invocations=185 (full 5):
 PSYoungGen      total 94720K, used 3403K [0x0000000795580000, 0x000000079c880000, 0x00000007c0000000)
  eden space 71680K, 0% used [0x0000000795580000,0x0000000795580000,0x0000000799b80000)
  from space 23040K, 14% used [0x000000079b200000,0x000000079b552ee8,0x000000079c880000)
  to   space 23040K, 0% used [0x0000000799b80000,0x0000000799b80000,0x000000079b200000)
 ParOldGen       total 330752K, used 127219K [0x0000000740000000, 0x0000000754300000, 0x0000000795580000)
  object space 330752K, 38% used [0x0000000740000000,0x0000000747c3cc30,0x0000000754300000)
 Metaspace       used 139737K, capacity 158401K, committed 159640K, reserved 1187840K
  class space    used 16510K, capacity 21184K, committed 21424K, reserved 1048576K
}
Event: 27221.953 GC heap before
{Heap before GC invocations=186 (full 5):
 PSYoungGen      total 94720K, used 75083K [0x0000000795580000, 0x000000079c880000, 0x00000007c0000000)
  eden space 71680K, 100% used [0x0000000795580000,0x0000000799b80000,0x0000000799b80000)
  from space 23040K, 14% used [0x000000079b200000,0x000000079b552ee8,0x000000079c880000)
  to   space 23040K, 0% used [0x0000000799b80000,0x0000000799b80000,0x000000079b200000)
 ParOldGen       total 330752K, used 127219K [0x0000000740000000, 0x0000000754300000, 0x0000000795580000)
  object space 330752K, 38% used [0x0000000740000000,0x0000000747c3cc30,0x0000000754300000)
 Metaspace       used 139737K, capacity 158401K, committed 159640K, reserved 1187840K
  class space    used 16510K, capacity 21184K, committed 21424K, reserved 1048576K
Event: 27222.159 GC heap after
Heap after GC invocations=186 (full 5):
 PSYoungGen      total 94720K, used 3176K [0x0000000795580000, 0x000000079c880000, 0x00000007c0000000)
  eden space 71680K, 0% used [0x0000000795580000,0x0000000795580000,0x0000000799b80000)
  from space 23040K, 13% used [0x0000000799b80000,0x0000000799e9a108,0x000000079b200000)
  to   space 22528K, 0% used [0x000000079b280000,0x000000079b280000,0x000000079c880000)
 ParOldGen       total 330752K, used 127219K [0x0000000740000000, 0x0000000754300000, 0x0000000795580000)
  object space 330752K, 38% used [0x0000000740000000,0x0000000747c3cc30,0x0000000754300000)
 Metaspace       used 139737K, capacity 158401K, committed 159640K, reserved 1187840K
  class space    used 16510K, capacity 21184K, committed 21424K, reserved 1048576K
}
Event: 30736.246 GC heap before
{Heap before GC invocations=187 (full 5):
 PSYoungGen      total 94720K, used 74856K [0x0000000795580000, 0x000000079c880000, 0x00000007c0000000)
  eden space 71680K, 100% used [0x0000000795580000,0x0000000799b80000,0x0000000799b80000)
  from space 23040K, 13% used [0x0000000799b80000,0x0000000799e9a108,0x000000079b200000)
  to   space 22528K, 0% used [0x000000079b280000,0x000000079b280000,0x000000079c880000)
 ParOldGen       total 330752K, used 127219K [0x0000000740000000, 0x0000000754300000, 0x0000000795580000)
  object space 330752K, 38% used [0x0000000740000000,0x0000000747c3cc30,0x0000000754300000)
 Metaspace       used 139752K, capacity 158401K, committed 159640K, reserved 1187840K
  class space    used 16511K, capacity 21184K, committed 21424K, reserved 1048576K
Event: 30736.352 GC heap after
Heap after GC invocations=187 (full 5):
 PSYoungGen      total 94208K, used 3499K [0x0000000795580000, 0x000000079c780000, 0x00000007c0000000)
  eden space 72704K, 0% used [0x0000000795580000,0x0000000795580000,0x0000000799c80000)
  from space 21504K, 16% used [0x000000079b280000,0x000000079b5eaee8,0x000000079c780000)
  to   space 22016K, 0% used [0x0000000799c80000,0x0000000799c80000,0x000000079b200000)
 ParOldGen       total 330752K, used 127219K [0x0000000740000000, 0x0000000754300000, 0x0000000795580000)
  object space 330752K, 38% used [0x0000000740000000,0x0000000747c3cc30,0x0000000754300000)
 Metaspace       used 139752K, capacity 158401K, committed 159640K, reserved 1187840K
  class space    used 16511K, capacity 21184K, committed 21424K, reserved 1048576K
}

