# JRE version: Java(TM) SE Runtime Environment (8.0_131-b11) (build 1.8.0_131-b11)
# Java VM: Java HotSpot(TM) 64-Bit Server VM (25.131-b11 mixed mode bsd-amd64 compressed oops)
Heap:
 PSYoungGen      total 188928K, used 25246K [0x0000000795580000, 0x00000007a2b80000, 0x00000007c0000000)
  eden space 157696K, 5% used [0x0000000795580000,0x0000000795d791a0,0x000000079ef80000)
  from space 31232K, 54% used [0x000000079ef80000,0x00000007a002e9c8,0x00000007a0e00000)
  to   space 30208K, 0% used [0x00000007a0e00000,0x00000007a0e00000,0x00000007a2b80000)
 ParOldGen       total 633344K, used 339198K [0x0000000740000000, 0x0000000766a80000, 0x0000000795580000)
  object space 633344K, 53% used [0x0000000740000000,0x0000000754b3fbc0,0x0000000766a80000)
 Metaspace       used 122276K, capacity 139655K, committed 139800K, reserved 1169408K
  class space    used 14813K, capacity 19415K, committed 19504K, reserved 1048576K
GC Heap History (10 events):
Event: 125471.743 GC heap before
{Heap before GC invocations=385 (full 6):
 PSYoungGen      total 188416K, used 171981K [0x0000000795580000, 0x00000007a3100000, 0x00000007c0000000)
  eden space 155136K, 100% used [0x0000000795580000,0x000000079ed00000,0x000000079ed00000)
  from space 33280K, 50% used [0x00000007a1080000,0x00000007a20f3698,0x00000007a3100000)
  to   space 34816K, 0% used [0x000000079ed00000,0x000000079ed00000,0x00000007a0f00000)
 ParOldGen       total 633344K, used 335324K [0x0000000740000000, 0x0000000766a80000, 0x0000000795580000)
  object space 633344K, 52% used [0x0000000740000000,0x0000000754777210,0x0000000766a80000)
 Metaspace       used 122220K, capacity 139463K, committed 139800K, reserved 1169408K
  class space    used 14807K, capacity 19415K, committed 19504K, reserved 1048576K
Event: 125471.947 GC heap after
Heap after GC invocations=385 (full 6):
 PSYoungGen      total 189952K, used 15659K [0x0000000795580000, 0x00000007a3200000, 0x00000007c0000000)
  eden space 155136K, 0% used [0x0000000795580000,0x0000000795580000,0x000000079ed00000)
  from space 34816K, 44% used [0x000000079ed00000,0x000000079fc4ace0,0x00000007a0f00000)
  to   space 34304K, 0% used [0x00000007a1080000,0x00000007a1080000,0x00000007a3200000)
 ParOldGen       total 633344K, used 336924K [0x0000000740000000, 0x0000000766a80000, 0x0000000795580000)
  object space 633344K, 53% used [0x0000000740000000,0x0000000754907220,0x0000000766a80000)
 Metaspace       used 122220K, capacity 139463K, committed 139800K, reserved 1169408K
  class space    used 14807K, capacity 19415K, committed 19504K, reserved 1048576K
}
Event: 127001.824 GC heap before
{Heap before GC invocations=386 (full 6):
 PSYoungGen      total 189952K, used 170795K [0x0000000795580000, 0x00000007a3200000, 0x00000007c0000000)
  eden space 155136K, 100% used [0x0000000795580000,0x000000079ed00000,0x000000079ed00000)
  from space 34816K, 44% used [0x000000079ed00000,0x000000079fc4ace0,0x00000007a0f00000)
  to   space 34304K, 0% used [0x00000007a1080000,0x00000007a1080000,0x00000007a3200000)
 ParOldGen       total 633344K, used 336924K [0x0000000740000000, 0x0000000766a80000, 0x0000000795580000)
  object space 633344K, 53% used [0x0000000740000000,0x0000000754907220,0x0000000766a80000)
 Metaspace       used 122220K, capacity 139463K, committed 139800K, reserved 1169408K
  class space    used 14807K, capacity 19415K, committed 19504K, reserved 1048576K
Event: 127001.969 GC heap after
Heap after GC invocations=386 (full 6):
 PSYoungGen      total 188416K, used 15216K [0x0000000795580000, 0x00000007a2f80000, 0x00000007c0000000)
  eden space 156672K, 0% used [0x0000000795580000,0x0000000795580000,0x000000079ee80000)
  from space 31744K, 47% used [0x00000007a1080000,0x00000007a1f5c198,0x00000007a2f80000)
  to   space 33280K, 0% used [0x000000079ee80000,0x000000079ee80000,0x00000007a0f00000)
 ParOldGen       total 633344K, used 337664K [0x0000000740000000, 0x0000000766a80000, 0x0000000795580000)
  object space 633344K, 53% used [0x0000000740000000,0x00000007549c00f8,0x0000000766a80000)
 Metaspace       used 122220K, capacity 139463K, committed 139800K, reserved 1169408K
  class space    used 14807K, capacity 19415K, committed 19504K, reserved 1048576K
}
Event: 128752.599 GC heap before
{Heap before GC invocations=387 (full 6):
 PSYoungGen      total 188416K, used 171888K [0x0000000795580000, 0x00000007a2f80000, 0x00000007c0000000)
  eden space 156672K, 100% used [0x0000000795580000,0x000000079ee80000,0x000000079ee80000)
  from space 31744K, 47% used [0x00000007a1080000,0x00000007a1f5c198,0x00000007a2f80000)
  to   space 33280K, 0% used [0x000000079ee80000,0x000000079ee80000,0x00000007a0f00000)
 ParOldGen       total 633344K, used 337664K [0x0000000740000000, 0x0000000766a80000, 0x0000000795580000)
  object space 633344K, 53% used [0x0000000740000000,0x00000007549c00f8,0x0000000766a80000)
 Metaspace       used 122222K, capacity 139463K, committed 139800K, reserved 1169408K
  class space    used 14807K, capacity 19415K, committed 19504K, reserved 1048576K
Event: 128752.693 GC heap after
Heap after GC invocations=387 (full 6):
 PSYoungGen      total 189952K, used 17805K [0x0000000795580000, 0x00000007a2f00000, 0x00000007c0000000)
  eden space 156672K, 0% used [0x0000000795580000,0x0000000795580000,0x000000079ee80000)
  from space 33280K, 53% used [0x000000079ee80000,0x000000079ffe3560,0x00000007a0f00000)
  to   space 32256K, 0% used [0x00000007a0f80000,0x00000007a0f80000,0x00000007a2f00000)
 ParOldGen       total 633344K, used 337829K [0x0000000740000000, 0x0000000766a80000, 0x0000000795580000)
  object space 633344K, 53% used [0x0000000740000000,0x00000007549e9770,0x0000000766a80000)
 Metaspace       used 122222K, capacity 139463K, committed 139800K, reserved 1169408K
  class space    used 14807K, capacity 19415K, committed 19504K, reserved 1048576K
}
Event: 130493.092 GC heap before
{Heap before GC invocations=388 (full 6):
 PSYoungGen      total 189952K, used 174477K [0x0000000795580000, 0x00000007a2f00000, 0x00000007c0000000)
  eden space 156672K, 100% used [0x0000000795580000,0x000000079ee80000,0x000000079ee80000)
  from space 33280K, 53% used [0x000000079ee80000,0x000000079ffe3560,0x00000007a0f00000)
  to   space 32256K, 0% used [0x00000007a0f80000,0x00000007a0f80000,0x00000007a2f00000)
 ParOldGen       total 633344K, used 337829K [0x0000000740000000, 0x0000000766a80000, 0x0000000795580000)
  object space 633344K, 53% used [0x0000000740000000,0x00000007549e9770,0x0000000766a80000)
 Metaspace       used 122231K, capacity 139463K, committed 139800K, reserved 1169408K
  class space    used 14807K, capacity 19415K, committed 19504K, reserved 1048576K
Event: 130493.249 GC heap after
Heap after GC invocations=388 (full 6):
 PSYoungGen      total 187392K, used 17569K [0x0000000795580000, 0x00000007a2c80000, 0x00000007c0000000)
  eden space 157696K, 0% used [0x0000000795580000,0x0000000795580000,0x000000079ef80000)
  from space 29696K, 59% used [0x00000007a0f80000,0x00000007a20a8768,0x00000007a2c80000)
  to   space 31232K, 0% used [0x000000079ef80000,0x000000079ef80000,0x00000007a0e00000)
 ParOldGen       total 633344K, used 338922K [0x0000000740000000, 0x0000000766a80000, 0x0000000795580000)
  object space 633344K, 53% used [0x0000000740000000,0x0000000754afabb0,0x0000000766a80000)
 Metaspace       used 122231K, capacity 139463K, committed 139800K, reserved 1169408K
  class space    used 14807K, capacity 19415K, committed 19504K, reserved 1048576K
}
Event: 133003.186 GC heap before
{Heap before GC invocations=389 (full 6):
 PSYoungGen      total 187392K, used 175265K [0x0000000795580000, 0x00000007a2c80000, 0x00000007c0000000)
  eden space 157696K, 100% used [0x0000000795580000,0x000000079ef80000,0x000000079ef80000)
  from space 29696K, 59% used [0x00000007a0f80000,0x00000007a20a8768,0x00000007a2c80000)
  to   space 31232K, 0% used [0x000000079ef80000,0x000000079ef80000,0x00000007a0e00000)
 ParOldGen       total 633344K, used 338922K [0x0000000740000000, 0x0000000766a80000, 0x0000000795580000)
  object space 633344K, 53% used [0x0000000740000000,0x0000000754afabb0,0x0000000766a80000)
 Metaspace       used 122276K, capacity 139655K, committed 139800K, reserved 1169408K
  class space    used 14813K, capacity 19415K, committed 19504K, reserved 1048576K
Event: 133003.372 GC heap after
Heap after GC invocations=389 (full 6):
 PSYoungGen      total 188928K, used 17082K [0x0000000795580000, 0x00000007a2b80000, 0x00000007c0000000)
  eden space 157696K, 0% used [0x0000000795580000,0x0000000795580000,0x000000079ef80000)
  from space 31232K, 54% used [0x000000079ef80000,0x00000007a002e9c8,0x00000007a0e00000)
  to   space 30208K, 0% used [0x00000007a0e00000,0x00000007a0e00000,0x00000007a2b80000)
 ParOldGen       total 633344K, used 339198K [0x0000000740000000, 0x0000000766a80000, 0x0000000795580000)
  object space 633344K, 53% used [0x0000000740000000,0x0000000754b3fbc0,0x0000000766a80000)
 Metaspace       used 122276K, capacity 139655K, committed 139800K, reserved 1169408K
  class space    used 14813K, capacity 19415K, committed 19504K, reserved 1048576K
}

