# JRE version: Java(TM) SE Runtime Environment (8.0_131-b11) (build 1.8.0_131-b11)
# Java VM: Java HotSpot(TM) 64-Bit Server VM (25.131-b11 mixed mode bsd-amd64 compressed oops)
Heap:
 PSYoungGen      total 198144K, used 18660K [0x0000000795580000, 0x00000007a3280000, 0x00000007c0000000)
  eden space 181248K, 3% used [0x0000000795580000,0x0000000795b38030,0x00000007a0680000)
  from space 16896K, 75% used [0x00000007a2200000,0x00000007a2e812f0,0x00000007a3280000)
  to   space 22528K, 0% used [0x00000007a0680000,0x00000007a0680000,0x00000007a1c80000)
 ParOldGen       total 245248K, used 100114K [0x0000000740000000, 0x000000074ef80000, 0x0000000795580000)
  object space 245248K, 40% used [0x0000000740000000,0x00000007461c4868,0x000000074ef80000)
 Metaspace       used 93580K, capacity 107268K, committed 107544K, reserved 1142784K
  class space    used 11362K, capacity 15103K, committed 15136K, reserved 1048576K
GC Heap History (10 events):
Event: 25163.977 GC heap before
{Heap before GC invocations=46 (full 4):
 PSYoungGen      total 224256K, used 224147K [0x0000000795580000, 0x00000007a5180000, 0x00000007c0000000)
  eden space 208896K, 100% used [0x0000000795580000,0x00000007a2180000,0x00000007a2180000)
  from space 15360K, 99% used [0x00000007a2780000,0x00000007a3664d88,0x00000007a3680000)
  to   space 24576K, 0% used [0x00000007a3980000,0x00000007a3980000,0x00000007a5180000)
 ParOldGen       total 245248K, used 99322K [0x0000000740000000, 0x000000074ef80000, 0x0000000795580000)
  object space 245248K, 40% used [0x0000000740000000,0x00000007460fe868,0x000000074ef80000)
 Metaspace       used 93260K, capacity 106738K, committed 107032K, reserved 1140736K
  class space    used 11356K, capacity 15100K, committed 15136K, reserved 1048576K
Event: 25164.093 GC heap after
Heap after GC invocations=46 (full 4):
 PSYoungGen      total 219136K, used 14343K [0x0000000795580000, 0x00000007a4980000, 0x00000007c0000000)
  eden space 202752K, 0% used [0x0000000795580000,0x0000000795580000,0x00000007a1b80000)
  from space 16384K, 87% used [0x00000007a3980000,0x00000007a4781f10,0x00000007a4980000)
  to   space 23552K, 0% used [0x00000007a1b80000,0x00000007a1b80000,0x00000007a3280000)
 ParOldGen       total 245248K, used 99538K [0x0000000740000000, 0x000000074ef80000, 0x0000000795580000)
  object space 245248K, 40% used [0x0000000740000000,0x0000000746134868,0x000000074ef80000)
 Metaspace       used 93260K, capacity 106738K, committed 107032K, reserved 1140736K
  class space    used 11356K, capacity 15100K, committed 15136K, reserved 1048576K
}
Event: 26728.415 GC heap before
{Heap before GC invocations=47 (full 4):
 PSYoungGen      total 219136K, used 217095K [0x0000000795580000, 0x00000007a4980000, 0x00000007c0000000)
  eden space 202752K, 100% used [0x0000000795580000,0x00000007a1b80000,0x00000007a1b80000)
  from space 16384K, 87% used [0x00000007a3980000,0x00000007a4781f10,0x00000007a4980000)
  to   space 23552K, 0% used [0x00000007a1b80000,0x00000007a1b80000,0x00000007a3280000)
 ParOldGen       total 245248K, used 99538K [0x0000000740000000, 0x000000074ef80000, 0x0000000795580000)
  object space 245248K, 40% used [0x0000000740000000,0x0000000746134868,0x000000074ef80000)
 Metaspace       used 93381K, capacity 106994K, committed 107288K, reserved 1140736K
  class space    used 11356K, capacity 15100K, committed 15136K, reserved 1048576K
Event: 26728.563 GC heap after
Heap after GC invocations=47 (full 4):
 PSYoungGen      total 211968K, used 14824K [0x0000000795580000, 0x00000007a4300000, 0x00000007c0000000)
  eden space 197120K, 0% used [0x0000000795580000,0x0000000795580000,0x00000007a1600000)
  from space 14848K, 99% used [0x00000007a1b80000,0x00000007a29fa3d0,0x00000007a2a00000)
  to   space 23040K, 0% used [0x00000007a2c80000,0x00000007a2c80000,0x00000007a4300000)
 ParOldGen       total 245248K, used 99714K [0x0000000740000000, 0x000000074ef80000, 0x0000000795580000)
  object space 245248K, 40% used [0x0000000740000000,0x0000000746160868,0x000000074ef80000)
 Metaspace       used 93381K, capacity 106994K, committed 107288K, reserved 1140736K
  class space    used 11356K, capacity 15100K, committed 15136K, reserved 1048576K
}
Event: 27833.960 GC heap before
{Heap before GC invocations=48 (full 4):
 PSYoungGen      total 211968K, used 211944K [0x0000000795580000, 0x00000007a4300000, 0x00000007c0000000)
  eden space 197120K, 100% used [0x0000000795580000,0x00000007a1600000,0x00000007a1600000)
  from space 14848K, 99% used [0x00000007a1b80000,0x00000007a29fa3d0,0x00000007a2a00000)
  to   space 23040K, 0% used [0x00000007a2c80000,0x00000007a2c80000,0x00000007a4300000)
 ParOldGen       total 245248K, used 99714K [0x0000000740000000, 0x000000074ef80000, 0x0000000795580000)
  object space 245248K, 40% used [0x0000000740000000,0x0000000746160868,0x000000074ef80000)
 Metaspace       used 93466K, capacity 107140K, committed 107288K, reserved 1140736K
  class space    used 11362K, capacity 15103K, committed 15136K, reserved 1048576K
Event: 27834.017 GC heap after
Heap after GC invocations=48 (full 4):
 PSYoungGen      total 209920K, used 8910K [0x0000000795580000, 0x00000007a3e80000, 0x00000007c0000000)
  eden space 191488K, 0% used [0x0000000795580000,0x0000000795580000,0x00000007a1080000)
  from space 18432K, 48% used [0x00000007a2c80000,0x00000007a3533a80,0x00000007a3e80000)
  to   space 23552K, 0% used [0x00000007a1080000,0x00000007a1080000,0x00000007a2780000)
 ParOldGen       total 245248K, used 99922K [0x0000000740000000, 0x000000074ef80000, 0x0000000795580000)
  object space 245248K, 40% used [0x0000000740000000,0x0000000746194868,0x000000074ef80000)
 Metaspace       used 93466K, capacity 107140K, committed 107288K, reserved 1140736K
  class space    used 11362K, capacity 15103K, committed 15136K, reserved 1048576K
}
Event: 27993.242 GC heap before
{Heap before GC invocations=49 (full 4):
 PSYoungGen      total 209920K, used 200398K [0x0000000795580000, 0x00000007a3e80000, 0x00000007c0000000)
  eden space 191488K, 100% used [0x0000000795580000,0x00000007a1080000,0x00000007a1080000)
  from space 18432K, 48% used [0x00000007a2c80000,0x00000007a3533a80,0x00000007a3e80000)
  to   space 23552K, 0% used [0x00000007a1080000,0x00000007a1080000,0x00000007a2780000)
 ParOldGen       total 245248K, used 99922K [0x0000000740000000, 0x000000074ef80000, 0x0000000795580000)
  object space 245248K, 40% used [0x0000000740000000,0x0000000746194868,0x000000074ef80000)
 Metaspace       used 93547K, capacity 107268K, committed 107544K, reserved 1142784K
  class space    used 11362K, capacity 15103K, committed 15136K, reserved 1048576K
Event: 27993.459 GC heap after
Heap after GC invocations=49 (full 4):
 PSYoungGen      total 198144K, used 11431K [0x0000000795580000, 0x00000007a3880000, 0x00000007c0000000)
  eden space 186368K, 0% used [0x0000000795580000,0x0000000795580000,0x00000007a0b80000)
  from space 11776K, 97% used [0x00000007a1080000,0x00000007a1ba9cd8,0x00000007a1c00000)
  to   space 23040K, 0% used [0x00000007a2200000,0x00000007a2200000,0x00000007a3880000)
 ParOldGen       total 245248K, used 100042K [0x0000000740000000, 0x000000074ef80000, 0x0000000795580000)
  object space 245248K, 40% used [0x0000000740000000,0x00000007461b2868,0x000000074ef80000)
 Metaspace       used 93547K, capacity 107268K, committed 107544K, reserved 1142784K
  class space    used 11362K, capacity 15103K, committed 15136K, reserved 1048576K
}
Event: 35301.389 GC heap before
{Heap before GC invocations=50 (full 4):
 PSYoungGen      total 198144K, used 197799K [0x0000000795580000, 0x00000007a3880000, 0x00000007c0000000)
  eden space 186368K, 100% used [0x0000000795580000,0x00000007a0b80000,0x00000007a0b80000)
  from space 11776K, 97% used [0x00000007a1080000,0x00000007a1ba9cd8,0x00000007a1c00000)
  to   space 23040K, 0% used [0x00000007a2200000,0x00000007a2200000,0x00000007a3880000)
 ParOldGen       total 245248K, used 100042K [0x0000000740000000, 0x000000074ef80000, 0x0000000795580000)
  object space 245248K, 40% used [0x0000000740000000,0x00000007461b2868,0x000000074ef80000)
 Metaspace       used 93579K, capacity 107268K, committed 107544K, reserved 1142784K
  class space    used 11362K, capacity 15103K, committed 15136K, reserved 1048576K
Event: 35302.230 GC heap after
Heap after GC invocations=50 (full 4):
 PSYoungGen      total 198144K, used 12804K [0x0000000795580000, 0x00000007a3280000, 0x00000007c0000000)
  eden space 181248K, 0% used [0x0000000795580000,0x0000000795580000,0x00000007a0680000)
  from space 16896K, 75% used [0x00000007a2200000,0x00000007a2e812f0,0x00000007a3280000)
  to   space 22528K, 0% used [0x00000007a0680000,0x00000007a0680000,0x00000007a1c80000)
 ParOldGen       total 245248K, used 100114K [0x0000000740000000, 0x000000074ef80000, 0x0000000795580000)
  object space 245248K, 40% used [0x0000000740000000,0x00000007461c4868,0x000000074ef80000)
 Metaspace       used 93579K, capacity 107268K, committed 107544K, reserved 1142784K
  class space    used 11362K, capacity 15103K, committed 15136K, reserved 1048576K
}

