# JRE version: Java(TM) SE Runtime Environment (8.0_131-b11) (build 1.8.0_131-b11)
# Java VM: Java HotSpot(TM) 64-Bit Server VM (25.131-b11 mixed mode bsd-amd64 compressed oops)
Heap:
 PSYoungGen      total 583680K, used 38063K [0x0000000795580000, 0x00000007bc600000, 0x00000007c0000000)
  eden space 530944K, 0% used [0x0000000795580000,0x00000007957dcdd0,0x00000007b5c00000)
  from space 52736K, 67% used [0x00000007b9280000,0x00000007bb54f140,0x00000007bc600000)
  to   space 54272K, 0% used [0x00000007b5c00000,0x00000007b5c00000,0x00000007b9100000)
 ParOldGen       total 232448K, used 128888K [0x0000000740000000, 0x000000074e300000, 0x0000000795580000)
  object space 232448K, 55% used [0x0000000740000000,0x0000000747dde060,0x000000074e300000)
 Metaspace       used 107502K, capacity 121319K, committed 121384K, reserved 1155072K
  class space    used 12861K, capacity 16669K, committed 16688K, reserved 1048576K
GC Heap History (10 events):
Event: 15326.114 GC heap before
{Heap before GC invocations=26 (full 4):
 PSYoungGen      total 515072K, used 486442K [0x0000000795580000, 0x00000007b9b00000, 0x00000007c0000000)
  eden space 468992K, 100% used [0x0000000795580000,0x00000007b1f80000,0x00000007b1f80000)
  from space 46080K, 37% used [0x00000007b1f80000,0x00000007b308a9e8,0x00000007b4c80000)
  to   space 43520K, 0% used [0x00000007b7080000,0x00000007b7080000,0x00000007b9b00000)
 ParOldGen       total 232448K, used 81733K [0x0000000740000000, 0x000000074e300000, 0x0000000795580000)
  object space 232448K, 35% used [0x0000000740000000,0x0000000744fd16d8,0x000000074e300000)
 Metaspace       used 102295K, capacity 116075K, committed 116392K, reserved 1148928K
  class space    used 12401K, capacity 16201K, committed 16304K, reserved 1048576K
Event: 15326.304 GC heap after
Heap after GC invocations=26 (full 4):
 PSYoungGen      total 540672K, used 31563K [0x0000000795580000, 0x00000007b9800000, 0x00000007c0000000)
  eden space 500224K, 0% used [0x0000000795580000,0x0000000795580000,0x00000007b3e00000)
  from space 40448K, 78% used [0x00000007b7080000,0x00000007b8f52db8,0x00000007b9800000)
  to   space 46080K, 0% used [0x00000007b3e00000,0x00000007b3e00000,0x00000007b6b00000)
 ParOldGen       total 232448K, used 82363K [0x0000000740000000, 0x000000074e300000, 0x0000000795580000)
  object space 232448K, 35% used [0x0000000740000000,0x000000074506ed50,0x000000074e300000)
 Metaspace       used 102295K, capacity 116075K, committed 116392K, reserved 1148928K
  class space    used 12401K, capacity 16201K, committed 16304K, reserved 1048576K
}
Event: 21194.186 GC heap before
{Heap before GC invocations=27 (full 4):
 PSYoungGen      total 540672K, used 531787K [0x0000000795580000, 0x00000007b9800000, 0x00000007c0000000)
  eden space 500224K, 100% used [0x0000000795580000,0x00000007b3e00000,0x00000007b3e00000)
  from space 40448K, 78% used [0x00000007b7080000,0x00000007b8f52db8,0x00000007b9800000)
  to   space 46080K, 0% used [0x00000007b3e00000,0x00000007b3e00000,0x00000007b6b00000)
 ParOldGen       total 232448K, used 82363K [0x0000000740000000, 0x000000074e300000, 0x0000000795580000)
  object space 232448K, 35% used [0x0000000740000000,0x000000074506ed50,0x000000074e300000)
 Metaspace       used 105869K, capacity 119767K, committed 120104K, reserved 1153024K
  class space    used 12798K, capacity 16607K, committed 16688K, reserved 1048576K
Event: 21194.503 GC heap after
Heap after GC invocations=27 (full 4):
 PSYoungGen      total 546304K, used 35924K [0x0000000795580000, 0x00000007bb780000, 0x00000007c0000000)
  eden space 500224K, 0% used [0x0000000795580000,0x0000000795580000,0x00000007b3e00000)
  from space 46080K, 77% used [0x00000007b3e00000,0x00000007b61151b0,0x00000007b6b00000)
  to   space 49152K, 0% used [0x00000007b8780000,0x00000007b8780000,0x00000007bb780000)
 ParOldGen       total 232448K, used 82371K [0x0000000740000000, 0x000000074e300000, 0x0000000795580000)
  object space 232448K, 35% used [0x0000000740000000,0x0000000745070d50,0x000000074e300000)
 Metaspace       used 105869K, capacity 119767K, committed 120104K, reserved 1153024K
  class space    used 12798K, capacity 16607K, committed 16688K, reserved 1048576K
}
Event: 24164.586 GC heap before
{Heap before GC invocations=28 (full 4):
 PSYoungGen      total 546304K, used 536148K [0x0000000795580000, 0x00000007bb780000, 0x00000007c0000000)
  eden space 500224K, 100% used [0x0000000795580000,0x00000007b3e00000,0x00000007b3e00000)
  from space 46080K, 77% used [0x00000007b3e00000,0x00000007b61151b0,0x00000007b6b00000)
  to   space 49152K, 0% used [0x00000007b8780000,0x00000007b8780000,0x00000007bb780000)
 ParOldGen       total 232448K, used 82371K [0x0000000740000000, 0x000000074e300000, 0x0000000795580000)
  object space 232448K, 35% used [0x0000000740000000,0x0000000745070d50,0x000000074e300000)
 Metaspace       used 106452K, capacity 120335K, committed 120616K, reserved 1153024K
  class space    used 12807K, capacity 16615K, committed 16688K, reserved 1048576K
Event: 24164.761 GC heap after
Heap after GC invocations=28 (full 4):
 PSYoungGen      total 568320K, used 34829K [0x0000000795580000, 0x00000007bb600000, 0x00000007c0000000)
  eden space 520704K, 0% used [0x0000000795580000,0x0000000795580000,0x00000007b5200000)
  from space 47616K, 73% used [0x00000007b8780000,0x00000007ba983448,0x00000007bb600000)
  to   space 51200K, 0% used [0x00000007b5200000,0x00000007b5200000,0x00000007b8400000)
 ParOldGen       total 232448K, used 82379K [0x0000000740000000, 0x000000074e300000, 0x0000000795580000)
  object space 232448K, 35% used [0x0000000740000000,0x0000000745072d50,0x000000074e300000)
 Metaspace       used 106452K, capacity 120335K, committed 120616K, reserved 1153024K
  class space    used 12807K, capacity 16615K, committed 16688K, reserved 1048576K
}
Event: 24417.922 GC heap before
{Heap before GC invocations=29 (full 4):
 PSYoungGen      total 568320K, used 555533K [0x0000000795580000, 0x00000007bb600000, 0x00000007c0000000)
  eden space 520704K, 100% used [0x0000000795580000,0x00000007b5200000,0x00000007b5200000)
  from space 47616K, 73% used [0x00000007b8780000,0x00000007ba983448,0x00000007bb600000)
  to   space 51200K, 0% used [0x00000007b5200000,0x00000007b5200000,0x00000007b8400000)
 ParOldGen       total 232448K, used 82379K [0x0000000740000000, 0x000000074e300000, 0x0000000795580000)
  object space 232448K, 35% used [0x0000000740000000,0x0000000745072d50,0x000000074e300000)
 Metaspace       used 107064K, capacity 120891K, committed 121128K, reserved 1153024K
  class space    used 12819K, capacity 16659K, committed 16688K, reserved 1048576K
Event: 24418.071 GC heap after
Heap after GC invocations=29 (full 4):
 PSYoungGen      total 571904K, used 33462K [0x0000000795580000, 0x00000007bc600000, 0x00000007c0000000)
  eden space 520704K, 0% used [0x0000000795580000,0x0000000795580000,0x00000007b5200000)
  from space 51200K, 65% used [0x00000007b5200000,0x00000007b72adbc8,0x00000007b8400000)
  to   space 52736K, 0% used [0x00000007b9280000,0x00000007b9280000,0x00000007bc600000)
 ParOldGen       total 232448K, used 82387K [0x0000000740000000, 0x000000074e300000, 0x0000000795580000)
  object space 232448K, 35% used [0x0000000740000000,0x0000000745074d50,0x000000074e300000)
 Metaspace       used 107064K, capacity 120891K, committed 121128K, reserved 1153024K
  class space    used 12819K, capacity 16659K, committed 16688K, reserved 1048576K
}
Event: 30429.914 GC heap before
{Heap before GC invocations=30 (full 4):
 PSYoungGen      total 571904K, used 554166K [0x0000000795580000, 0x00000007bc600000, 0x00000007c0000000)
  eden space 520704K, 100% used [0x0000000795580000,0x00000007b5200000,0x00000007b5200000)
  from space 51200K, 65% used [0x00000007b5200000,0x00000007b72adbc8,0x00000007b8400000)
  to   space 52736K, 0% used [0x00000007b9280000,0x00000007b9280000,0x00000007bc600000)
 ParOldGen       total 232448K, used 82387K [0x0000000740000000, 0x000000074e300000, 0x0000000795580000)
  object space 232448K, 35% used [0x0000000740000000,0x0000000745074d50,0x000000074e300000)
 Metaspace       used 107502K, capacity 121319K, committed 121384K, reserved 1155072K
  class space    used 12861K, capacity 16669K, committed 16688K, reserved 1048576K
Event: 30430.197 GC heap after
Heap after GC invocations=30 (full 4):
 PSYoungGen      total 583680K, used 35644K [0x0000000795580000, 0x00000007bc600000, 0x00000007c0000000)
  eden space 530944K, 0% used [0x0000000795580000,0x0000000795580000,0x00000007b5c00000)
  from space 52736K, 67% used [0x00000007b9280000,0x00000007bb54f140,0x00000007bc600000)
  to   space 54272K, 0% used [0x00000007b5c00000,0x00000007b5c00000,0x00000007b9100000)
 ParOldGen       total 232448K, used 128888K [0x0000000740000000, 0x000000074e300000, 0x0000000795580000)
  object space 232448K, 55% used [0x0000000740000000,0x0000000747dde060,0x000000074e300000)
 Metaspace       used 107502K, capacity 121319K, committed 121384K, reserved 1155072K
  class space    used 12861K, capacity 16669K, committed 16688K, reserved 1048576K
}

