# JRE version: Java(TM) SE Runtime Environment (8.0_131-b11) (build 1.8.0_131-b11)
# Java VM: Java HotSpot(TM) 64-Bit Server VM (25.131-b11 mixed mode bsd-amd64 compressed oops)
Heap:
 PSYoungGen      total 242176K, used 28718K [0x0000000795580000, 0x00000007a5a00000, 0x00000007c0000000)
  eden space 223744K, 4% used [0x0000000795580000,0x0000000795fbef18,0x00000007a3000000)
  from space 18432K, 98% used [0x00000007a4080000,0x00000007a524c9a0,0x00000007a5280000)
  to   space 7680K, 0% used [0x00000007a5280000,0x00000007a5280000,0x00000007a5a00000)
 ParOldGen       total 536576K, used 487691K [0x0000000740000000, 0x0000000760c00000, 0x0000000795580000)
  object space 536576K, 90% used [0x0000000740000000,0x000000075dc42c20,0x0000000760c00000)
 Metaspace       used 150854K, capacity 171833K, committed 171968K, reserved 1198080K
  class space    used 17952K, capacity 23457K, committed 23552K, reserved 1048576K
GC Heap History (10 events):
Event: 369947.673 GC heap before
{Heap before GC invocations=417 (full 6):
 PSYoungGen      total 267264K, used 266860K [0x0000000795580000, 0x00000007a8100000, 0x00000007c0000000)
  eden space 252416K, 100% used [0x0000000795580000,0x00000007a4c00000,0x00000007a4c00000)
  from space 14848K, 97% used [0x00000007a7280000,0x00000007a809b2d0,0x00000007a8100000)
  to   space 19968K, 0% used [0x00000007a5a00000,0x00000007a5a00000,0x00000007a6d80000)
 ParOldGen       total 536576K, used 474660K [0x0000000740000000, 0x0000000760c00000, 0x0000000795580000)
  object space 536576K, 88% used [0x0000000740000000,0x000000075cf893b8,0x0000000760c00000)
 Metaspace       used 147829K, capacity 168217K, committed 168384K, reserved 1193984K
  class space    used 17630K, capacity 23012K, committed 23040K, reserved 1048576K
Event: 369947.834 GC heap after
Heap after GC invocations=417 (full 6):
 PSYoungGen      total 261632K, used 15020K [0x0000000795580000, 0x00000007a7300000, 0x00000007c0000000)
  eden space 246272K, 0% used [0x0000000795580000,0x0000000795580000,0x00000007a4600000)
  from space 15360K, 97% used [0x00000007a5a00000,0x00000007a68ab048,0x00000007a6900000)
  to   space 10240K, 0% used [0x00000007a6900000,0x00000007a6900000,0x00000007a7300000)
 ParOldGen       total 536576K, used 474692K [0x0000000740000000, 0x0000000760c00000, 0x0000000795580000)
  object space 536576K, 88% used [0x0000000740000000,0x000000075cf913b8,0x0000000760c00000)
 Metaspace       used 147829K, capacity 168217K, committed 168384K, reserved 1193984K
  class space    used 17630K, capacity 23012K, committed 23040K, reserved 1048576K
}
Event: 369978.392 GC heap before
{Heap before GC invocations=418 (full 6):
 PSYoungGen      total 261632K, used 261292K [0x0000000795580000, 0x00000007a7300000, 0x00000007c0000000)
  eden space 246272K, 100% used [0x0000000795580000,0x00000007a4600000,0x00000007a4600000)
  from space 15360K, 97% used [0x00000007a5a00000,0x00000007a68ab048,0x00000007a6900000)
  to   space 10240K, 0% used [0x00000007a6900000,0x00000007a6900000,0x00000007a7300000)
 ParOldGen       total 536576K, used 474692K [0x0000000740000000, 0x0000000760c00000, 0x0000000795580000)
  object space 536576K, 88% used [0x0000000740000000,0x000000075cf913b8,0x0000000760c00000)
 Metaspace       used 150024K, capacity 171033K, committed 171072K, reserved 1198080K
  class space    used 17880K, capacity 23387K, committed 23424K, reserved 1048576K
Event: 369978.429 GC heap after
Heap after GC invocations=418 (full 6):
 PSYoungGen      total 250368K, used 10235K [0x0000000795580000, 0x00000007a7300000, 0x00000007c0000000)
  eden space 240128K, 0% used [0x0000000795580000,0x0000000795580000,0x00000007a4000000)
  from space 10240K, 99% used [0x00000007a6900000,0x00000007a72fee30,0x00000007a7300000)
  to   space 20992K, 0% used [0x00000007a4a00000,0x00000007a4a00000,0x00000007a5e80000)
 ParOldGen       total 536576K, used 483618K [0x0000000740000000, 0x0000000760c00000, 0x0000000795580000)
  object space 536576K, 90% used [0x0000000740000000,0x000000075d848ba8,0x0000000760c00000)
 Metaspace       used 150024K, capacity 171033K, committed 171072K, reserved 1198080K
  class space    used 17880K, capacity 23387K, committed 23424K, reserved 1048576K
}
Event: 370007.029 GC heap before
{Heap before GC invocations=419 (full 6):
 PSYoungGen      total 250368K, used 250363K [0x0000000795580000, 0x00000007a7300000, 0x00000007c0000000)
  eden space 240128K, 100% used [0x0000000795580000,0x00000007a4000000,0x00000007a4000000)
  from space 10240K, 99% used [0x00000007a6900000,0x00000007a72fee30,0x00000007a7300000)
  to   space 20992K, 0% used [0x00000007a4a00000,0x00000007a4a00000,0x00000007a5e80000)
 ParOldGen       total 536576K, used 483618K [0x0000000740000000, 0x0000000760c00000, 0x0000000795580000)
  object space 536576K, 90% used [0x0000000740000000,0x000000075d848ba8,0x0000000760c00000)
 Metaspace       used 150718K, capacity 171697K, committed 171968K, reserved 1198080K
  class space    used 17951K, capacity 23457K, committed 23552K, reserved 1048576K
Event: 370007.073 GC heap after
Heap after GC invocations=419 (full 6):
 PSYoungGen      total 248320K, used 13816K [0x0000000795580000, 0x00000007a6980000, 0x00000007c0000000)
  eden space 234496K, 0% used [0x0000000795580000,0x0000000795580000,0x00000007a3a80000)
  from space 13824K, 99% used [0x00000007a4a00000,0x00000007a577e1e8,0x00000007a5780000)
  to   space 18432K, 0% used [0x00000007a5780000,0x00000007a5780000,0x00000007a6980000)
 ParOldGen       total 536576K, used 483650K [0x0000000740000000, 0x0000000760c00000, 0x0000000795580000)
  object space 536576K, 90% used [0x0000000740000000,0x000000075d850ba8,0x0000000760c00000)
 Metaspace       used 150718K, capacity 171697K, committed 171968K, reserved 1198080K
  class space    used 17951K, capacity 23457K, committed 23552K, reserved 1048576K
}
Event: 371664.479 GC heap before
{Heap before GC invocations=420 (full 6):
 PSYoungGen      total 248320K, used 248312K [0x0000000795580000, 0x00000007a6980000, 0x00000007c0000000)
  eden space 234496K, 100% used [0x0000000795580000,0x00000007a3a80000,0x00000007a3a80000)
  from space 13824K, 99% used [0x00000007a4a00000,0x00000007a577e1e8,0x00000007a5780000)
  to   space 18432K, 0% used [0x00000007a5780000,0x00000007a5780000,0x00000007a6980000)
 ParOldGen       total 536576K, used 483650K [0x0000000740000000, 0x0000000760c00000, 0x0000000795580000)
  object space 536576K, 90% used [0x0000000740000000,0x000000075d850ba8,0x0000000760c00000)
 Metaspace       used 150832K, capacity 171825K, committed 171968K, reserved 1198080K
  class space    used 17952K, capacity 23457K, committed 23552K, reserved 1048576K
Event: 371664.851 GC heap after
Heap after GC invocations=420 (full 6):
 PSYoungGen      total 247296K, used 18273K [0x0000000795580000, 0x00000007a6980000, 0x00000007c0000000)
  eden space 228864K, 0% used [0x0000000795580000,0x0000000795580000,0x00000007a3500000)
  from space 18432K, 99% used [0x00000007a5780000,0x00000007a69587b8,0x00000007a6980000)
  to   space 20992K, 0% used [0x00000007a4080000,0x00000007a4080000,0x00000007a5500000)
 ParOldGen       total 536576K, used 483658K [0x0000000740000000, 0x0000000760c00000, 0x0000000795580000)
  object space 536576K, 90% used [0x0000000740000000,0x000000075d852ba8,0x0000000760c00000)
 Metaspace       used 150832K, capacity 171825K, committed 171968K, reserved 1198080K
  class space    used 17952K, capacity 23457K, committed 23552K, reserved 1048576K
}
Event: 374431.706 GC heap before
{Heap before GC invocations=421 (full 6):
 PSYoungGen      total 247296K, used 247137K [0x0000000795580000, 0x00000007a6980000, 0x00000007c0000000)
  eden space 228864K, 100% used [0x0000000795580000,0x00000007a3500000,0x00000007a3500000)
  from space 18432K, 99% used [0x00000007a5780000,0x00000007a69587b8,0x00000007a6980000)
  to   space 20992K, 0% used [0x00000007a4080000,0x00000007a4080000,0x00000007a5500000)
 ParOldGen       total 536576K, used 483658K [0x0000000740000000, 0x0000000760c00000, 0x0000000795580000)
  object space 536576K, 90% used [0x0000000740000000,0x000000075d852ba8,0x0000000760c00000)
 Metaspace       used 150854K, capacity 171833K, committed 171968K, reserved 1198080K
  class space    used 17952K, capacity 23457K, committed 23552K, reserved 1048576K
Event: 374431.849 GC heap after
Heap after GC invocations=421 (full 6):
 PSYoungGen      total 242176K, used 18226K [0x0000000795580000, 0x00000007a5a00000, 0x00000007c0000000)
  eden space 223744K, 0% used [0x0000000795580000,0x0000000795580000,0x00000007a3000000)
  from space 18432K, 98% used [0x00000007a4080000,0x00000007a524c9a0,0x00000007a5280000)
  to   space 7680K, 0% used [0x00000007a5280000,0x00000007a5280000,0x00000007a5a00000)
 ParOldGen       total 536576K, used 487691K [0x0000000740000000, 0x0000000760c00000, 0x0000000795580000)
  object space 536576K, 90% used [0x0000000740000000,0x000000075dc42c20,0x0000000760c00000)
 Metaspace       used 150854K, capacity 171833K, committed 171968K, reserved 1198080K
  class space    used 17952K, capacity 23457K, committed 23552K, reserved 1048576K
}

