# JRE version: Java(TM) SE Runtime Environment (8.0_131-b11) (build 1.8.0_131-b11)
# Java VM: Java HotSpot(TM) 64-Bit Server VM (25.131-b11 mixed mode bsd-amd64 compressed oops)
Heap:
 PSYoungGen      total 57344K, used 12027K [0x0000000795580000, 0x0000000799a00000, 0x00000007c0000000)
  eden space 46592K, 4% used [0x0000000795580000,0x0000000795779fc0,0x0000000798300000)
  from space 10752K, 93% used [0x0000000798300000,0x0000000798cc4fc0,0x0000000798d80000)
  to   space 11776K, 0% used [0x0000000798e80000,0x0000000798e80000,0x0000000799a00000)
 ParOldGen       total 460800K, used 412545K [0x0000000740000000, 0x000000075c200000, 0x0000000795580000)
  object space 460800K, 89% used [0x0000000740000000,0x00000007592e06c0,0x000000075c200000)
 Metaspace       used 148377K, capacity 170048K, committed 170136K, reserved 1196032K
  class space    used 17313K, capacity 22926K, committed 22960K, reserved 1048576K
GC Heap History (10 events):
Event: 45127.204 GC heap before
{Heap before GC invocations=666 (full 5):
 PSYoungGen      total 57344K, used 53553K [0x0000000795580000, 0x0000000799800000, 0x00000007c0000000)
  eden space 47616K, 100% used [0x0000000795580000,0x0000000798400000,0x0000000798400000)
  from space 9728K, 61% used [0x0000000798e80000,0x000000079944c640,0x0000000799800000)
  to   space 10240K, 0% used [0x0000000798400000,0x0000000798400000,0x0000000798e00000)
 ParOldGen       total 460800K, used 411567K [0x0000000740000000, 0x000000075c200000, 0x0000000795580000)
  object space 460800K, 89% used [0x0000000740000000,0x00000007591ebf00,0x000000075c200000)
 Metaspace       used 148366K, capacity 170048K, committed 170136K, reserved 1196032K
  class space    used 17311K, capacity 22926K, committed 22960K, reserved 1048576K
Event: 45127.562 GC heap after
Heap after GC invocations=666 (full 5):
 PSYoungGen      total 57856K, used 6258K [0x0000000795580000, 0x0000000799800000, 0x00000007c0000000)
  eden space 47616K, 0% used [0x0000000795580000,0x0000000795580000,0x0000000798400000)
  from space 10240K, 61% used [0x0000000798400000,0x0000000798a1c958,0x0000000798e00000)
  to   space 10240K, 0% used [0x0000000798e00000,0x0000000798e00000,0x0000000799800000)
 ParOldGen       total 460800K, used 411767K [0x0000000740000000, 0x000000075c200000, 0x0000000795580000)
  object space 460800K, 89% used [0x0000000740000000,0x000000075921df00,0x000000075c200000)
 Metaspace       used 148366K, capacity 170048K, committed 170136K, reserved 1196032K
  class space    used 17311K, capacity 22926K, committed 22960K, reserved 1048576K
}
Event: 45138.135 GC heap before
{Heap before GC invocations=667 (full 5):
 PSYoungGen      total 57856K, used 53874K [0x0000000795580000, 0x0000000799800000, 0x00000007c0000000)
  eden space 47616K, 100% used [0x0000000795580000,0x0000000798400000,0x0000000798400000)
  from space 10240K, 61% used [0x0000000798400000,0x0000000798a1c958,0x0000000798e00000)
  to   space 10240K, 0% used [0x0000000798e00000,0x0000000798e00000,0x0000000799800000)
 ParOldGen       total 460800K, used 411767K [0x0000000740000000, 0x000000075c200000, 0x0000000795580000)
  object space 460800K, 89% used [0x0000000740000000,0x000000075921df00,0x000000075c200000)
 Metaspace       used 148366K, capacity 170048K, committed 170136K, reserved 1196032K
  class space    used 17311K, capacity 22926K, committed 22960K, reserved 1048576K
Event: 45138.151 GC heap after
Heap after GC invocations=667 (full 5):
 PSYoungGen      total 57856K, used 5873K [0x0000000795580000, 0x0000000799800000, 0x00000007c0000000)
  eden space 47616K, 0% used [0x0000000795580000,0x0000000795580000,0x0000000798400000)
  from space 10240K, 57% used [0x0000000798e00000,0x00000007993bc528,0x0000000799800000)
  to   space 10240K, 0% used [0x0000000798400000,0x0000000798400000,0x0000000798e00000)
 ParOldGen       total 460800K, used 411919K [0x0000000740000000, 0x000000075c200000, 0x0000000795580000)
  object space 460800K, 89% used [0x0000000740000000,0x0000000759243f00,0x000000075c200000)
 Metaspace       used 148366K, capacity 170048K, committed 170136K, reserved 1196032K
  class space    used 17311K, capacity 22926K, committed 22960K, reserved 1048576K
}
Event: 45138.795 GC heap before
{Heap before GC invocations=668 (full 5):
 PSYoungGen      total 57856K, used 53489K [0x0000000795580000, 0x0000000799800000, 0x00000007c0000000)
  eden space 47616K, 100% used [0x0000000795580000,0x0000000798400000,0x0000000798400000)
  from space 10240K, 57% used [0x0000000798e00000,0x00000007993bc528,0x0000000799800000)
  to   space 10240K, 0% used [0x0000000798400000,0x0000000798400000,0x0000000798e00000)
 ParOldGen       total 460800K, used 411919K [0x0000000740000000, 0x000000075c200000, 0x0000000795580000)
  object space 460800K, 89% used [0x0000000740000000,0x0000000759243f00,0x000000075c200000)
 Metaspace       used 148366K, capacity 170048K, committed 170136K, reserved 1196032K
  class space    used 17311K, capacity 22926K, committed 22960K, reserved 1048576K
Event: 45138.811 GC heap after
Heap after GC invocations=668 (full 5):
 PSYoungGen      total 53760K, used 5648K [0x0000000795580000, 0x0000000799700000, 0x00000007c0000000)
  eden space 47616K, 0% used [0x0000000795580000,0x0000000795580000,0x0000000798400000)
  from space 6144K, 91% used [0x0000000798400000,0x00000007989840f8,0x0000000798a00000)
  to   space 9728K, 0% used [0x0000000798d80000,0x0000000798d80000,0x0000000799700000)
 ParOldGen       total 460800K, used 412031K [0x0000000740000000, 0x000000075c200000, 0x0000000795580000)
  object space 460800K, 89% used [0x0000000740000000,0x000000075925ff10,0x000000075c200000)
 Metaspace       used 148366K, capacity 170048K, committed 170136K, reserved 1196032K
  class space    used 17311K, capacity 22926K, committed 22960K, reserved 1048576K
}
Event: 45449.842 GC heap before
{Heap before GC invocations=669 (full 5):
 PSYoungGen      total 53760K, used 53264K [0x0000000795580000, 0x0000000799700000, 0x00000007c0000000)
  eden space 47616K, 100% used [0x0000000795580000,0x0000000798400000,0x0000000798400000)
  from space 6144K, 91% used [0x0000000798400000,0x00000007989840f8,0x0000000798a00000)
  to   space 9728K, 0% used [0x0000000798d80000,0x0000000798d80000,0x0000000799700000)
 ParOldGen       total 460800K, used 412031K [0x0000000740000000, 0x000000075c200000, 0x0000000795580000)
  object space 460800K, 89% used [0x0000000740000000,0x000000075925ff10,0x000000075c200000)
 Metaspace       used 148372K, capacity 170048K, committed 170136K, reserved 1196032K
  class space    used 17313K, capacity 22926K, committed 22960K, reserved 1048576K
Event: 45450.031 GC heap after
Heap after GC invocations=669 (full 5):
 PSYoungGen      total 56320K, used 9719K [0x0000000795580000, 0x0000000799900000, 0x00000007c0000000)
  eden space 46592K, 0% used [0x0000000795580000,0x0000000795580000,0x0000000798300000)
  from space 9728K, 99% used [0x0000000798d80000,0x00000007996fdc40,0x0000000799700000)
  to   space 10752K, 0% used [0x0000000798300000,0x0000000798300000,0x0000000798d80000)
 ParOldGen       total 460800K, used 412461K [0x0000000740000000, 0x000000075c200000, 0x0000000795580000)
  object space 460800K, 89% used [0x0000000740000000,0x00000007592cb6b0,0x000000075c200000)
 Metaspace       used 148372K, capacity 170048K, committed 170136K, reserved 1196032K
  class space    used 17313K, capacity 22926K, committed 22960K, reserved 1048576K
}
Event: 49636.018 GC heap before
{Heap before GC invocations=670 (full 5):
 PSYoungGen      total 56320K, used 56311K [0x0000000795580000, 0x0000000799900000, 0x00000007c0000000)
  eden space 46592K, 100% used [0x0000000795580000,0x0000000798300000,0x0000000798300000)
  from space 9728K, 99% used [0x0000000798d80000,0x00000007996fdc40,0x0000000799700000)
  to   space 10752K, 0% used [0x0000000798300000,0x0000000798300000,0x0000000798d80000)
 ParOldGen       total 460800K, used 412461K [0x0000000740000000, 0x000000075c200000, 0x0000000795580000)
  object space 460800K, 89% used [0x0000000740000000,0x00000007592cb6b0,0x000000075c200000)
 Metaspace       used 148377K, capacity 170048K, committed 170136K, reserved 1196032K
  class space    used 17313K, capacity 22926K, committed 22960K, reserved 1048576K
Event: 49636.222 GC heap after
Heap after GC invocations=670 (full 5):
 PSYoungGen      total 57344K, used 10003K [0x0000000795580000, 0x0000000799a00000, 0x00000007c0000000)
  eden space 46592K, 0% used [0x0000000795580000,0x0000000795580000,0x0000000798300000)
  from space 10752K, 93% used [0x0000000798300000,0x0000000798cc4fc0,0x0000000798d80000)
  to   space 11776K, 0% used [0x0000000798e80000,0x0000000798e80000,0x0000000799a00000)
 ParOldGen       total 460800K, used 412545K [0x0000000740000000, 0x000000075c200000, 0x0000000795580000)
  object space 460800K, 89% used [0x0000000740000000,0x00000007592e06c0,0x000000075c200000)
 Metaspace       used 148377K, capacity 170048K, committed 170136K, reserved 1196032K
  class space    used 17313K, capacity 22926K, committed 22960K, reserved 1048576K
}

