# JRE version: Java(TM) SE Runtime Environment (8.0_131-b11) (build 1.8.0_131-b11)
# Java VM: Java HotSpot(TM) 64-Bit Server VM (25.131-b11 mixed mode bsd-amd64 compressed oops)
Heap:
 PSYoungGen      total 98816K, used 12190K [0x0000000795580000, 0x000000079cc80000, 0x00000007c0000000)
  eden space 79872K, 0% used [0x0000000795580000,0x00000007955cd610,0x000000079a380000)
  from space 18944K, 62% used [0x000000079ba00000,0x000000079c59a450,0x000000079cc80000)
  to   space 20992K, 0% used [0x000000079a380000,0x000000079a380000,0x000000079b800000)
 ParOldGen       total 265728K, used 121837K [0x0000000740000000, 0x0000000750380000, 0x0000000795580000)
  object space 265728K, 45% used [0x0000000740000000,0x00000007476fb5f0,0x0000000750380000)
 Metaspace       used 104211K, capacity 118840K, committed 119104K, reserved 1153024K
  class space    used 12427K, capacity 16405K, committed 16472K, reserved 1048576K
GC Heap History (10 events):
Event: 107060.208 GC heap before
{Heap before GC invocations=86 (full 4):
 PSYoungGen      total 97792K, used 97597K [0x0000000795580000, 0x000000079d680000, 0x00000007c0000000)
  eden space 84992K, 100% used [0x0000000795580000,0x000000079a880000,0x000000079a880000)
  from space 12800K, 98% used [0x000000079aa00000,0x000000079b64f7d8,0x000000079b680000)
  to   space 23552K, 0% used [0x000000079bf80000,0x000000079bf80000,0x000000079d680000)
 ParOldGen       total 265728K, used 121101K [0x0000000740000000, 0x0000000750380000, 0x0000000795580000)
  object space 265728K, 45% used [0x0000000740000000,0x00000007476435f0,0x0000000750380000)
 Metaspace       used 104188K, capacity 118834K, committed 119104K, reserved 1153024K
  class space    used 12427K, capacity 16404K, committed 16472K, reserved 1048576K
Event: 107060.879 GC heap after
Heap after GC invocations=86 (full 4):
 PSYoungGen      total 104448K, used 12765K [0x0000000795580000, 0x000000079d380000, 0x00000007c0000000)
  eden space 83968K, 0% used [0x0000000795580000,0x0000000795580000,0x000000079a780000)
  from space 20480K, 62% used [0x000000079bf80000,0x000000079cbf77d8,0x000000079d380000)
  to   space 22528K, 0% used [0x000000079a780000,0x000000079a780000,0x000000079bd80000)
 ParOldGen       total 265728K, used 121149K [0x0000000740000000, 0x0000000750380000, 0x0000000795580000)
  object space 265728K, 45% used [0x0000000740000000,0x000000074764f5f0,0x0000000750380000)
 Metaspace       used 104188K, capacity 118834K, committed 119104K, reserved 1153024K
  class space    used 12427K, capacity 16404K, committed 16472K, reserved 1048576K
}
Event: 109490.618 GC heap before
{Heap before GC invocations=87 (full 4):
 PSYoungGen      total 104448K, used 96733K [0x0000000795580000, 0x000000079d380000, 0x00000007c0000000)
  eden space 83968K, 100% used [0x0000000795580000,0x000000079a780000,0x000000079a780000)
  from space 20480K, 62% used [0x000000079bf80000,0x000000079cbf77d8,0x000000079d380000)
  to   space 22528K, 0% used [0x000000079a780000,0x000000079a780000,0x000000079bd80000)
 ParOldGen       total 265728K, used 121149K [0x0000000740000000, 0x0000000750380000, 0x0000000795580000)
  object space 265728K, 45% used [0x0000000740000000,0x000000074764f5f0,0x0000000750380000)
 Metaspace       used 104207K, capacity 118840K, committed 119104K, reserved 1153024K
  class space    used 12427K, capacity 16405K, committed 16472K, reserved 1048576K
Event: 109490.813 GC heap after
Heap after GC invocations=87 (full 4):
 PSYoungGen      total 91136K, used 7920K [0x0000000795580000, 0x000000079d280000, 0x00000007c0000000)
  eden space 82944K, 0% used [0x0000000795580000,0x0000000795580000,0x000000079a680000)
  from space 8192K, 96% used [0x000000079a780000,0x000000079af3c070,0x000000079af80000)
  to   space 22528K, 0% used [0x000000079bc80000,0x000000079bc80000,0x000000079d280000)
 ParOldGen       total 265728K, used 121445K [0x0000000740000000, 0x0000000750380000, 0x0000000795580000)
  object space 265728K, 45% used [0x0000000740000000,0x00000007476995f0,0x0000000750380000)
 Metaspace       used 104207K, capacity 118840K, committed 119104K, reserved 1153024K
  class space    used 12427K, capacity 16405K, committed 16472K, reserved 1048576K
}
Event: 110622.494 GC heap before
{Heap before GC invocations=88 (full 4):
 PSYoungGen      total 91136K, used 90864K [0x0000000795580000, 0x000000079d280000, 0x00000007c0000000)
  eden space 82944K, 100% used [0x0000000795580000,0x000000079a680000,0x000000079a680000)
  from space 8192K, 96% used [0x000000079a780000,0x000000079af3c070,0x000000079af80000)
  to   space 22528K, 0% used [0x000000079bc80000,0x000000079bc80000,0x000000079d280000)
 ParOldGen       total 265728K, used 121445K [0x0000000740000000, 0x0000000750380000, 0x0000000795580000)
  object space 265728K, 45% used [0x0000000740000000,0x00000007476995f0,0x0000000750380000)
 Metaspace       used 104209K, capacity 118840K, committed 119104K, reserved 1153024K
  class space    used 12427K, capacity 16405K, committed 16472K, reserved 1048576K
Event: 110622.783 GC heap after
Heap after GC invocations=88 (full 4):
 PSYoungGen      total 102400K, used 7819K [0x0000000795580000, 0x000000079d080000, 0x00000007c0000000)
  eden space 81920K, 0% used [0x0000000795580000,0x0000000795580000,0x000000079a580000)
  from space 20480K, 38% used [0x000000079bc80000,0x000000079c422c58,0x000000079d080000)
  to   space 22016K, 0% used [0x000000079a580000,0x000000079a580000,0x000000079bb00000)
 ParOldGen       total 265728K, used 121541K [0x0000000740000000, 0x0000000750380000, 0x0000000795580000)
  object space 265728K, 45% used [0x0000000740000000,0x00000007476b15f0,0x0000000750380000)
 Metaspace       used 104209K, capacity 118840K, committed 119104K, reserved 1153024K
  class space    used 12427K, capacity 16405K, committed 16472K, reserved 1048576K
}
Event: 113621.051 GC heap before
{Heap before GC invocations=89 (full 4):
 PSYoungGen      total 102400K, used 89739K [0x0000000795580000, 0x000000079d080000, 0x00000007c0000000)
  eden space 81920K, 100% used [0x0000000795580000,0x000000079a580000,0x000000079a580000)
  from space 20480K, 38% used [0x000000079bc80000,0x000000079c422c58,0x000000079d080000)
  to   space 22016K, 0% used [0x000000079a580000,0x000000079a580000,0x000000079bb00000)
 ParOldGen       total 265728K, used 121541K [0x0000000740000000, 0x0000000750380000, 0x0000000795580000)
  object space 265728K, 45% used [0x0000000740000000,0x00000007476b15f0,0x0000000750380000)
 Metaspace       used 104209K, capacity 118840K, committed 119104K, reserved 1153024K
  class space    used 12427K, capacity 16405K, committed 16472K, reserved 1048576K
Event: 113621.495 GC heap after
Heap after GC invocations=89 (full 4):
 PSYoungGen      total 89088K, used 7795K [0x0000000795580000, 0x000000079cf80000, 0x00000007c0000000)
  eden space 80896K, 0% used [0x0000000795580000,0x0000000795580000,0x000000079a480000)
  from space 8192K, 95% used [0x000000079a580000,0x000000079ad1cd08,0x000000079ad80000)
  to   space 22016K, 0% used [0x000000079ba00000,0x000000079ba00000,0x000000079cf80000)
 ParOldGen       total 265728K, used 121669K [0x0000000740000000, 0x0000000750380000, 0x0000000795580000)
  object space 265728K, 45% used [0x0000000740000000,0x00000007476d15f0,0x0000000750380000)
 Metaspace       used 104209K, capacity 118840K, committed 119104K, reserved 1153024K
  class space    used 12427K, capacity 16405K, committed 16472K, reserved 1048576K
}
Event: 118454.567 GC heap before
{Heap before GC invocations=90 (full 4):
 PSYoungGen      total 89088K, used 88691K [0x0000000795580000, 0x000000079cf80000, 0x00000007c0000000)
  eden space 80896K, 100% used [0x0000000795580000,0x000000079a480000,0x000000079a480000)
  from space 8192K, 95% used [0x000000079a580000,0x000000079ad1cd08,0x000000079ad80000)
  to   space 22016K, 0% used [0x000000079ba00000,0x000000079ba00000,0x000000079cf80000)
 ParOldGen       total 265728K, used 121669K [0x0000000740000000, 0x0000000750380000, 0x0000000795580000)
  object space 265728K, 45% used [0x0000000740000000,0x00000007476d15f0,0x0000000750380000)
 Metaspace       used 104211K, capacity 118840K, committed 119104K, reserved 1153024K
  class space    used 12427K, capacity 16405K, committed 16472K, reserved 1048576K
Event: 118455.104 GC heap after
Heap after GC invocations=90 (full 4):
 PSYoungGen      total 98816K, used 11881K [0x0000000795580000, 0x000000079cc80000, 0x00000007c0000000)
  eden space 79872K, 0% used [0x0000000795580000,0x0000000795580000,0x000000079a380000)
  from space 18944K, 62% used [0x000000079ba00000,0x000000079c59a450,0x000000079cc80000)
  to   space 20992K, 0% used [0x000000079a380000,0x000000079a380000,0x000000079b800000)
 ParOldGen       total 265728K, used 121837K [0x0000000740000000, 0x0000000750380000, 0x0000000795580000)
  object space 265728K, 45% used [0x0000000740000000,0x00000007476fb5f0,0x0000000750380000)
 Metaspace       used 104211K, capacity 118840K, committed 119104K, reserved 1153024K
  class space    used 12427K, capacity 16405K, committed 16472K, reserved 1048576K
}

