# JRE version: Java(TM) SE Runtime Environment (8.0_131-b11) (build 1.8.0_131-b11)
# Java VM: Java HotSpot(TM) 64-Bit Server VM (25.131-b11 mixed mode bsd-amd64 compressed oops)
Heap:
 PSYoungGen      total 154112K, used 23159K [0x00000007aab00000, 0x00000007b5a00000, 0x00000007c0000000)
  eden space 141312K, 7% used [0x00000007aab00000,0x00000007ab59d1e0,0x00000007b3500000)
  from space 12800K, 97% used [0x00000007b3880000,0x00000007b44acc88,0x00000007b4500000)
  to   space 18944K, 0% used [0x00000007b4780000,0x00000007b4780000,0x00000007b5a00000)
 ParOldGen       total 406016K, used 357688K [0x0000000780000000, 0x0000000798c80000, 0x00000007aab00000)
  object space 406016K, 88% used [0x0000000780000000,0x0000000795d4e1d8,0x0000000798c80000)
 Metaspace       used 161054K, capacity 177968K, committed 178176K, reserved 1202176K
  class space    used 20322K, capacity 25258K, committed 25344K, reserved 1048576K
GC Heap History (10 events):
Event: 221392.084 GC heap before
{Heap before GC invocations=6451 (full 12):
 PSYoungGen      total 181248K, used 174853K [0x00000007aab00000, 0x00000007b7080000, 0x00000007c0000000)
  eden space 160256K, 100% used [0x00000007aab00000,0x00000007b4780000,0x00000007b4780000)
  from space 20992K, 69% used [0x00000007b5c00000,0x00000007b6a415c0,0x00000007b7080000)
  to   space 20992K, 0% used [0x00000007b4780000,0x00000007b4780000,0x00000007b5c00000)
 ParOldGen       total 406016K, used 354700K [0x0000000780000000, 0x0000000798c80000, 0x00000007aab00000)
  object space 406016K, 87% used [0x0000000780000000,0x0000000795a631a0,0x0000000798c80000)
 Metaspace       used 161052K, capacity 177968K, committed 178176K, reserved 1202176K
  class space    used 20322K, capacity 25258K, committed 25344K, reserved 1048576K
Event: 221392.112 GC heap after
Heap after GC invocations=6451 (full 12):
 PSYoungGen      total 171520K, used 14878K [0x00000007aab00000, 0x00000007b6c80000, 0x00000007c0000000)
  eden space 156160K, 0% used [0x00000007aab00000,0x00000007aab00000,0x00000007b4380000)
  from space 15360K, 96% used [0x00000007b4780000,0x00000007b5607bf0,0x00000007b5680000)
  to   space 20992K, 0% used [0x00000007b5800000,0x00000007b5800000,0x00000007b6c80000)
 ParOldGen       total 406016K, used 354756K [0x0000000780000000, 0x0000000798c80000, 0x00000007aab00000)
  object space 406016K, 87% used [0x0000000780000000,0x0000000795a711a0,0x0000000798c80000)
 Metaspace       used 161052K, capacity 177968K, committed 178176K, reserved 1202176K
  class space    used 20322K, capacity 25258K, committed 25344K, reserved 1048576K
}
Event: 221437.894 GC heap before
{Heap before GC invocations=6452 (full 12):
 PSYoungGen      total 171520K, used 171038K [0x00000007aab00000, 0x00000007b6c80000, 0x00000007c0000000)
  eden space 156160K, 100% used [0x00000007aab00000,0x00000007b4380000,0x00000007b4380000)
  from space 15360K, 96% used [0x00000007b4780000,0x00000007b5607bf0,0x00000007b5680000)
  to   space 20992K, 0% used [0x00000007b5800000,0x00000007b5800000,0x00000007b6c80000)
 ParOldGen       total 406016K, used 354756K [0x0000000780000000, 0x0000000798c80000, 0x00000007aab00000)
  object space 406016K, 87% used [0x0000000780000000,0x0000000795a711a0,0x0000000798c80000)
 Metaspace       used 161052K, capacity 177968K, committed 178176K, reserved 1202176K
  class space    used 20322K, capacity 25258K, committed 25344K, reserved 1048576K
Event: 221437.966 GC heap after
Heap after GC invocations=6452 (full 12):
 PSYoungGen      total 167936K, used 14191K [0x00000007aab00000, 0x00000007b6780000, 0x00000007c0000000)
  eden space 152064K, 0% used [0x00000007aab00000,0x00000007aab00000,0x00000007b3f80000)
  from space 15872K, 89% used [0x00000007b5800000,0x00000007b65dbf60,0x00000007b6780000)
  to   space 20480K, 0% used [0x00000007b3f80000,0x00000007b3f80000,0x00000007b5380000)
 ParOldGen       total 406016K, used 355944K [0x0000000780000000, 0x0000000798c80000, 0x00000007aab00000)
  object space 406016K, 87% used [0x0000000780000000,0x0000000795b9a1e0,0x0000000798c80000)
 Metaspace       used 161052K, capacity 177968K, committed 178176K, reserved 1202176K
  class space    used 20322K, capacity 25258K, committed 25344K, reserved 1048576K
}
Event: 221482.563 GC heap before
{Heap before GC invocations=6453 (full 12):
 PSYoungGen      total 167936K, used 166255K [0x00000007aab00000, 0x00000007b6780000, 0x00000007c0000000)
  eden space 152064K, 100% used [0x00000007aab00000,0x00000007b3f80000,0x00000007b3f80000)
  from space 15872K, 89% used [0x00000007b5800000,0x00000007b65dbf60,0x00000007b6780000)
  to   space 20480K, 0% used [0x00000007b3f80000,0x00000007b3f80000,0x00000007b5380000)
 ParOldGen       total 406016K, used 355944K [0x0000000780000000, 0x0000000798c80000, 0x00000007aab00000)
  object space 406016K, 87% used [0x0000000780000000,0x0000000795b9a1e0,0x0000000798c80000)
 Metaspace       used 161053K, capacity 177968K, committed 178176K, reserved 1202176K
  class space    used 20322K, capacity 25258K, committed 25344K, reserved 1048576K
Event: 221482.623 GC heap after
Heap after GC invocations=6453 (full 12):
 PSYoungGen      total 162304K, used 13501K [0x00000007aab00000, 0x00000007b6300000, 0x00000007c0000000)
  eden space 148480K, 0% used [0x00000007aab00000,0x00000007aab00000,0x00000007b3c00000)
  from space 13824K, 97% used [0x00000007b3f80000,0x00000007b4caf650,0x00000007b4d00000)
  to   space 19968K, 0% used [0x00000007b4f80000,0x00000007b4f80000,0x00000007b6300000)
 ParOldGen       total 406016K, used 356741K [0x0000000780000000, 0x0000000798c80000, 0x00000007aab00000)
  object space 406016K, 87% used [0x0000000780000000,0x0000000795c61568,0x0000000798c80000)
 Metaspace       used 161053K, capacity 177968K, committed 178176K, reserved 1202176K
  class space    used 20322K, capacity 25258K, committed 25344K, reserved 1048576K
}
Event: 221973.522 GC heap before
{Heap before GC invocations=6454 (full 12):
 PSYoungGen      total 162304K, used 161981K [0x00000007aab00000, 0x00000007b6300000, 0x00000007c0000000)
  eden space 148480K, 100% used [0x00000007aab00000,0x00000007b3c00000,0x00000007b3c00000)
  from space 13824K, 97% used [0x00000007b3f80000,0x00000007b4caf650,0x00000007b4d00000)
  to   space 19968K, 0% used [0x00000007b4f80000,0x00000007b4f80000,0x00000007b6300000)
 ParOldGen       total 406016K, used 356741K [0x0000000780000000, 0x0000000798c80000, 0x00000007aab00000)
  object space 406016K, 87% used [0x0000000780000000,0x0000000795c61568,0x0000000798c80000)
 Metaspace       used 161053K, capacity 177968K, committed 178176K, reserved 1202176K
  class space    used 20322K, capacity 25258K, committed 25344K, reserved 1048576K
Event: 221973.778 GC heap after
Heap after GC invocations=6454 (full 12):
 PSYoungGen      total 160256K, used 12370K [0x00000007aab00000, 0x00000007b5e80000, 0x00000007c0000000)
  eden space 144896K, 0% used [0x00000007aab00000,0x00000007aab00000,0x00000007b3880000)
  from space 15360K, 80% used [0x00000007b4f80000,0x00000007b5b94a38,0x00000007b5e80000)
  to   space 19456K, 0% used [0x00000007b3880000,0x00000007b3880000,0x00000007b4b80000)
 ParOldGen       total 406016K, used 357456K [0x0000000780000000, 0x0000000798c80000, 0x00000007aab00000)
  object space 406016K, 88% used [0x0000000780000000,0x0000000795d141d8,0x0000000798c80000)
 Metaspace       used 161053K, capacity 177968K, committed 178176K, reserved 1202176K
  class space    used 20322K, capacity 25258K, committed 25344K, reserved 1048576K
}
Event: 225059.079 GC heap before
{Heap before GC invocations=6455 (full 12):
 PSYoungGen      total 160256K, used 157266K [0x00000007aab00000, 0x00000007b5e80000, 0x00000007c0000000)
  eden space 144896K, 100% used [0x00000007aab00000,0x00000007b3880000,0x00000007b3880000)
  from space 15360K, 80% used [0x00000007b4f80000,0x00000007b5b94a38,0x00000007b5e80000)
  to   space 19456K, 0% used [0x00000007b3880000,0x00000007b3880000,0x00000007b4b80000)
 ParOldGen       total 406016K, used 357456K [0x0000000780000000, 0x0000000798c80000, 0x00000007aab00000)
  object space 406016K, 88% used [0x0000000780000000,0x0000000795d141d8,0x0000000798c80000)
 Metaspace       used 161054K, capacity 177968K, committed 178176K, reserved 1202176K
  class space    used 20322K, capacity 25258K, committed 25344K, reserved 1048576K
Event: 225059.196 GC heap after
Heap after GC invocations=6455 (full 12):
 PSYoungGen      total 154112K, used 12467K [0x00000007aab00000, 0x00000007b5a00000, 0x00000007c0000000)
  eden space 141312K, 0% used [0x00000007aab00000,0x00000007aab00000,0x00000007b3500000)
  from space 12800K, 97% used [0x00000007b3880000,0x00000007b44acc88,0x00000007b4500000)
  to   space 18944K, 0% used [0x00000007b4780000,0x00000007b4780000,0x00000007b5a00000)
 ParOldGen       total 406016K, used 357688K [0x0000000780000000, 0x0000000798c80000, 0x00000007aab00000)
  object space 406016K, 88% used [0x0000000780000000,0x0000000795d4e1d8,0x0000000798c80000)
 Metaspace       used 161054K, capacity 177968K, committed 178176K, reserved 1202176K
  class space    used 20322K, capacity 25258K, committed 25344K, reserved 1048576K
}

