# JRE version: Java(TM) SE Runtime Environment (8.0_131-b11) (build 1.8.0_131-b11)
# Java VM: Java HotSpot(TM) 64-Bit Server VM (25.131-b11 mixed mode bsd-amd64 compressed oops)
Heap:
 PSYoungGen      total 360960K, used 20616K [0x0000000795580000, 0x00000007aec00000, 0x00000007c0000000)
  eden space 347648K, 2% used [0x0000000795580000,0x0000000795cbe7c8,0x00000007aa900000)
  from space 13312K, 99% used [0x00000007ab580000,0x00000007ac263958,0x00000007ac280000)
  to   space 34304K, 0% used [0x00000007aca80000,0x00000007aca80000,0x00000007aec00000)
 ParOldGen       total 259072K, used 94708K [0x0000000740000000, 0x000000074fd00000, 0x0000000795580000)
  object space 259072K, 36% used [0x0000000740000000,0x0000000745c7d150,0x000000074fd00000)
 Metaspace       used 91487K, capacity 104962K, committed 105128K, reserved 1138688K
  class space    used 11254K, capacity 14950K, committed 15024K, reserved 1048576K
GC Heap History (10 events):
Event: 10767.213 GC heap before
{Heap before GC invocations=27 (full 4):
 PSYoungGen      total 452096K, used 431145K [0x0000000795580000, 0x00000007b4380000, 0x00000007c0000000)
  eden space 417792K, 100% used [0x0000000795580000,0x00000007aed80000,0x00000007aed80000)
  from space 34304K, 38% used [0x00000007b2200000,0x00000007b2f0a498,0x00000007b4380000)
  to   space 44032K, 0% used [0x00000007aed80000,0x00000007aed80000,0x00000007b1880000)
 ParOldGen       total 259072K, used 94668K [0x0000000740000000, 0x000000074fd00000, 0x0000000795580000)
  object space 259072K, 36% used [0x0000000740000000,0x0000000745c73150,0x000000074fd00000)
 Metaspace       used 90361K, capacity 103940K, committed 103976K, reserved 1138688K
  class space    used 11203K, capacity 14892K, committed 14896K, reserved 1048576K
Event: 10767.512 GC heap after
Heap after GC invocations=27 (full 4):
 PSYoungGen      total 417280K, used 14411K [0x0000000795580000, 0x00000007b3080000, 0x00000007c0000000)
  eden space 402432K, 0% used [0x0000000795580000,0x0000000795580000,0x00000007ade80000)
  from space 14848K, 97% used [0x00000007aed80000,0x00000007afb92c48,0x00000007afc00000)
  to   space 41984K, 0% used [0x00000007b0780000,0x00000007b0780000,0x00000007b3080000)
 ParOldGen       total 259072K, used 94676K [0x0000000740000000, 0x000000074fd00000, 0x0000000795580000)
  object space 259072K, 36% used [0x0000000740000000,0x0000000745c75150,0x000000074fd00000)
 Metaspace       used 90361K, capacity 103940K, committed 103976K, reserved 1138688K
  class space    used 11203K, capacity 14892K, committed 14896K, reserved 1048576K
}
Event: 10819.510 GC heap before
{Heap before GC invocations=28 (full 4):
 PSYoungGen      total 417280K, used 416843K [0x0000000795580000, 0x00000007b3080000, 0x00000007c0000000)
  eden space 402432K, 100% used [0x0000000795580000,0x00000007ade80000,0x00000007ade80000)
  from space 14848K, 97% used [0x00000007aed80000,0x00000007afb92c48,0x00000007afc00000)
  to   space 41984K, 0% used [0x00000007b0780000,0x00000007b0780000,0x00000007b3080000)
 ParOldGen       total 259072K, used 94676K [0x0000000740000000, 0x000000074fd00000, 0x0000000795580000)
  object space 259072K, 36% used [0x0000000740000000,0x0000000745c75150,0x000000074fd00000)
 Metaspace       used 90944K, capacity 104444K, committed 104616K, reserved 1138688K
  class space    used 11231K, capacity 14908K, committed 15024K, reserved 1048576K
Event: 10819.584 GC heap after
Heap after GC invocations=28 (full 4):
 PSYoungGen      total 409600K, used 16261K [0x0000000795580000, 0x00000007b1d00000, 0x00000007c0000000)
  eden space 387584K, 0% used [0x0000000795580000,0x0000000795580000,0x00000007ad000000)
  from space 22016K, 73% used [0x00000007b0780000,0x00000007b1761790,0x00000007b1d00000)
  to   space 39424K, 0% used [0x00000007ad000000,0x00000007ad000000,0x00000007af680000)
 ParOldGen       total 259072K, used 94684K [0x0000000740000000, 0x000000074fd00000, 0x0000000795580000)
  object space 259072K, 36% used [0x0000000740000000,0x0000000745c77150,0x000000074fd00000)
 Metaspace       used 90944K, capacity 104444K, committed 104616K, reserved 1138688K
  class space    used 11231K, capacity 14908K, committed 15024K, reserved 1048576K
}
Event: 12060.409 GC heap before
{Heap before GC invocations=29 (full 4):
 PSYoungGen      total 409600K, used 403845K [0x0000000795580000, 0x00000007b1d00000, 0x00000007c0000000)
  eden space 387584K, 100% used [0x0000000795580000,0x00000007ad000000,0x00000007ad000000)
  from space 22016K, 73% used [0x00000007b0780000,0x00000007b1761790,0x00000007b1d00000)
  to   space 39424K, 0% used [0x00000007ad000000,0x00000007ad000000,0x00000007af680000)
 ParOldGen       total 259072K, used 94684K [0x0000000740000000, 0x000000074fd00000, 0x0000000795580000)
  object space 259072K, 36% used [0x0000000740000000,0x0000000745c77150,0x000000074fd00000)
 Metaspace       used 91120K, capacity 104582K, committed 104872K, reserved 1138688K
  class space    used 11233K, capacity 14909K, committed 15024K, reserved 1048576K
Event: 12060.674 GC heap after
Heap after GC invocations=29 (full 4):
 PSYoungGen      total 391680K, used 17522K [0x0000000795580000, 0x00000007b0b80000, 0x00000007c0000000)
  eden space 373760K, 0% used [0x0000000795580000,0x0000000795580000,0x00000007ac280000)
  from space 17920K, 97% used [0x00000007ad000000,0x00000007ae11ca10,0x00000007ae180000)
  to   space 37376K, 0% used [0x00000007ae700000,0x00000007ae700000,0x00000007b0b80000)
 ParOldGen       total 259072K, used 94692K [0x0000000740000000, 0x000000074fd00000, 0x0000000795580000)
  object space 259072K, 36% used [0x0000000740000000,0x0000000745c79150,0x000000074fd00000)
 Metaspace       used 91120K, capacity 104582K, committed 104872K, reserved 1138688K
  class space    used 11233K, capacity 14909K, committed 15024K, reserved 1048576K
}
Event: 20598.397 GC heap before
{Heap before GC invocations=30 (full 4):
 PSYoungGen      total 391680K, used 391282K [0x0000000795580000, 0x00000007b0b80000, 0x00000007c0000000)
  eden space 373760K, 100% used [0x0000000795580000,0x00000007ac280000,0x00000007ac280000)
  from space 17920K, 97% used [0x00000007ad000000,0x00000007ae11ca10,0x00000007ae180000)
  to   space 37376K, 0% used [0x00000007ae700000,0x00000007ae700000,0x00000007b0b80000)
 ParOldGen       total 259072K, used 94692K [0x0000000740000000, 0x000000074fd00000, 0x0000000795580000)
  object space 259072K, 36% used [0x0000000740000000,0x0000000745c79150,0x000000074fd00000)
 Metaspace       used 91394K, capacity 104834K, committed 105128K, reserved 1138688K
  class space    used 11254K, capacity 14950K, committed 15024K, reserved 1048576K
Event: 20599.324 GC heap after
Heap after GC invocations=30 (full 4):
 PSYoungGen      total 380416K, used 16542K [0x0000000795580000, 0x00000007afa80000, 0x00000007c0000000)
  eden space 360448K, 0% used [0x0000000795580000,0x0000000795580000,0x00000007ab580000)
  from space 19968K, 82% used [0x00000007ae700000,0x00000007af727b28,0x00000007afa80000)
  to   space 35328K, 0% used [0x00000007ab580000,0x00000007ab580000,0x00000007ad800000)
 ParOldGen       total 259072K, used 94700K [0x0000000740000000, 0x000000074fd00000, 0x0000000795580000)
  object space 259072K, 36% used [0x0000000740000000,0x0000000745c7b150,0x000000074fd00000)
 Metaspace       used 91394K, capacity 104834K, committed 105128K, reserved 1138688K
  class space    used 11254K, capacity 14950K, committed 15024K, reserved 1048576K
}
Event: 30766.869 GC heap before
{Heap before GC invocations=31 (full 4):
 PSYoungGen      total 380416K, used 376990K [0x0000000795580000, 0x00000007afa80000, 0x00000007c0000000)
  eden space 360448K, 100% used [0x0000000795580000,0x00000007ab580000,0x00000007ab580000)
  from space 19968K, 82% used [0x00000007ae700000,0x00000007af727b28,0x00000007afa80000)
  to   space 35328K, 0% used [0x00000007ab580000,0x00000007ab580000,0x00000007ad800000)
 ParOldGen       total 259072K, used 94700K [0x0000000740000000, 0x000000074fd00000, 0x0000000795580000)
  object space 259072K, 36% used [0x0000000740000000,0x0000000745c7b150,0x000000074fd00000)
 Metaspace       used 91487K, capacity 104962K, committed 105128K, reserved 1138688K
  class space    used 11254K, capacity 14950K, committed 15024K, reserved 1048576K
Event: 30767.254 GC heap after
Heap after GC invocations=31 (full 4):
 PSYoungGen      total 360960K, used 13198K [0x0000000795580000, 0x00000007aec00000, 0x00000007c0000000)
  eden space 347648K, 0% used [0x0000000795580000,0x0000000795580000,0x00000007aa900000)
  from space 13312K, 99% used [0x00000007ab580000,0x00000007ac263958,0x00000007ac280000)
  to   space 34304K, 0% used [0x00000007aca80000,0x00000007aca80000,0x00000007aec00000)
 ParOldGen       total 259072K, used 94708K [0x0000000740000000, 0x000000074fd00000, 0x0000000795580000)
  object space 259072K, 36% used [0x0000000740000000,0x0000000745c7d150,0x000000074fd00000)
 Metaspace       used 91487K, capacity 104962K, committed 105128K, reserved 1138688K
  class space    used 11254K, capacity 14950K, committed 15024K, reserved 1048576K
}

