# JRE version: Java(TM) SE Runtime Environment (8.0_131-b11) (build 1.8.0_131-b11)
# Java VM: Java HotSpot(TM) 64-Bit Server VM (25.131-b11 mixed mode bsd-amd64 compressed oops)
Heap:
 PSYoungGen      total 333824K, used 13513K [0x00000007aab00000, 0x00000007c0000000, 0x00000007c0000000)
  eden space 321536K, 1% used [0x00000007aab00000,0x00000007aaea0650,0x00000007be500000)
  from space 12288K, 79% used [0x00000007bf400000,0x00000007bfd91e18,0x00000007c0000000)
  to   space 13824K, 0% used [0x00000007be500000,0x00000007be500000,0x00000007bf280000)
 ParOldGen       total 259584K, used 157896K [0x0000000780000000, 0x000000078fd80000, 0x00000007aab00000)
  object space 259584K, 60% used [0x0000000780000000,0x0000000789a320e0,0x000000078fd80000)
 Metaspace       used 130402K, capacity 144788K, committed 145408K, reserved 1173504K
  class space    used 16241K, capacity 20304K, committed 20480K, reserved 1048576K
GC Heap History (10 events):
Event: 133847.387 GC heap before
{Heap before GC invocations=1031 (full 9):
 PSYoungGen      total 338944K, used 335380K [0x00000007aab00000, 0x00000007c0000000, 0x00000007c0000000)
  eden space 329728K, 100% used [0x00000007aab00000,0x00000007bed00000,0x00000007bed00000)
  from space 9216K, 61% used [0x00000007bed00000,0x00000007bf2850f8,0x00000007bf600000)
  to   space 9216K, 0% used [0x00000007bf700000,0x00000007bf700000,0x00000007c0000000)
 ParOldGen       total 259584K, used 154538K [0x0000000780000000, 0x000000078fd80000, 0x00000007aab00000)
  object space 259584K, 59% used [0x0000000780000000,0x00000007896ea8c8,0x000000078fd80000)
 Metaspace       used 130348K, capacity 144694K, committed 145408K, reserved 1173504K
  class space    used 16239K, capacity 20299K, committed 20480K, reserved 1048576K
Event: 133847.649 GC heap after
Heap after GC invocations=1031 (full 9):
 PSYoungGen      total 338944K, used 4897K [0x00000007aab00000, 0x00000007bff00000, 0x00000007c0000000)
  eden space 330752K, 0% used [0x00000007aab00000,0x00000007aab00000,0x00000007bee00000)
  from space 8192K, 59% used [0x00000007bf700000,0x00000007bfbc85d8,0x00000007bff00000)
  to   space 8704K, 0% used [0x00000007bee00000,0x00000007bee00000,0x00000007bf680000)
 ParOldGen       total 259584K, used 155410K [0x0000000780000000, 0x000000078fd80000, 0x00000007aab00000)
  object space 259584K, 59% used [0x0000000780000000,0x00000007897c4a90,0x000000078fd80000)
 Metaspace       used 130348K, capacity 144694K, committed 145408K, reserved 1173504K
  class space    used 16239K, capacity 20299K, committed 20480K, reserved 1048576K
}
Event: 141660.840 GC heap before
{Heap before GC invocations=1032 (full 9):
 PSYoungGen      total 338944K, used 335553K [0x00000007aab00000, 0x00000007bff00000, 0x00000007c0000000)
  eden space 330752K, 99% used [0x00000007aab00000,0x00000007bede80b0,0x00000007bee00000)
  from space 8192K, 59% used [0x00000007bf700000,0x00000007bfbc85d8,0x00000007bff00000)
  to   space 8704K, 0% used [0x00000007bee00000,0x00000007bee00000,0x00000007bf680000)
 ParOldGen       total 259584K, used 155410K [0x0000000780000000, 0x000000078fd80000, 0x00000007aab00000)
  object space 259584K, 59% used [0x0000000780000000,0x00000007897c4a90,0x000000078fd80000)
 Metaspace       used 130366K, capacity 144706K, committed 145408K, reserved 1173504K
  class space    used 16240K, capacity 20301K, committed 20480K, reserved 1048576K
Event: 141661.048 GC heap after
Heap after GC invocations=1032 (full 9):
 PSYoungGen      total 339456K, used 8702K [0x00000007aab00000, 0x00000007c0000000, 0x00000007c0000000)
  eden space 330752K, 0% used [0x00000007aab00000,0x00000007aab00000,0x00000007bee00000)
  from space 8704K, 99% used [0x00000007bee00000,0x00000007bf67f858,0x00000007bf680000)
  to   space 9728K, 0% used [0x00000007bf680000,0x00000007bf680000,0x00000007c0000000)
 ParOldGen       total 259584K, used 156218K [0x0000000780000000, 0x000000078fd80000, 0x00000007aab00000)
  object space 259584K, 60% used [0x0000000780000000,0x000000078988ea90,0x000000078fd80000)
 Metaspace       used 130366K, capacity 144706K, committed 145408K, reserved 1173504K
  class space    used 16240K, capacity 20301K, committed 20480K, reserved 1048576K
}
Event: 142301.712 GC heap before
{Heap before GC invocations=1033 (full 9):
 PSYoungGen      total 339456K, used 339454K [0x00000007aab00000, 0x00000007c0000000, 0x00000007c0000000)
  eden space 330752K, 100% used [0x00000007aab00000,0x00000007bee00000,0x00000007bee00000)
  from space 8704K, 99% used [0x00000007bee00000,0x00000007bf67f858,0x00000007bf680000)
  to   space 9728K, 0% used [0x00000007bf680000,0x00000007bf680000,0x00000007c0000000)
 ParOldGen       total 259584K, used 156218K [0x0000000780000000, 0x000000078fd80000, 0x00000007aab00000)
  object space 259584K, 60% used [0x0000000780000000,0x000000078988ea90,0x000000078fd80000)
 Metaspace       used 130399K, capacity 144788K, committed 145408K, reserved 1173504K
  class space    used 16241K, capacity 20304K, committed 20480K, reserved 1048576K
Event: 142301.836 GC heap after
Heap after GC invocations=1033 (full 9):
 PSYoungGen      total 335360K, used 9697K [0x00000007aab00000, 0x00000007c0000000, 0x00000007c0000000)
  eden space 325632K, 0% used [0x00000007aab00000,0x00000007aab00000,0x00000007be900000)
  from space 9728K, 99% used [0x00000007bf680000,0x00000007bfff8500,0x00000007c0000000)
  to   space 11776K, 0% used [0x00000007be900000,0x00000007be900000,0x00000007bf480000)
 ParOldGen       total 259584K, used 157784K [0x0000000780000000, 0x000000078fd80000, 0x00000007aab00000)
  object space 259584K, 60% used [0x0000000780000000,0x0000000789a160e0,0x000000078fd80000)
 Metaspace       used 130399K, capacity 144788K, committed 145408K, reserved 1173504K
  class space    used 16241K, capacity 20304K, committed 20480K, reserved 1048576K
}
Event: 142551.429 GC heap before
{Heap before GC invocations=1034 (full 9):
 PSYoungGen      total 335360K, used 335329K [0x00000007aab00000, 0x00000007c0000000, 0x00000007c0000000)
  eden space 325632K, 100% used [0x00000007aab00000,0x00000007be900000,0x00000007be900000)
  from space 9728K, 99% used [0x00000007bf680000,0x00000007bfff8500,0x00000007c0000000)
  to   space 11776K, 0% used [0x00000007be900000,0x00000007be900000,0x00000007bf480000)
 ParOldGen       total 259584K, used 157784K [0x0000000780000000, 0x000000078fd80000, 0x00000007aab00000)
  object space 259584K, 60% used [0x0000000780000000,0x0000000789a160e0,0x000000078fd80000)
 Metaspace       used 130399K, capacity 144788K, committed 145408K, reserved 1173504K
  class space    used 16241K, capacity 20304K, committed 20480K, reserved 1048576K
Event: 142551.448 GC heap after
Heap after GC invocations=1034 (full 9):
 PSYoungGen      total 336896K, used 11099K [0x00000007aab00000, 0x00000007c0000000, 0x00000007c0000000)
  eden space 325632K, 0% used [0x00000007aab00000,0x00000007aab00000,0x00000007be900000)
  from space 11264K, 98% used [0x00000007be900000,0x00000007bf3d6ee0,0x00000007bf400000)
  to   space 12288K, 0% used [0x00000007bf400000,0x00000007bf400000,0x00000007c0000000)
 ParOldGen       total 259584K, used 157896K [0x0000000780000000, 0x000000078fd80000, 0x00000007aab00000)
  object space 259584K, 60% used [0x0000000780000000,0x0000000789a320e0,0x000000078fd80000)
 Metaspace       used 130399K, capacity 144788K, committed 145408K, reserved 1173504K
  class space    used 16241K, capacity 20304K, committed 20480K, reserved 1048576K
}
Event: 158505.385 GC heap before
{Heap before GC invocations=1035 (full 9):
 PSYoungGen      total 336896K, used 336731K [0x00000007aab00000, 0x00000007c0000000, 0x00000007c0000000)
  eden space 325632K, 100% used [0x00000007aab00000,0x00000007be900000,0x00000007be900000)
  from space 11264K, 98% used [0x00000007be900000,0x00000007bf3d6ee0,0x00000007bf400000)
  to   space 12288K, 0% used [0x00000007bf400000,0x00000007bf400000,0x00000007c0000000)
 ParOldGen       total 259584K, used 157896K [0x0000000780000000, 0x000000078fd80000, 0x00000007aab00000)
  object space 259584K, 60% used [0x0000000780000000,0x0000000789a320e0,0x000000078fd80000)
 Metaspace       used 130402K, capacity 144788K, committed 145408K, reserved 1173504K
  class space    used 16241K, capacity 20304K, committed 20480K, reserved 1048576K
Event: 158505.551 GC heap after
Heap after GC invocations=1035 (full 9):
 PSYoungGen      total 333824K, used 9799K [0x00000007aab00000, 0x00000007c0000000, 0x00000007c0000000)
  eden space 321536K, 0% used [0x00000007aab00000,0x00000007aab00000,0x00000007be500000)
  from space 12288K, 79% used [0x00000007bf400000,0x00000007bfd91e18,0x00000007c0000000)
  to   space 13824K, 0% used [0x00000007be500000,0x00000007be500000,0x00000007bf280000)
 ParOldGen       total 259584K, used 157896K [0x0000000780000000, 0x000000078fd80000, 0x00000007aab00000)
  object space 259584K, 60% used [0x0000000780000000,0x0000000789a320e0,0x000000078fd80000)
 Metaspace       used 130402K, capacity 144788K, committed 145408K, reserved 1173504K
  class space    used 16241K, capacity 20304K, committed 20480K, reserved 1048576K
}

