# JRE version: Java(TM) SE Runtime Environment (8.0_131-b11) (build 1.8.0_131-b11)
# Java VM: Java HotSpot(TM) 64-Bit Server VM (25.131-b11 mixed mode bsd-amd64 compressed oops)
Heap:
 PSYoungGen      total 619520K, used 40951K [0x0000000795580000, 0x00000007bed00000, 0x00000007c0000000)
  eden space 592896K, 2% used [0x0000000795580000,0x00000007963ab1c8,0x00000007b9880000)
  from space 26624K, 99% used [0x00000007bd300000,0x00000007becd2ac8,0x00000007bed00000)
  to   space 34816K, 0% used [0x00000007ba900000,0x00000007ba900000,0x00000007bcb00000)
 ParOldGen       total 389632K, used 365394K [0x0000000740000000, 0x0000000757c80000, 0x0000000795580000)
  object space 389632K, 93% used [0x0000000740000000,0x00000007564d4ae0,0x0000000757c80000)
 Metaspace       used 154928K, capacity 177804K, committed 178072K, reserved 1202176K
  class space    used 18465K, capacity 24392K, committed 24488K, reserved 1048576K
GC Heap History (10 events):
Event: 63415.656 GC heap before
{Heap before GC invocations=243 (full 5):
 PSYoungGen      total 637440K, used 637088K [0x0000000795580000, 0x00000007bf600000, 0x00000007c0000000)
  eden space 614400K, 100% used [0x0000000795580000,0x00000007bad80000,0x00000007bad80000)
  from space 23040K, 98% used [0x00000007bad80000,0x00000007bc3a83c8,0x00000007bc400000)
  to   space 36864K, 0% used [0x00000007bd200000,0x00000007bd200000,0x00000007bf600000)
 ParOldGen       total 389632K, used 363175K [0x0000000740000000, 0x0000000757c80000, 0x0000000795580000)
  object space 389632K, 93% used [0x0000000740000000,0x00000007562a9db0,0x0000000757c80000)
 Metaspace       used 154900K, capacity 177804K, committed 178072K, reserved 1202176K
  class space    used 18465K, capacity 24392K, committed 24488K, reserved 1048576K
Event: 63415.858 GC heap after
Heap after GC invocations=243 (full 5):
 PSYoungGen      total 651776K, used 21177K [0x0000000795580000, 0x00000007bf580000, 0x00000007c0000000)
  eden space 615424K, 0% used [0x0000000795580000,0x0000000795580000,0x00000007bae80000)
  from space 36352K, 58% used [0x00000007bd200000,0x00000007be6ae538,0x00000007bf580000)
  to   space 36352K, 0% used [0x00000007bae80000,0x00000007bae80000,0x00000007bd200000)
 ParOldGen       total 389632K, used 363543K [0x0000000740000000, 0x0000000757c80000, 0x0000000795580000)
  object space 389632K, 93% used [0x0000000740000000,0x0000000756305f70,0x0000000757c80000)
 Metaspace       used 154900K, capacity 177804K, committed 178072K, reserved 1202176K
  class space    used 18465K, capacity 24392K, committed 24488K, reserved 1048576K
}
Event: 63563.358 GC heap before
{Heap before GC invocations=244 (full 5):
 PSYoungGen      total 651776K, used 636601K [0x0000000795580000, 0x00000007bf580000, 0x00000007c0000000)
  eden space 615424K, 100% used [0x0000000795580000,0x00000007bae80000,0x00000007bae80000)
  from space 36352K, 58% used [0x00000007bd200000,0x00000007be6ae538,0x00000007bf580000)
  to   space 36352K, 0% used [0x00000007bae80000,0x00000007bae80000,0x00000007bd200000)
 ParOldGen       total 389632K, used 363543K [0x0000000740000000, 0x0000000757c80000, 0x0000000795580000)
  object space 389632K, 93% used [0x0000000740000000,0x0000000756305f70,0x0000000757c80000)
 Metaspace       used 154902K, capacity 177804K, committed 178072K, reserved 1202176K
  class space    used 18465K, capacity 24392K, committed 24488K, reserved 1048576K
Event: 63563.391 GC heap after
Heap after GC invocations=244 (full 5):
 PSYoungGen      total 651776K, used 21041K [0x0000000795580000, 0x00000007bf580000, 0x00000007c0000000)
  eden space 615424K, 0% used [0x0000000795580000,0x0000000795580000,0x00000007bae80000)
  from space 36352K, 57% used [0x00000007bae80000,0x00000007bc30c570,0x00000007bd200000)
  to   space 35840K, 0% used [0x00000007bd280000,0x00000007bd280000,0x00000007bf580000)
 ParOldGen       total 389632K, used 363855K [0x0000000740000000, 0x0000000757c80000, 0x0000000795580000)
  object space 389632K, 93% used [0x0000000740000000,0x0000000756353f70,0x0000000757c80000)
 Metaspace       used 154902K, capacity 177804K, committed 178072K, reserved 1202176K
  class space    used 18465K, capacity 24392K, committed 24488K, reserved 1048576K
}
Event: 63611.348 GC heap before
{Heap before GC invocations=245 (full 5):
 PSYoungGen      total 651776K, used 636465K [0x0000000795580000, 0x00000007bf580000, 0x00000007c0000000)
  eden space 615424K, 100% used [0x0000000795580000,0x00000007bae80000,0x00000007bae80000)
  from space 36352K, 57% used [0x00000007bae80000,0x00000007bc30c570,0x00000007bd200000)
  to   space 35840K, 0% used [0x00000007bd280000,0x00000007bd280000,0x00000007bf580000)
 ParOldGen       total 389632K, used 363855K [0x0000000740000000, 0x0000000757c80000, 0x0000000795580000)
  object space 389632K, 93% used [0x0000000740000000,0x0000000756353f70,0x0000000757c80000)
 Metaspace       used 154904K, capacity 177804K, committed 178072K, reserved 1202176K
  class space    used 18465K, capacity 24392K, committed 24488K, reserved 1048576K
Event: 63611.382 GC heap after
Heap after GC invocations=245 (full 5):
 PSYoungGen      total 652288K, used 20741K [0x0000000795580000, 0x00000007bf500000, 0x00000007c0000000)
  eden space 616960K, 0% used [0x0000000795580000,0x0000000795580000,0x00000007bb000000)
  from space 35328K, 58% used [0x00000007bd280000,0x00000007be6c16a0,0x00000007bf500000)
  to   space 35328K, 0% used [0x00000007bb000000,0x00000007bb000000,0x00000007bd280000)
 ParOldGen       total 389632K, used 364327K [0x0000000740000000, 0x0000000757c80000, 0x0000000795580000)
  object space 389632K, 93% used [0x0000000740000000,0x00000007563c9f70,0x0000000757c80000)
 Metaspace       used 154904K, capacity 177804K, committed 178072K, reserved 1202176K
  class space    used 18465K, capacity 24392K, committed 24488K, reserved 1048576K
}
Event: 67082.531 GC heap before
{Heap before GC invocations=246 (full 5):
 PSYoungGen      total 652288K, used 637701K [0x0000000795580000, 0x00000007bf500000, 0x00000007c0000000)
  eden space 616960K, 100% used [0x0000000795580000,0x00000007bb000000,0x00000007bb000000)
  from space 35328K, 58% used [0x00000007bd280000,0x00000007be6c16a0,0x00000007bf500000)
  to   space 35328K, 0% used [0x00000007bb000000,0x00000007bb000000,0x00000007bd280000)
 ParOldGen       total 389632K, used 364327K [0x0000000740000000, 0x0000000757c80000, 0x0000000795580000)
  object space 389632K, 93% used [0x0000000740000000,0x00000007563c9f70,0x0000000757c80000)
 Metaspace       used 154924K, capacity 177804K, committed 178072K, reserved 1202176K
  class space    used 18465K, capacity 24392K, committed 24488K, reserved 1048576K
Event: 67082.729 GC heap after
Heap after GC invocations=246 (full 5):
 PSYoungGen      total 652288K, used 21521K [0x0000000795580000, 0x00000007bf500000, 0x00000007c0000000)
  eden space 616960K, 0% used [0x0000000795580000,0x0000000795580000,0x00000007bb000000)
  from space 35328K, 60% used [0x00000007bb000000,0x00000007bc504698,0x00000007bd280000)
  to   space 34816K, 0% used [0x00000007bd300000,0x00000007bd300000,0x00000007bf500000)
 ParOldGen       total 389632K, used 364615K [0x0000000740000000, 0x0000000757c80000, 0x0000000795580000)
  object space 389632K, 93% used [0x0000000740000000,0x0000000756411f70,0x0000000757c80000)
 Metaspace       used 154924K, capacity 177804K, committed 178072K, reserved 1202176K
  class space    used 18465K, capacity 24392K, committed 24488K, reserved 1048576K
}
Event: 74445.633 GC heap before
{Heap before GC invocations=247 (full 5):
 PSYoungGen      total 652288K, used 638481K [0x0000000795580000, 0x00000007bf500000, 0x00000007c0000000)
  eden space 616960K, 100% used [0x0000000795580000,0x00000007bb000000,0x00000007bb000000)
  from space 35328K, 60% used [0x00000007bb000000,0x00000007bc504698,0x00000007bd280000)
  to   space 34816K, 0% used [0x00000007bd300000,0x00000007bd300000,0x00000007bf500000)
 ParOldGen       total 389632K, used 364615K [0x0000000740000000, 0x0000000757c80000, 0x0000000795580000)
  object space 389632K, 93% used [0x0000000740000000,0x0000000756411f70,0x0000000757c80000)
 Metaspace       used 154928K, capacity 177804K, committed 178072K, reserved 1202176K
  class space    used 18465K, capacity 24392K, committed 24488K, reserved 1048576K
Event: 74446.351 GC heap after
Heap after GC invocations=247 (full 5):
 PSYoungGen      total 619520K, used 26442K [0x0000000795580000, 0x00000007bed00000, 0x00000007c0000000)
  eden space 592896K, 0% used [0x0000000795580000,0x0000000795580000,0x00000007b9880000)
  from space 26624K, 99% used [0x00000007bd300000,0x00000007becd2ac8,0x00000007bed00000)
  to   space 34816K, 0% used [0x00000007ba900000,0x00000007ba900000,0x00000007bcb00000)
 ParOldGen       total 389632K, used 365394K [0x0000000740000000, 0x0000000757c80000, 0x0000000795580000)
  object space 389632K, 93% used [0x0000000740000000,0x00000007564d4ae0,0x0000000757c80000)
 Metaspace       used 154928K, capacity 177804K, committed 178072K, reserved 1202176K
  class space    used 18465K, capacity 24392K, committed 24488K, reserved 1048576K
}

