# JRE version: Java(TM) SE Runtime Environment (8.0_131-b11) (build 1.8.0_131-b11)
# Java VM: Java HotSpot(TM) 64-Bit Server VM (25.131-b11 mixed mode bsd-amd64 compressed oops)
Heap:
 PSYoungGen      total 60416K, used 5287K [0x0000000795580000, 0x0000000799700000, 0x00000007c0000000)
  eden space 54784K, 4% used [0x0000000795580000,0x00000007957e6f70,0x0000000798b00000)
  from space 5632K, 50% used [0x0000000799180000,0x0000000799442ed8,0x0000000799700000)
  to   space 6144K, 0% used [0x0000000798b00000,0x0000000798b00000,0x0000000799100000)
 ParOldGen       total 283648K, used 135565K [0x0000000740000000, 0x0000000751500000, 0x0000000795580000)
  object space 283648K, 47% used [0x0000000740000000,0x0000000748463470,0x0000000751500000)
 Metaspace       used 107547K, capacity 121713K, committed 122024K, reserved 1155072K
  class space    used 12908K, capacity 16765K, committed 16816K, reserved 1048576K
GC Heap History (10 events):
Event: 59189.505 GC heap before
{Heap before GC invocations=156 (full 4):
 PSYoungGen      total 60416K, used 60231K [0x0000000795580000, 0x0000000799b80000, 0x00000007c0000000)
  eden space 57344K, 100% used [0x0000000795580000,0x0000000798d80000,0x0000000798d80000)
  from space 3072K, 93% used [0x0000000798e00000,0x00000007990d1de8,0x0000000799100000)
  to   space 7168K, 0% used [0x0000000799480000,0x0000000799480000,0x0000000799b80000)
 ParOldGen       total 283648K, used 135273K [0x0000000740000000, 0x0000000751500000, 0x0000000795580000)
  object space 283648K, 47% used [0x0000000740000000,0x000000074841a600,0x0000000751500000)
 Metaspace       used 107541K, capacity 121713K, committed 122024K, reserved 1155072K
  class space    used 12908K, capacity 16765K, committed 16816K, reserved 1048576K
Event: 59189.740 GC heap after
Heap after GC invocations=156 (full 4):
 PSYoungGen      total 62464K, used 2919K [0x0000000795580000, 0x0000000799a00000, 0x00000007c0000000)
  eden space 56832K, 0% used [0x0000000795580000,0x0000000795580000,0x0000000798d00000)
  from space 5632K, 51% used [0x0000000799480000,0x0000000799759dc0,0x0000000799a00000)
  to   space 6656K, 0% used [0x0000000798d00000,0x0000000798d00000,0x0000000799380000)
 ParOldGen       total 283648K, used 135289K [0x0000000740000000, 0x0000000751500000, 0x0000000795580000)
  object space 283648K, 47% used [0x0000000740000000,0x000000074841e600,0x0000000751500000)
 Metaspace       used 107541K, capacity 121713K, committed 122024K, reserved 1155072K
  class space    used 12908K, capacity 16765K, committed 16816K, reserved 1048576K
}
Event: 60689.991 GC heap before
{Heap before GC invocations=157 (full 4):
 PSYoungGen      total 62464K, used 59751K [0x0000000795580000, 0x0000000799a00000, 0x00000007c0000000)
  eden space 56832K, 100% used [0x0000000795580000,0x0000000798d00000,0x0000000798d00000)
  from space 5632K, 51% used [0x0000000799480000,0x0000000799759dc0,0x0000000799a00000)
  to   space 6656K, 0% used [0x0000000798d00000,0x0000000798d00000,0x0000000799380000)
 ParOldGen       total 283648K, used 135289K [0x0000000740000000, 0x0000000751500000, 0x0000000795580000)
  object space 283648K, 47% used [0x0000000740000000,0x000000074841e600,0x0000000751500000)
 Metaspace       used 107541K, capacity 121713K, committed 122024K, reserved 1155072K
  class space    used 12908K, capacity 16765K, committed 16816K, reserved 1048576K
Event: 60690.159 GC heap after
Heap after GC invocations=157 (full 4):
 PSYoungGen      total 59392K, used 2983K [0x0000000795580000, 0x0000000799980000, 0x00000007c0000000)
  eden space 56320K, 0% used [0x0000000795580000,0x0000000795580000,0x0000000798c80000)
  from space 3072K, 97% used [0x0000000798d00000,0x0000000798fe9dc0,0x0000000799000000)
  to   space 6656K, 0% used [0x0000000799300000,0x0000000799300000,0x0000000799980000)
 ParOldGen       total 283648K, used 135337K [0x0000000740000000, 0x0000000751500000, 0x0000000795580000)
  object space 283648K, 47% used [0x0000000740000000,0x000000074842a600,0x0000000751500000)
 Metaspace       used 107541K, capacity 121713K, committed 122024K, reserved 1155072K
  class space    used 12908K, capacity 16765K, committed 16816K, reserved 1048576K
}
Event: 62529.106 GC heap before
{Heap before GC invocations=158 (full 4):
 PSYoungGen      total 59392K, used 59303K [0x0000000795580000, 0x0000000799980000, 0x00000007c0000000)
  eden space 56320K, 100% used [0x0000000795580000,0x0000000798c80000,0x0000000798c80000)
  from space 3072K, 97% used [0x0000000798d00000,0x0000000798fe9dc0,0x0000000799000000)
  to   space 6656K, 0% used [0x0000000799300000,0x0000000799300000,0x0000000799980000)
 ParOldGen       total 283648K, used 135337K [0x0000000740000000, 0x0000000751500000, 0x0000000795580000)
  object space 283648K, 47% used [0x0000000740000000,0x000000074842a600,0x0000000751500000)
 Metaspace       used 107541K, capacity 121713K, committed 122024K, reserved 1155072K
  class space    used 12908K, capacity 16765K, committed 16816K, reserved 1048576K
Event: 62529.279 GC heap after
Heap after GC invocations=158 (full 4):
 PSYoungGen      total 60928K, used 2894K [0x0000000795580000, 0x0000000799800000, 0x00000007c0000000)
  eden space 55808K, 0% used [0x0000000795580000,0x0000000795580000,0x0000000798c00000)
  from space 5120K, 56% used [0x0000000799300000,0x00000007995d38e0,0x0000000799800000)
  to   space 6144K, 0% used [0x0000000798c00000,0x0000000798c00000,0x0000000799200000)
 ParOldGen       total 283648K, used 135361K [0x0000000740000000, 0x0000000751500000, 0x0000000795580000)
  object space 283648K, 47% used [0x0000000740000000,0x0000000748430600,0x0000000751500000)
 Metaspace       used 107541K, capacity 121713K, committed 122024K, reserved 1155072K
  class space    used 12908K, capacity 16765K, committed 16816K, reserved 1048576K
}
Event: 64081.961 GC heap before
{Heap before GC invocations=159 (full 4):
 PSYoungGen      total 60928K, used 58702K [0x0000000795580000, 0x0000000799800000, 0x00000007c0000000)
  eden space 55808K, 100% used [0x0000000795580000,0x0000000798c00000,0x0000000798c00000)
  from space 5120K, 56% used [0x0000000799300000,0x00000007995d38e0,0x0000000799800000)
  to   space 6144K, 0% used [0x0000000798c00000,0x0000000798c00000,0x0000000799200000)
 ParOldGen       total 283648K, used 135361K [0x0000000740000000, 0x0000000751500000, 0x0000000795580000)
  object space 283648K, 47% used [0x0000000740000000,0x0000000748430600,0x0000000751500000)
 Metaspace       used 107542K, capacity 121713K, committed 122024K, reserved 1155072K
  class space    used 12908K, capacity 16765K, committed 16816K, reserved 1048576K
Event: 64082.185 GC heap after
Heap after GC invocations=159 (full 4):
 PSYoungGen      total 58368K, used 3067K [0x0000000795580000, 0x0000000799780000, 0x00000007c0000000)
  eden space 55296K, 0% used [0x0000000795580000,0x0000000795580000,0x0000000798b80000)
  from space 3072K, 99% used [0x0000000798c00000,0x0000000798efec58,0x0000000798f00000)
  to   space 6144K, 0% used [0x0000000799180000,0x0000000799180000,0x0000000799780000)
 ParOldGen       total 283648K, used 135377K [0x0000000740000000, 0x0000000751500000, 0x0000000795580000)
  object space 283648K, 47% used [0x0000000740000000,0x0000000748434600,0x0000000751500000)
 Metaspace       used 107542K, capacity 121713K, committed 122024K, reserved 1155072K
  class space    used 12908K, capacity 16765K, committed 16816K, reserved 1048576K
}
Event: 66608.537 GC heap before
{Heap before GC invocations=160 (full 4):
 PSYoungGen      total 58368K, used 58363K [0x0000000795580000, 0x0000000799780000, 0x00000007c0000000)
  eden space 55296K, 100% used [0x0000000795580000,0x0000000798b80000,0x0000000798b80000)
  from space 3072K, 99% used [0x0000000798c00000,0x0000000798efec58,0x0000000798f00000)
  to   space 6144K, 0% used [0x0000000799180000,0x0000000799180000,0x0000000799780000)
 ParOldGen       total 283648K, used 135377K [0x0000000740000000, 0x0000000751500000, 0x0000000795580000)
  object space 283648K, 47% used [0x0000000740000000,0x0000000748434600,0x0000000751500000)
 Metaspace       used 107547K, capacity 121713K, committed 122024K, reserved 1155072K
  class space    used 12908K, capacity 16765K, committed 16816K, reserved 1048576K
Event: 66608.676 GC heap after
Heap after GC invocations=160 (full 4):
 PSYoungGen      total 60416K, used 2827K [0x0000000795580000, 0x0000000799700000, 0x00000007c0000000)
  eden space 54784K, 0% used [0x0000000795580000,0x0000000795580000,0x0000000798b00000)
  from space 5632K, 50% used [0x0000000799180000,0x0000000799442ed8,0x0000000799700000)
  to   space 6144K, 0% used [0x0000000798b00000,0x0000000798b00000,0x0000000799100000)
 ParOldGen       total 283648K, used 135565K [0x0000000740000000, 0x0000000751500000, 0x0000000795580000)
  object space 283648K, 47% used [0x0000000740000000,0x0000000748463470,0x0000000751500000)
 Metaspace       used 107547K, capacity 121713K, committed 122024K, reserved 1155072K
  class space    used 12908K, capacity 16765K, committed 16816K, reserved 1048576K
}

